TN:
SF:/proj/plasma/CODE/ert/fortplotlib/src/fortplot_stb_truetype.f90
FN:128,__fortplot_stb_truetype_MOD_stb_init_font
FNDA:74,__fortplot_stb_truetype_MOD_stb_init_font
FN:148,__fortplot_stb_truetype_MOD_stb_cleanup_font
FNDA:22,__fortplot_stb_truetype_MOD_stb_cleanup_font
FN:163,__fortplot_stb_truetype_MOD_stb_scale_for_pixel_height
FNDA:64,__fortplot_stb_truetype_MOD_stb_scale_for_pixel_height
FN:178,__fortplot_stb_truetype_MOD_stb_get_font_vmetrics
FNDA:1208,__fortplot_stb_truetype_MOD_stb_get_font_vmetrics
FN:199,__fortplot_stb_truetype_MOD_stb_get_codepoint_hmetrics
FNDA:9778,__fortplot_stb_truetype_MOD_stb_get_codepoint_hmetrics
FN:219,__fortplot_stb_truetype_MOD_stb_find_glyph_index
FNDA:2,__fortplot_stb_truetype_MOD_stb_find_glyph_index
FN:234,__fortplot_stb_truetype_MOD_stb_get_codepoint_bitmap_box
FNDA:2,__fortplot_stb_truetype_MOD_stb_get_codepoint_bitmap_box
FN:256,__fortplot_stb_truetype_MOD_stb_get_codepoint_bitmap
FNDA:4004,__fortplot_stb_truetype_MOD_stb_get_codepoint_bitmap
FN:281,__fortplot_stb_truetype_MOD_stb_make_codepoint_bitmap
FNDA:0,__fortplot_stb_truetype_MOD_stb_make_codepoint_bitmap
FN:298,__fortplot_stb_truetype_MOD_stb_free_bitmap
FNDA:3802,__fortplot_stb_truetype_MOD_stb_free_bitmap
FN:308,__fortplot_stb_truetype_MOD___copy_fortplot_stb_truetype_Stb_fontinfo_t
FNDA:0,__fortplot_stb_truetype_MOD___copy_fortplot_stb_truetype_Stb_fontinfo_t
DA:128,74
DA:136,74
DA:137,74
DA:138,74
DA:139,74
DA:142,74
DA:144,74
DA:146,148
DA:148,22
DA:152,22
DA:153,22
DA:156,22
DA:157,22
DA:158,22
DA:159,22
DA:161,22
DA:163,64
DA:169,64
DA:170,0
DA:171,0
DA:174,64
DA:176,64
DA:178,2416
DA:184,1208
DA:185,0
DA:186,0
DA:187,0
DA:188,0
DA:191,1208
DA:193,1208
DA:194,1208
DA:195,1208
DA:199,19556
DA:206,9778
DA:207,0
DA:208,0
DA:209,0
DA:212,9778
DA:214,9778
DA:215,9778
DA:219,2
DA:225,2
DA:226,0
DA:227,0
DA:230,2
DA:232,2
DA:234,4
DA:242,2
DA:243,0
DA:244,0
DA:249,2
DA:251,2
DA:252,2
DA:256,4004
DA:265,4004
DA:266,0
DA:267,0
DA:268,0
DA:274,4004
DA:276,4004
DA:277,4004
DA:279,4004
DA:281,0
DA:289,0
DA:294,0
DA:298,3802
DA:302,3802
DA:303,3802
DA:306,3802
DA:308,0
end_of_record
TN:
SF:/proj/plasma/CODE/ert/fortplotlib/src/fortplot_markers.f90
FN:24,__fortplot_markers_MOD_get_marker_size
FNDA:27802,__fortplot_markers_MOD_get_marker_size
DA:24,27802
DA:30,4
DA:32,4
DA:34,0
DA:36,0
DA:38,0
DA:40,27806
DA:42,55604
end_of_record
TN:
SF:/proj/plasma/CODE/ert/fortplotlib/src/fortplot_margins.f90
FN:20,__fortplot_margins_MOD_get_axis_tick_positions
FNDA:84,__fortplot_margins_MOD_get_axis_tick_positions
FN:49,__fortplot_margins_MOD_draw_basic_axes_frame
FNDA:0,__fortplot_margins_MOD_draw_basic_axes_frame
DA:20,84
DA:21,84
DA:31,84
DA:32,84
DA:34,84
DA:35,84
DA:36,504
DA:37,504
DA:41,84
DA:42,84
DA:43,504
DA:44,504
DA:47,84
DA:49,0
DA:62,0
DA:63,0
DA:64,0
DA:65,0
DA:68,0
DA:69,0
DA:70,0
DA:71,0
DA:72,0
end_of_record
TN:
SF:/proj/plasma/CODE/ert/fortplotlib/src/fortplot_layout.f90
FN:31,__fortplot_layout_MOD_calculate_plot_area
FNDA:150,__fortplot_layout_MOD_calculate_plot_area
FN:52,__fortplot_layout_MOD___copy_fortplot_layout_Plot_area_t
FNDA:0,__fortplot_layout_MOD___copy_fortplot_layout_Plot_area_t
FN:52,__fortplot_layout_MOD___copy_fortplot_layout_Plot_margins_t
FNDA:0,__fortplot_layout_MOD___copy_fortplot_layout_Plot_margins_t
DA:31,150
DA:41,150
DA:42,150
DA:43,150
DA:47,150
DA:48,150
DA:49,150
DA:50,150
DA:52,0
DA:52,0
end_of_record
TN:
SF:/proj/plasma/CODE/ert/fortplotlib/src/fortplot_label_positioning.f90
FN:34,__fortplot_label_positioning_MOD_calculate_x_label_position
FNDA:10,__fortplot_label_positioning_MOD_calculate_x_label_position
FN:58,__fortplot_label_positioning_MOD_calculate_y_label_position
FNDA:6,__fortplot_label_positioning_MOD_calculate_y_label_position
FN:85,__fortplot_label_positioning_MOD_calculate_x_tick_label_position
FNDA:414,__fortplot_label_positioning_MOD_calculate_x_tick_label_position
FN:123,__fortplot_label_positioning_MOD_calculate_y_tick_label_position
FNDA:414,__fortplot_label_positioning_MOD_calculate_y_tick_label_position
FN:162,__fortplot_label_positioning_MOD_calculate_x_axis_label_position
FNDA:36,__fortplot_label_positioning_MOD_calculate_x_axis_label_position
FN:183,__fortplot_label_positioning_MOD_calculate_y_axis_label_position
FNDA:68,__fortplot_label_positioning_MOD_calculate_y_axis_label_position
FN:214,__fortplot_label_positioning_MOD_calculate_x_tick_label_position_pdf
FNDA:10,__fortplot_label_positioning_MOD_calculate_x_tick_label_position_pdf
FN:255,__fortplot_label_positioning_MOD_calculate_y_tick_label_position_pdf
FNDA:10,__fortplot_label_positioning_MOD_calculate_y_tick_label_position_pdf
DA:34,10
DA:42,10
DA:45,10
DA:47,0
DA:48,0
DA:52,10
DA:55,10
DA:56,10
DA:58,6
DA:66,6
DA:69,6
DA:71,0
DA:72,0
DA:77,6
DA:82,6
DA:83,6
DA:85,828
DA:96,414
DA:97,414
DA:98,34
DA:99,34
DA:103,414
DA:106,414
DA:109,414
DA:111,414
DA:113,414
DA:116,414
DA:119,0
DA:121,414
DA:123,828
DA:134,414
DA:135,414
DA:136,26
DA:137,26
DA:141,414
DA:144,414
DA:146,414
DA:154,414
DA:155,414
DA:158,0
DA:160,414
DA:162,36
DA:170,36
DA:171,36
DA:172,0
DA:173,0
DA:177,36
DA:180,36
DA:181,36
DA:183,68
DA:191,68
DA:192,68
DA:193,0
DA:194,0
DA:199,68
DA:202,68
DA:205,68
DA:207,56
DA:211,68
DA:212,68
DA:214,20
DA:225,10
DA:226,10
DA:227,0
DA:228,0
DA:232,10
DA:235,10
DA:238,10
DA:240,10
DA:242,10
DA:248,10
DA:251,0
DA:253,10
DA:255,20
DA:266,10
DA:267,10
DA:268,0
DA:269,0
DA:273,10
DA:276,10
DA:278,10
DA:286,10
DA:287,10
DA:290,0
DA:292,10
end_of_record
TN:
SF:/proj/plasma/CODE/ert/fortplotlib/src/fortplot_context.f90
FN:85,__fortplot_context_MOD_setup_canvas
FNDA:282,__fortplot_context_MOD_setup_canvas
DA:85,282
DA:89,282
DA:90,282
DA:91,282
DA:92,282
DA:93,282
DA:94,282
DA:95,282
end_of_record
TN:
SF:/proj/plasma/CODE/ert/fortplotlib/src/fortplot_ticks.f90
FN:23,__fortplot_ticks_MOD_calculate_tick_labels
FNDA:242,__fortplot_ticks_MOD_calculate_tick_labels
FN:55,__fortplot_ticks_MOD_format_tick_value
FNDA:302,__fortplot_ticks_MOD_format_tick_value
FN:86,__fortplot_ticks_MOD_calculate_tick_labels_log
FNDA:34,__fortplot_ticks_MOD_calculate_tick_labels_log
FN:95,__fortplot_ticks_MOD_calculate_tick_labels_symlog
FNDA:22,__fortplot_ticks_MOD_calculate_tick_labels_symlog
FN:105,__fortplot_ticks_MOD_calculate_nice_axis_limits
FNDA:6,__fortplot_ticks_MOD_calculate_nice_axis_limits
FN:127,__fortplot_ticks_MOD_remove_trailing_zeros
FNDA:966,__fortplot_ticks_MOD_remove_trailing_zeros
FN:150,__fortplot_ticks_MOD_ensure_leading_zero
FNDA:1108,__fortplot_ticks_MOD_ensure_leading_zero
FN:167,__fortplot_ticks_MOD_format_tick_value_consistent
FNDA:0,__fortplot_ticks_MOD_format_tick_value_consistent
FN:188,__fortplot_ticks_MOD_find_nice_tick_locations
FNDA:246,__fortplot_ticks_MOD_find_nice_tick_locations
FN:244,__fortplot_ticks_MOD_determine_decimal_places_from_step
FNDA:240,__fortplot_ticks_MOD_determine_decimal_places_from_step
FN:264,__fortplot_ticks_MOD_generate_log_tick_locations
FNDA:34,__fortplot_ticks_MOD_generate_log_tick_locations
FN:290,__fortplot_ticks_MOD_generate_log_major_ticks
FNDA:18,__fortplot_ticks_MOD_generate_log_major_ticks
FN:320,__fortplot_ticks_MOD_generate_log_subticks
FNDA:12,__fortplot_ticks_MOD_generate_log_subticks
FN:366,__fortplot_ticks_MOD_generate_symlog_tick_locations
FNDA:22,__fortplot_ticks_MOD_generate_symlog_tick_locations
FN:395,__fortplot_ticks_MOD_calculate_symlog_ticks
FNDA:22,__fortplot_ticks_MOD_calculate_symlog_ticks
FN:433,__fortplot_ticks_MOD_add_positive_log_candidates
FNDA:20,__fortplot_ticks_MOD_add_positive_log_candidates
FN:453,__fortplot_ticks_MOD_add_negative_log_candidates
FNDA:20,__fortplot_ticks_MOD_add_negative_log_candidates
FN:473,__fortplot_ticks_MOD_add_linear_region_candidates
FNDA:22,__fortplot_ticks_MOD_add_linear_region_candidates
FN:499,__fortplot_ticks_MOD_sort_and_filter_candidates
FNDA:22,__fortplot_ticks_MOD_sort_and_filter_candidates
FN:527,__fortplot_ticks_MOD_simple_sort
FNDA:22,__fortplot_ticks_MOD_simple_sort
FN:546,__fortplot_ticks_MOD_generate_scale_aware_tick_labels
FNDA:168,__fortplot_ticks_MOD_generate_scale_aware_tick_labels
FN:574,__fortplot_ticks_MOD_format_tick_value_smart
FNDA:1164,__fortplot_ticks_MOD_format_tick_value_smart
DA:23,242
DA:32,242
DA:34,242
DA:39,240
DA:42,240
DA:45,1404
DA:46,1404
DA:50,1108
DA:51,1108
DA:55,302
DA:61,302
DA:63,302
DA:64,28
DA:65,274
DA:67,156
DA:68,118
DA:70,56
DA:71,56
DA:72,56
DA:73,62
DA:75,22
DA:76,22
DA:77,22
DA:80,40
DA:81,40
DA:82,40
DA:84,302
DA:86,34
DA:92,34
DA:93,34
DA:95,22
DA:102,22
DA:103,22
DA:105,6
DA:119,6
DA:123,6
DA:127,966
DA:132,966
DA:133,0
DA:136,2432
DA:137,2432
DA:138,1466
DA:140,284
DA:145,966
DA:146,682
DA:148,966
DA:150,1108
DA:153,1108
DA:155,1108
DA:156,1108
DA:157,1108
DA:158,136
DA:159,136
DA:160,972
DA:161,20
DA:162,20
DA:165,1108
DA:167,0
DA:173,0
DA:174,0
DA:175,0
DA:177,0
DA:178,0
DA:180,0
DA:181,0
DA:183,0
DA:184,0
DA:186,0
DA:188,246
DA:190,246
DA:202,246
DA:203,246
DA:204,4
DA:205,4
DA:206,4
DA:210,242
DA:213,242
DA:214,242
DA:217,242
DA:218,58
DA:219,184
DA:220,34
DA:221,150
DA:222,120
DA:224,30
DA:227,242
DA:230,242
DA:231,242
DA:234,242
DA:235,242
DA:236,1434
DA:237,1390
DA:238,1192
DA:239,1192
DA:240,1236
DA:244,240
DA:249,240
DA:250,146
DA:251,94
DA:252,74
DA:253,20
DA:254,8
DA:255,12
DA:256,2
DA:258,10
DA:260,240
DA:264,34
DA:274,34
DA:275,24
DA:276,4
DA:280,30
DA:281,30
DA:283,30
DA:284,12
DA:286,18
DA:290,18
DA:299,18
DA:300,18
DA:302,18
DA:303,110
DA:304,96
DA:306,92
DA:308,106
DA:309,92
DA:310,92
DA:315,34
DA:316,34
DA:318,18
DA:320,12
DA:331,12
DA:332,12
DA:334,30
DA:335,18
DA:338,18
DA:339,18
DA:340,16
DA:341,16
DA:345,104
DA:346,96
DA:348,86
DA:350,86
DA:351,8
DA:352,60
DA:353,60
DA:357,18
DA:361,16
DA:362,16
DA:364,12
DA:366,22
DA:367,22
DA:376,22
DA:377,0
DA:378,0
DA:382,22
DA:385,134
DA:386,134
DA:390,34
DA:391,34
DA:395,22
DA:396,22
DA:406,22
DA:407,22
DA:410,22
DA:411,22
DA:412,22
DA:416,22
DA:417,20
DA:421,22
DA:422,20
DA:426,22
DA:430,22
DA:431,22
DA:433,20
DA:442,20
DA:443,220
DA:444,200
DA:445,200
DA:446,28
DA:447,28
DA:449,200
DA:451,20
DA:453,20
DA:462,20
DA:463,220
DA:464,200
DA:465,200
DA:466,20
DA:467,20
DA:469,200
DA:471,20
DA:473,22
DA:482,22
DA:483,22
DA:485,22
DA:486,22
DA:487,22
DA:489,88
DA:490,66
DA:491,88
DA:492,44
DA:493,44
DA:497,22
DA:499,22
DA:500,22
DA:512,136
DA:513,22
DA:516,22
DA:517,136
DA:518,136
DA:519,114
DA:520,114
DA:521,114
DA:525,22
DA:527,22
DA:535,114
DA:536,382
DA:537,360
DA:538,138
DA:539,138
DA:540,138
DA:544,22
DA:546,168
DA:558,168
DA:559,168
DA:560,168
DA:561,168
DA:564,336
DA:566,2
DA:568,2
DA:570,336
DA:572,168
DA:574,1164
DA:584,1164
DA:587,1164
DA:588,174
DA:589,174
DA:593,990
DA:595,64
DA:596,926
DA:598,78
DA:599,848
DA:601,176
DA:602,176
DA:603,672
DA:605,578
DA:606,578
DA:609,94
DA:610,94
DA:614,990
DA:615,0
DA:616,0
DA:618,0
DA:622,990
end_of_record
TN:
SF:/proj/plasma/CODE/ert/fortplotlib/src/fortplot_text.f90
FN:23,__fortplot_text_MOD_init_text_system
FNDA:120,__fortplot_text_MOD_init_text_system
FN:42,__fortplot_text_MOD_discover_and_init_font
FNDA:60,__fortplot_text_MOD_discover_and_init_font
FN:72,__fortplot_text_MOD_find_font_by_name
FNDA:60,__fortplot_text_MOD_find_font_by_name
FN:93,__fortplot_text_MOD_check_helvetica_paths
FNDA:60,__fortplot_text_MOD_check_helvetica_paths
FN:115,__fortplot_text_MOD_check_liberation_paths
FNDA:0,__fortplot_text_MOD_check_liberation_paths
FN:137,__fortplot_text_MOD_check_arial_paths
FNDA:0,__fortplot_text_MOD_check_arial_paths
FN:160,__fortplot_text_MOD_check_dejavu_paths
FNDA:0,__fortplot_text_MOD_check_dejavu_paths
FN:182,__fortplot_text_MOD_file_exists
FNDA:240,__fortplot_text_MOD_file_exists
FN:190,__fortplot_text_MOD_try_init_font
FNDA:60,__fortplot_text_MOD_try_init_font
FN:205,__fortplot_text_MOD_cleanup_text_system
FNDA:16,__fortplot_text_MOD_cleanup_text_system
FN:214,__fortplot_text_MOD_calculate_text_width
FNDA:1404,__fortplot_text_MOD_calculate_text_width
FN:239,__fortplot_text_MOD_calculate_text_height
FNDA:356,__fortplot_text_MOD_calculate_text_height
FN:261,__fortplot_text_MOD_render_text_to_image
FNDA:1120,__fortplot_text_MOD_render_text_to_image
FN:301,__fortplot_text_MOD_render_stb_glyph
FNDA:3800,__fortplot_text_MOD_render_stb_glyph
FN:355,__fortplot_text_MOD_render_simple_character_block
FNDA:0,__fortplot_text_MOD_render_simple_character_block
FN:380,__fortplot_text_MOD_render_simple_placeholder
FNDA:0,__fortplot_text_MOD_render_simple_placeholder
FN:404,__fortplot_text_MOD_render_character_bitmap
FNDA:0,__fortplot_text_MOD_render_character_bitmap
FN:436,__fortplot_text_MOD_get_character_pixel
FNDA:0,__fortplot_text_MOD_get_character_pixel
FN:471,__fortplot_text_MOD_render_rotated_text_to_image
FNDA:0,__fortplot_text_MOD_render_rotated_text_to_image
FN:517,__fortplot_text_MOD_get_font_metrics
FNDA:850,__fortplot_text_MOD_get_font_metrics
DA:23,120
DA:27,120
DA:29,120
DA:30,60
DA:31,60
DA:34,60
DA:36,60
DA:37,0
DA:40,60
DA:42,60
DA:47,60
DA:50,60
DA:51,60
DA:52,60
DA:55,0
DA:56,0
DA:57,0
DA:60,0
DA:61,0
DA:62,0
DA:65,0
DA:66,0
DA:67,0
DA:70,0
DA:72,60
DA:78,60
DA:80,60
DA:82,60
DA:84,0
DA:86,0
DA:88,120
DA:91,120
DA:93,60
DA:99,60
DA:101,60
DA:102,60
DA:103,60
DA:104,60
DA:106,240
DA:107,240
DA:108,60
DA:109,60
DA:110,60
DA:115,0
DA:121,0
DA:123,0
DA:124,0
DA:125,0
DA:126,0
DA:128,0
DA:129,0
DA:130,0
DA:131,0
DA:132,0
DA:137,0
DA:143,0
DA:145,0
DA:146,0
DA:147,0
DA:148,0
DA:149,0
DA:151,0
DA:152,0
DA:153,0
DA:154,0
DA:155,0
DA:160,0
DA:166,0
DA:168,0
DA:169,0
DA:170,0
DA:171,0
DA:173,0
DA:174,0
DA:175,0
DA:176,0
DA:177,0
DA:182,240
DA:187,240
DA:188,480
DA:190,60
DA:195,60
DA:197,60
DA:198,60
DA:199,60
DA:200,60
DA:203,120
DA:205,16
DA:207,16
DA:208,16
DA:209,16
DA:210,16
DA:212,16
DA:214,1404
DA:221,1404
DA:222,34
DA:223,0
DA:224,0
DA:225,0
DA:229,1404
DA:230,7178
DA:231,5774
DA:232,5774
DA:234,7178
DA:237,2808
DA:239,712
DA:245,356
DA:246,0
DA:247,0
DA:248,0
DA:253,356
DA:254,356
DA:257,356
DA:259,712
DA:261,1120
DA:272,1120
DA:273,2
DA:274,0
DA:275,0
DA:279,1120
DA:280,1120
DA:282,5122
DA:283,4002
DA:287,4002
DA:289,4002
DA:291,3800
DA:292,3800
DA:296,4002
DA:297,5122
DA:299,1120
DA:301,3800
DA:309,3800
DA:314,3800
DA:315,0
DA:318,7600
DA:320,3800
DA:321,3800
DA:323,40232
DA:324,303236
DA:325,263004
DA:326,263004
DA:328,299436
DA:330,257452
DA:331,257452
DA:333,257452
DA:334,165432
DA:336,165432
DA:338,165432
DA:340,165432
DA:342,165432
DA:345,165432
DA:346,165432
DA:347,165432
DA:352,3800
DA:355,0
DA:362,0
DA:363,0
DA:364,0
DA:366,0
DA:367,0
DA:368,0
DA:369,0
DA:370,0
DA:371,0
DA:372,0
DA:373,0
DA:378,0
DA:380,0
DA:386,0
DA:389,0
DA:390,0
DA:391,0
DA:392,0
DA:393,0
DA:394,0
DA:395,0
DA:396,0
DA:401,0
DA:404,0
DA:413,0
DA:414,0
DA:415,0
DA:417,0
DA:419,0
DA:420,0
DA:421,0
DA:422,0
DA:423,0
DA:424,0
DA:425,0
DA:426,0
DA:427,0
DA:428,0
DA:434,0
DA:436,0
DA:440,0
DA:442,0
DA:445,0
DA:447,0
DA:451,0
DA:454,0
DA:458,0
DA:461,0
DA:463,0
DA:465,0
DA:467,0
DA:469,0
DA:471,0
DA:485,0
DA:486,0
DA:487,0
DA:491,0
DA:492,0
DA:493,0
DA:494,0
DA:498,0
DA:499,0
DA:502,0
DA:504,0
DA:506,0
DA:507,0
DA:511,0
DA:512,0
DA:513,0
DA:515,0
DA:517,850
DA:523,850
DA:524,850
DA:525,850
DA:526,850
DA:528,850
DA:529,0
DA:530,0
DA:534,850
DA:535,850
DA:536,850
DA:537,850
DA:538,850
DA:539,850
end_of_record
TN:
SF:/proj/plasma/CODE/ert/fortplotlib/src/fortplot_raster.f90
FN:59,__fortplot_raster_MOD_create_raster_image
FNDA:134,__fortplot_raster_MOD_create_raster_image
FN:69,__fortplot_raster_MOD_destroy_raster_image
FNDA:0,__fortplot_raster_MOD_destroy_raster_image
FN:74,__fortplot_raster_MOD_raster_set_color
FNDA:1922,__fortplot_raster_MOD_raster_set_color
FN:83,__fortplot_raster_MOD_raster_get_color_bytes
FNDA:56048,__fortplot_raster_MOD_raster_get_color_bytes
FN:92,__fortplot_raster_MOD_initialize_white_background
FNDA:228,__fortplot_raster_MOD_initialize_white_background
FN:110,__fortplot_raster_MOD_color_to_byte
FNDA:168156,__fortplot_raster_MOD_color_to_byte
FN:123,__fortplot_raster_MOD_draw_line_distance_aa
FNDA:29318,__fortplot_raster_MOD_draw_line_distance_aa
FN:172,__fortplot_raster_MOD_distance_point_to_line_segment
FNDA:5870182,__fortplot_raster_MOD_distance_point_to_line_segment
FN:194,__fortplot_raster_MOD_blend_pixel
FNDA:1729700,__fortplot_raster_MOD_blend_pixel
FN:243,__fortplot_raster_MOD_composite_image
FNDA:0,__fortplot_raster_MOD_composite_image
FN:272,__fortplot_raster_MOD_composite_bitmap_to_raster
FNDA:64,__fortplot_raster_MOD_composite_bitmap_to_raster
FN:305,__fortplot_raster_MOD_ipart
FNDA:0,__fortplot_raster_MOD_ipart
FN:310,__fortplot_raster_MOD_fpart
FNDA:0,__fortplot_raster_MOD_fpart
FN:315,__fortplot_raster_MOD_rfpart
FNDA:0,__fortplot_raster_MOD_rfpart
FN:320,__fortplot_raster_MOD_render_text_to_bitmap
FNDA:80,__fortplot_raster_MOD_render_text_to_bitmap
FN:348,__fortplot_raster_MOD_rotate_bitmap_90_ccw
FNDA:66,__fortplot_raster_MOD_rotate_bitmap_90_ccw
FN:362,__fortplot_raster_MOD_rotate_bitmap_90_cw
FNDA:8,__fortplot_raster_MOD_rotate_bitmap_90_cw
FN:376,__fortplot_raster_MOD_bitmap_to_png_buffer
FNDA:12,__fortplot_raster_MOD_bitmap_to_png_buffer
FN:395,__fortplot_raster_MOD_create_raster_canvas
FNDA:134,__fortplot_raster_MOD_create_raster_canvas
FN:408,__fortplot_raster_MOD_raster_draw_line
FNDA:28170,__fortplot_raster_MOD_raster_draw_line
FN:429,__fortplot_raster_MOD_raster_set_color_context
FNDA:1840,__fortplot_raster_MOD_raster_set_color_context
FN:436,__fortplot_raster_MOD_raster_set_line_width
FNDA:1412,__fortplot_raster_MOD_raster_set_line_width
FN:452,__fortplot_raster_MOD_raster_draw_text
FNDA:130,__fortplot_raster_MOD_raster_draw_text
FN:470,__fortplot_raster_MOD_raster_save_dummy
FNDA:0,__fortplot_raster_MOD_raster_save_dummy
FN:480,__fortplot_raster_MOD_raster_draw_marker
FNDA:27748,__fortplot_raster_MOD_raster_draw_marker
FN:497,__fortplot_raster_MOD_draw_raster_marker_by_style
FNDA:27748,__fortplot_raster_MOD_draw_raster_marker_by_style
FN:530,__fortplot_raster_MOD_raster_set_marker_colors
FNDA:2,__fortplot_raster_MOD_raster_set_marker_colors
FN:545,__fortplot_raster_MOD_raster_set_marker_colors_with_alpha
FNDA:0,__fortplot_raster_MOD_raster_set_marker_colors_with_alpha
FN:561,__fortplot_raster_MOD_raster_fill_quad
FNDA:0,__fortplot_raster_MOD_raster_fill_quad
FN:583,__fortplot_raster_MOD_draw_circle_with_edge_face
FNDA:4,__fortplot_raster_MOD_draw_circle_with_edge_face
FN:652,__fortplot_raster_MOD_draw_circle_antialiased
FNDA:4,__fortplot_raster_MOD_draw_circle_antialiased
FN:670,__fortplot_raster_MOD_draw_circle_outline_antialiased
FNDA:4,__fortplot_raster_MOD_draw_circle_outline_antialiased
FN:703,__fortplot_raster_MOD_draw_square_with_edge_face
FNDA:0,__fortplot_raster_MOD_draw_square_with_edge_face
FN:750,__fortplot_raster_MOD_calculate_square_distance
FNDA:0,__fortplot_raster_MOD_calculate_square_distance
FN:784,__fortplot_raster_MOD_draw_diamond_with_edge_face
FNDA:0,__fortplot_raster_MOD_draw_diamond_with_edge_face
FN:831,__fortplot_raster_MOD_calculate_diamond_distance
FNDA:0,__fortplot_raster_MOD_calculate_diamond_distance
FN:865,__fortplot_raster_MOD_draw_x_marker
FNDA:0,__fortplot_raster_MOD_draw_x_marker
FN:895,__fortplot_raster_MOD_draw_axes_and_labels
FNDA:82,__fortplot_raster_MOD_draw_axes_and_labels
FN:942,__fortplot_raster_MOD_draw_raster_frame
FNDA:82,__fortplot_raster_MOD_draw_raster_frame
FN:976,__fortplot_raster_MOD_draw_raster_tick_marks
FNDA:82,__fortplot_raster_MOD_draw_raster_tick_marks
FN:1002,__fortplot_raster_MOD_draw_raster_tick_labels
FNDA:82,__fortplot_raster_MOD_draw_raster_tick_labels
FN:1031,__fortplot_raster_MOD_draw_raster_title_and_xlabel
FNDA:82,__fortplot_raster_MOD_draw_raster_title_and_xlabel
FN:1063,__fortplot_raster_MOD_draw_rotated_ylabel_raster
FNDA:64,__fortplot_raster_MOD_draw_rotated_ylabel_raster
FN:1104,__fortplot_raster_MOD_draw_filled_quad_raster
FNDA:0,__fortplot_raster_MOD_draw_filled_quad_raster
FN:1140,__fortplot_raster_MOD_fill_triangle
FNDA:0,__fortplot_raster_MOD_fill_triangle
FN:1181,__fortplot_raster_MOD_fill_horizontal_line
FNDA:0,__fortplot_raster_MOD_fill_horizontal_line
FN:1202,__fortplot_raster_MOD_initialize_raster_backend
FNDA:132,__fortplot_raster_MOD_initialize_raster_backend
FN:1223,__fortplot_raster_MOD___copy_fortplot_raster_Raster_context
FNDA:0,__fortplot_raster_MOD___copy_fortplot_raster_Raster_context
FN:1223,__fortplot_raster_MOD___final_fortplot_raster_Raster_context
FNDA:96,__fortplot_raster_MOD___final_fortplot_raster_Raster_context
FN:1223,__fortplot_raster_MOD___copy_fortplot_raster_Raster_image_t
FNDA:0,__fortplot_raster_MOD___copy_fortplot_raster_Raster_image_t
FN:1223,__fortplot_raster_MOD___final_fortplot_raster_Raster_image_t
FNDA:0,__fortplot_raster_MOD___final_fortplot_raster_Raster_image_t
DA:59,134
DA:63,134
DA:64,134
DA:65,134
DA:66,134
DA:67,268
DA:69,0
DA:71,0
DA:72,0
DA:74,1922
DA:78,1922
DA:79,1922
DA:80,1922
DA:81,1922
DA:83,56048
DA:87,56048
DA:88,56048
DA:89,56048
DA:90,56048
DA:92,228
DA:97,228
DA:98,47060
DA:99,46832
DA:100,46832
DA:101,23186816
DA:102,23139756
DA:103,23139756
DA:104,23139756
DA:105,23186588
DA:108,228
DA:110,168156
DA:115,168156
DA:116,168156
DA:117,59020
DA:119,109136
DA:121,168156
DA:123,29318
DA:135,29318
DA:137,29318
DA:138,29318
DA:139,29318
DA:141,29318
DA:143,28434
DA:144,28434
DA:146,28434
DA:147,28434
DA:148,28434
DA:149,28434
DA:151,365082
DA:152,6235264
DA:153,5870182
DA:154,5870182
DA:156,5870182
DA:157,5870182
DA:158,527132
DA:159,5343050
DA:160,1201744
DA:162,4141306
DA:165,6206830
DA:166,1728848
DA:172,5870182
DA:176,5870182
DA:177,5870182
DA:178,5870182
DA:180,5870182
DA:181,0
DA:182,0
DA:185,5870182
DA:186,5870182
DA:188,5870182
DA:189,5870182
DA:191,5870182
DA:192,5870182
DA:194,1729700
DA:203,1729700
DA:204,1729700
DA:206,1729700
DA:208,1729700
DA:209,527392
DA:210,527392
DA:211,527392
DA:213,1202308
DA:215,1202308
DA:216,1202308
DA:217,1202308
DA:218,1202308
DA:219,1202308
DA:220,1202308
DA:222,1202308
DA:223,1202308
DA:224,1202308
DA:225,1202308
DA:226,1202308
DA:227,1202308
DA:229,1202308
DA:230,1202308
DA:231,1202308
DA:233,1202308
DA:234,1202308
DA:235,1202308
DA:237,1202308
DA:238,1202308
DA:239,1202308
DA:243,0
DA:251,0
DA:252,0
DA:253,0
DA:254,0
DA:257,0
DA:259,0
DA:260,0
DA:263,0
DA:265,0
DA:270,0
DA:272,64
DA:273,64
DA:281,2284
DA:282,44464
DA:283,42180
DA:284,42180
DA:288,44400
DA:292,32600
DA:295,12416
DA:296,12416
DA:297,12416
DA:298,12416
DA:303,64
DA:305,0
DA:307,0
DA:308,0
DA:310,0
DA:312,0
DA:313,0
DA:315,0
DA:317,0
DA:318,0
DA:320,80
DA:328,80
DA:331,80
DA:332,80
DA:333,80
DA:336,1668
DA:337,56542
DA:338,54874
DA:339,54874
DA:340,54874
DA:341,56462
DA:345,80
DA:346,160
DA:348,66
DA:355,1344
DA:356,48298
DA:357,189094
DA:360,66
DA:362,8
DA:369,316
DA:370,14566
DA:371,57308
DA:374,8
DA:376,12
DA:383,12
DA:385,630
DA:386,26526
DA:387,25896
DA:388,25896
DA:389,25896
DA:390,26514
DA:393,12
DA:395,134
DA:399,134
DA:401,134
DA:404,134
DA:405,134
DA:406,268
DA:408,28170
DA:416,28170
DA:418,28170
DA:419,28170
DA:421,28170
DA:423,28170
DA:426,28170
DA:427,28170
DA:429,1840
DA:433,1840
DA:434,1840
DA:436,1412
DA:443,1412
DA:445,1384
DA:448,28
DA:450,1412
DA:452,130
DA:461,130
DA:463,130
DA:465,130
DA:467,130
DA:468,130
DA:470,0
DA:476,0
DA:477,0
DA:478,0
DA:480,27748
DA:488,27748
DA:490,27748
DA:492,27748
DA:494,27748
DA:495,27748
DA:497,27748
DA:504,27748
DA:506,4
DA:511,4
DA:513,4
DA:518,0
DA:523,0
DA:526,27752
DA:528,27748
DA:530,2
DA:535,2
DA:536,2
DA:537,2
DA:538,2
DA:539,2
DA:540,2
DA:541,2
DA:542,2
DA:543,2
DA:545,0
DA:551,0
DA:552,0
DA:553,0
DA:554,0
DA:555,0
DA:556,0
DA:557,0
DA:558,0
DA:559,0
DA:561,0
DA:571,0
DA:573,0
DA:575,0
DA:580,0
DA:581,0
DA:583,4
DA:598,4
DA:599,4
DA:600,4
DA:601,4
DA:602,4
DA:603,4
DA:605,4
DA:606,4
DA:607,4
DA:608,4
DA:610,56
DA:611,732
DA:612,676
DA:615,676
DA:616,116
DA:617,560
DA:619,208
DA:620,208
DA:622,352
DA:626,676
DA:628,352
DA:629,96
DA:632,256
DA:633,256
DA:636,324
DA:640,676
DA:642,276
DA:644,728
DA:646,336
DA:650,4
DA:652,4
DA:661,4
DA:662,4
DA:663,4
DA:667,4
DA:668,4
DA:670,4
DA:680,4
DA:681,4
DA:682,4
DA:683,4
DA:685,56
DA:686,732
DA:687,676
DA:690,728
DA:691,272
DA:692,272
DA:693,272
DA:696,240
DA:701,4
DA:703,0
DA:718,0
DA:719,0
DA:720,0
DA:721,0
DA:722,0
DA:723,0
DA:725,0
DA:726,0
DA:727,0
DA:728,0
DA:729,0
DA:731,0
DA:732,0
DA:735,0
DA:738,0
DA:740,0
DA:742,0
DA:744,0
DA:748,0
DA:750,0
DA:756,0
DA:757,0
DA:758,0
DA:761,0
DA:762,0
DA:763,0
DA:765,0
DA:766,0
DA:768,0
DA:772,0
DA:773,0
DA:774,0
DA:776,0
DA:777,0
DA:780,0
DA:782,0
DA:784,0
DA:799,0
DA:800,0
DA:801,0
DA:802,0
DA:803,0
DA:804,0
DA:806,0
DA:807,0
DA:808,0
DA:809,0
DA:810,0
DA:812,0
DA:813,0
DA:816,0
DA:819,0
DA:821,0
DA:823,0
DA:825,0
DA:829,0
DA:831,0
DA:837,0
DA:838,0
DA:839,0
DA:842,0
DA:843,0
DA:844,0
DA:846,0
DA:847,0
DA:849,0
DA:853,0
DA:854,0
DA:855,0
DA:857,0
DA:858,0
DA:861,0
DA:863,0
DA:865,0
DA:874,0
DA:875,0
DA:876,0
DA:878,0
DA:879,0
DA:886,0
DA:892,0
DA:893,0
DA:895,82
DA:910,82
DA:913,82
DA:916,82
DA:919,82
DA:920,82
DA:922,0
DA:925,82
DA:926,82
DA:928,0
DA:930,82
DA:931,82
DA:934,82
DA:937,82
DA:938,32
DA:940,82
DA:942,82
DA:952,82
DA:959,82
DA:966,82
DA:973,82
DA:974,82
DA:976,82
DA:984,492
DA:990,492
DA:994,492
DA:998,492
DA:1000,82
DA:1002,82
DA:1012,492
DA:1015,410
DA:1018,492
DA:1022,492
DA:1024,410
DA:1027,492
DA:1029,82
DA:1031,82
DA:1038,82
DA:1040,54
DA:1041,54
DA:1042,0
DA:1044,54
DA:1046,54
DA:1049,54
DA:1053,82
DA:1056,32
DA:1059,32
DA:1061,82
DA:1063,64
DA:1070,64
DA:1073,64
DA:1074,64
DA:1076,64
DA:1077,64
DA:1078,64
DA:1081,64
DA:1082,130444
DA:1086,64
DA:1089,64
DA:1090,64
DA:1094,64
DA:1099,64
DA:1101,64
DA:1102,128
DA:1104,0
DA:1116,0
DA:1117,0
DA:1118,0
DA:1122,0
DA:1124,0
DA:1125,0
DA:1128,0
DA:1129,0
DA:1131,0
DA:1132,0
DA:1136,0
DA:1138,0
DA:1140,0
DA:1152,0
DA:1153,0
DA:1154,0
DA:1155,0
DA:1158,0
DA:1160,0
DA:1163,0
DA:1164,0
DA:1166,0
DA:1167,0
DA:1168,0
DA:1171,0
DA:1172,0
DA:1173,0
DA:1174,0
DA:1175,0
DA:1181,0
DA:1189,0
DA:1190,0
DA:1192,0
DA:1193,0
DA:1194,0
DA:1195,0
DA:1196,0
DA:1197,0
DA:1200,0
DA:1202,132
DA:1209,132
DA:1212,132
DA:1215,132
DA:1218,132
DA:1219,132
DA:1220,132
DA:1221,132
DA:1223,0
DA:1223,192
DA:1223,0
DA:1223,0
end_of_record
TN:
SF:/proj/plasma/CODE/ert/fortplotlib/src/fortplot_zlib.f90
FN:90,__fortplot_zlib_MOD_crc32_calculate
FNDA:390,__fortplot_zlib_MOD_crc32_calculate
FN:108,__fortplot_zlib_MOD_zlib_compress
FNDA:130,__fortplot_zlib_MOD_zlib_compress
FN:154,__fortplot_zlib_MOD_calculate_adler32
FNDA:130,__fortplot_zlib_MOD_calculate_adler32
FN:175,__fortplot_zlib_MOD_deflate_compress
FNDA:130,__fortplot_zlib_MOD_deflate_compress
FN:261,__fortplot_zlib_MOD_init_fixed_huffman_tables
FNDA:130,__fortplot_zlib_MOD_init_fixed_huffman_tables
FN:309,__fortplot_zlib_MOD_calculate_hash
FNDA:67364000,__fortplot_zlib_MOD_calculate_hash
FN:324,__fortplot_zlib_MOD_update_hash_table
FNDA:65928906,__fortplot_zlib_MOD_update_hash_table
FN:337,__fortplot_zlib_MOD_find_longest_match
FNDA:1435094,__fortplot_zlib_MOD_find_longest_match
FN:384,__fortplot_zlib_MOD_write_bits
FNDA:3330986,__fortplot_zlib_MOD_write_bits
FN:409,__fortplot_zlib_MOD_encode_literal
FNDA:518114,__fortplot_zlib_MOD_encode_literal
FN:422,__fortplot_zlib_MOD_encode_length_distance
FNDA:916980,__fortplot_zlib_MOD_encode_length_distance
FN:453,__fortplot_zlib_MOD_get_length_code
FNDA:916980,__fortplot_zlib_MOD_get_length_code
FN:496,__fortplot_zlib_MOD_get_distance_code
FNDA:916980,__fortplot_zlib_MOD_get_distance_code
FN:567,__fortplot_zlib_MOD_bit_reverse
FNDA:2352204,__fortplot_zlib_MOD_bit_reverse
DA:90,390
DA:98,390
DA:100,2880634
DA:101,2880244
DA:102,2880634
DA:105,390
DA:106,390
DA:108,130
DA:115,130
DA:121,130
DA:124,130
DA:125,130
DA:127,130
DA:130,130
DA:131,130
DA:132,130
DA:133,130
DA:136,2876344
DA:137,130
DA:140,130
DA:143,130
DA:144,130
DA:145,130
DA:146,130
DA:147,130
DA:148,130
DA:149,130
DA:151,130
DA:152,260
DA:154,130
DA:163,130
DA:164,130
DA:166,65929036
DA:168,65928906
DA:169,65929036
DA:172,130
DA:173,130
DA:175,130
DA:193,130
DA:199,130
DA:202,4259970
DA:203,4259970
DA:206,130
DA:207,130
DA:208,130
DA:211,130
DA:212,130
DA:214,130
DA:215,1435224
DA:217,1435094
DA:219,1435094
DA:222,916980
DA:225,66327772
DA:226,66327772
DA:227,65410792
DA:228,65410792
DA:231,916980
DA:234,518114
DA:237,518114
DA:238,518114
DA:239,518114
DA:241,518114
DA:246,130
DA:249,130
DA:250,126
DA:254,130
DA:255,130
DA:256,2876344
DA:258,130
DA:259,130
DA:261,130
DA:270,130
DA:272,18850
DA:273,18720
DA:274,18720
DA:275,18850
DA:278,130
DA:280,14690
DA:281,14560
DA:282,14560
DA:283,14690
DA:286,130
DA:288,3250
DA:289,3120
DA:290,3120
DA:291,3250
DA:294,130
DA:296,910
DA:297,780
DA:298,780
DA:299,910
DA:303,4030
DA:304,3900
DA:305,4030
DA:307,130
DA:309,67364000
DA:315,67364000
DA:318,67363740
DA:320,260
DA:322,67364000
DA:324,65928906
DA:332,65928906
DA:333,65928906
DA:334,65928906
DA:335,65928906
DA:337,1435094
DA:348,1435094
DA:349,1435094
DA:350,1435094
DA:352,1435094
DA:354,1435094
DA:355,1435094
DA:356,1435094
DA:358,54840060
DA:359,54262876
DA:362,53558030
DA:363,1842828066
DA:364,1842828066
DA:365,1789270036
DA:367,53404966
DA:371,53558030
DA:372,8218378
DA:373,8218378
DA:374,8218378
DA:378,53404966
DA:379,53404966
DA:380,53404966
DA:384,3330986
DA:392,26340286
DA:393,23009300
DA:395,23009300
DA:396,2876214
DA:399,23009300
DA:400,23009300
DA:402,26340286
DA:403,2876088
DA:404,2876088
DA:407,3330986
DA:409,518114
DA:418,518114
DA:419,518114
DA:420,518114
DA:422,916980
DA:423,916980
DA:435,916980
DA:438,916980
DA:439,916980
DA:440,317336
DA:444,916980
DA:447,916980
DA:448,916980
DA:449,661186
DA:451,916980
DA:453,916980
DA:458,916980
DA:459,0
DA:460,0
DA:461,0
DA:462,0
DA:465,916980
DA:466,446710
DA:467,446710
DA:468,446710
DA:469,470270
DA:470,57920
DA:471,57920
DA:472,57920
DA:473,412350
DA:474,56662
DA:475,56662
DA:476,56662
DA:477,355688
DA:478,64920
DA:479,64920
DA:480,64920
DA:481,290768
DA:482,90898
DA:483,90898
DA:484,90898
DA:485,199870
DA:486,46936
DA:487,46936
DA:488,46936
DA:490,152934
DA:491,152934
DA:492,152934
DA:496,916980
DA:501,916980
DA:502,0
DA:503,0
DA:504,0
DA:505,0
DA:508,916980
DA:509,255794
DA:510,255794
DA:511,255794
DA:512,661186
DA:513,894
DA:514,894
DA:515,894
DA:516,660292
DA:517,6844
DA:518,6844
DA:519,6844
DA:520,653448
DA:521,15462
DA:522,15462
DA:523,15462
DA:524,637986
DA:525,23298
DA:526,23298
DA:527,23298
DA:528,614688
DA:529,34740
DA:530,34740
DA:531,34740
DA:532,579948
DA:533,57834
DA:534,57834
DA:535,57834
DA:536,522114
DA:537,23848
DA:538,23848
DA:539,23848
DA:540,498266
DA:541,33638
DA:542,33638
DA:543,33638
DA:544,464628
DA:545,82862
DA:546,82862
DA:547,82862
DA:548,381766
DA:549,66984
DA:550,66984
DA:551,66984
DA:552,314782
DA:553,88730
DA:554,88730
DA:555,88730
DA:556,226052
DA:557,106004
DA:558,106004
DA:559,106004
DA:561,120048
DA:562,120048
DA:563,120048
DA:567,2352204
DA:573,2352204
DA:574,18061634
DA:575,18061634
DA:576,6555864
DA:579,2352204
end_of_record
TN:
SF:/proj/plasma/CODE/ert/fortplotlib/src/fortplot_png.f90
FN:20,__fortplot_png_MOD_create_png_canvas
FNDA:118,__fortplot_png_MOD_create_png_canvas
FN:30,__fortplot_png_MOD_png_finalize
FNDA:88,__fortplot_png_MOD_png_finalize
FN:38,__fortplot_png_MOD_generate_png_data
FNDA:130,__fortplot_png_MOD_generate_png_data
FN:63,__fortplot_png_MOD_build_png_buffer
FNDA:130,__fortplot_png_MOD_build_png_buffer
FN:105,__fortplot_png_MOD_write_png_file
FNDA:100,__fortplot_png_MOD_write_png_file
FN:124,__fortplot_png_MOD_get_png_data
FNDA:30,__fortplot_png_MOD_get_png_data
FN:133,__fortplot_png_MOD_write_chunk_to_buffer
FNDA:390,__fortplot_png_MOD_write_chunk_to_buffer
FN:169,__fortplot_png_MOD_calculate_chunk_crc
FNDA:390,__fortplot_png_MOD_calculate_chunk_crc
FN:187,__fortplot_png_MOD_write_ihdr_chunk
FNDA:0,__fortplot_png_MOD_write_ihdr_chunk
FN:206,__fortplot_png_MOD_write_idat_chunk
FNDA:0,__fortplot_png_MOD_write_idat_chunk
FN:212,__fortplot_png_MOD_write_iend_chunk
FNDA:0,__fortplot_png_MOD_write_iend_chunk
FN:218,__fortplot_png_MOD_write_chunk
FNDA:0,__fortplot_png_MOD_write_chunk
FN:256,__fortplot_png_MOD_to_big_endian
FNDA:1040,__fortplot_png_MOD_to_big_endian
FN:270,__fortplot_png_MOD_calculate_crc32
FNDA:0,__fortplot_png_MOD_calculate_crc32
FN:280,__fortplot_png_MOD___copy_fortplot_png_Png_context
FNDA:142,__fortplot_png_MOD___copy_fortplot_png_Png_context
DA:20,118
DA:25,118
DA:26,118
DA:30,88
DA:34,88
DA:35,88
DA:38,130
DA:46,130
DA:49,130
DA:50,2877124
DA:52,130
DA:53,0
DA:54,0
DA:57,130
DA:59,130
DA:60,130
DA:63,130
DA:76,130
DA:77,130
DA:79,130
DA:82,1170
DA:83,130
DA:86,130
DA:87,130
DA:88,650
DA:89,650
DA:90,130
DA:91,130
DA:92,520
DA:95,130
DA:98,130
DA:101,130
DA:102,130
DA:105,100
DA:110,100
DA:113,100
DA:115,100
DA:116,100
DA:117,100
DA:119,100
DA:120,100
DA:121,200
DA:124,30
DA:129,30
DA:130,30
DA:133,390
DA:144,1950
DA:147,390
DA:148,1950
DA:149,390
DA:152,1950
DA:153,390
DA:156,390
DA:157,2878944
DA:158,260
DA:162,390
DA:163,390
DA:164,1950
DA:165,390
DA:166,390
DA:169,390
DA:174,390
DA:176,390
DA:177,1950
DA:178,390
DA:179,2878944
DA:182,390
DA:183,390
DA:184,390
DA:187,0
DA:192,0
DA:193,0
DA:195,0
DA:196,0
DA:197,0
DA:198,0
DA:199,0
DA:200,0
DA:201,0
DA:203,0
DA:204,0
DA:206,0
DA:209,0
DA:210,0
DA:212,0
DA:215,0
DA:216,0
DA:218,0
DA:226,0
DA:231,0
DA:233,0
DA:234,0
DA:237,0
DA:238,0
DA:239,0
DA:240,0
DA:243,0
DA:244,0
DA:246,0
DA:247,0
DA:248,0
DA:249,0
DA:251,0
DA:253,0
DA:254,0
DA:256,1040
DA:261,1040
DA:262,1040
DA:263,1040
DA:264,1040
DA:266,1040
DA:267,1040
DA:270,0
DA:275,0
DA:276,0
DA:280,142
end_of_record
TN:
SF:/proj/plasma/CODE/ert/fortplotlib/src/fortplot_streamline_placement.f90
FN:50,__fortplot_streamline_placement_MOD_mask_initialize
FNDA:36,__fortplot_streamline_placement_MOD_mask_initialize
FN:73,__fortplot_streamline_placement_MOD_mask_is_free
FNDA:108410,__fortplot_streamline_placement_MOD_mask_is_free
FN:87,__fortplot_streamline_placement_MOD_mask_start_trajectory
FNDA:8682,__fortplot_streamline_placement_MOD_mask_start_trajectory
FN:96,__fortplot_streamline_placement_MOD_mask_update_trajectory
FNDA:8682,__fortplot_streamline_placement_MOD_mask_update_trajectory
FN:119,__fortplot_streamline_placement_MOD_mask_try_update_trajectory
FNDA:56548,__fortplot_streamline_placement_MOD_mask_try_update_trajectory
FN:149,__fortplot_streamline_placement_MOD_mask_undo_trajectory
FNDA:6960,__fortplot_streamline_placement_MOD_mask_undo_trajectory
FN:165,__fortplot_streamline_placement_MOD_mapper_initialize
FNDA:28,__fortplot_streamline_placement_MOD_mapper_initialize
FN:191,__fortplot_streamline_placement_MOD_mapper_data2grid
FNDA:0,__fortplot_streamline_placement_MOD_mapper_data2grid
FN:201,__fortplot_streamline_placement_MOD_mapper_grid2data
FNDA:1200,__fortplot_streamline_placement_MOD_mapper_grid2data
FN:211,__fortplot_streamline_placement_MOD_mapper_mask2grid
FNDA:9880,__fortplot_streamline_placement_MOD_mapper_mask2grid
FN:221,__fortplot_streamline_placement_MOD_mapper_grid2mask
FNDA:73908,__fortplot_streamline_placement_MOD_mapper_grid2mask
FN:231,__fortplot_streamline_placement_MOD_generate_spiral_seeds
FNDA:32,__fortplot_streamline_placement_MOD_generate_spiral_seeds
FN:298,__fortplot_streamline_placement_MOD___copy_2A7D3CB
FNDA:0,__fortplot_streamline_placement_MOD___copy_2A7D3CB
FN:298,__fortplot_streamline_placement_MOD___copy_fortplot_streamline_placement_Stream_mask_t
FNDA:0,__fortplot_streamline_placement_MOD___copy_fortplot_streamline_placement_Stream_mask_t
FN:298,__fortplot_streamline_placement_MOD___final_fortplot_streamline_placement_Stream_mask_t
FNDA:0,__fortplot_streamline_placement_MOD___final_fortplot_streamline_placement_Stream_mask_t
DA:50,36
DA:57,36
DA:58,36
DA:61,36
DA:62,36
DA:63,56220
DA:66,36
DA:67,36
DA:68,36
DA:69,36
DA:70,36
DA:71,36
DA:73,108410
DA:79,108410
DA:80,0
DA:81,0
DA:84,108410
DA:85,108410
DA:87,8682
DA:92,8682
DA:93,8682
DA:94,8682
DA:96,8682
DA:102,8682
DA:105,8682
DA:108,8682
DA:111,8682
DA:112,8682
DA:113,8682
DA:115,8682
DA:116,8682
DA:119,56548
DA:125,56548
DA:126,4938
DA:127,4938
DA:131,51610
DA:132,13504
DA:133,13504
DA:137,38106
DA:140,38106
DA:141,38106
DA:142,38106
DA:144,38106
DA:145,38106
DA:146,38106
DA:147,38106
DA:149,6960
DA:154,21482
DA:155,14522
DA:156,14522
DA:157,21482
DA:160,6960
DA:161,6960
DA:162,6960
DA:163,6960
DA:165,28
DA:171,28
DA:172,28
DA:173,28
DA:174,28
DA:176,28
DA:177,28
DA:178,28
DA:179,28
DA:182,28
DA:183,28
DA:184,28
DA:185,28
DA:187,28
DA:188,28
DA:189,28
DA:191,0
DA:197,0
DA:198,0
DA:199,0
DA:201,1200
DA:207,1200
DA:208,1200
DA:209,1200
DA:211,9880
DA:217,9880
DA:218,9880
DA:219,9880
DA:221,73908
DA:227,73908
DA:228,73908
DA:229,73908
DA:231,32
DA:242,32
DA:243,32
DA:246,32
DA:249,32
DA:250,32
DA:251,32
DA:252,32
DA:253,32
DA:254,32
DA:255,32
DA:257,32
DA:260,43732
DA:261,43700
DA:262,43700
DA:263,43700
DA:266,32
DA:268,11420
DA:269,11950
DA:270,530
DA:271,530
DA:274,10934
DA:275,11464
DA:276,530
DA:277,530
DA:280,10922
DA:281,11440
DA:282,518
DA:283,518
DA:286,10424
DA:287,43700
DA:288,518
DA:289,518
DA:295,262264
DA:296,32
DA:298,0
DA:298,0
DA:298,0
end_of_record
TN:
SF:/proj/plasma/CODE/ert/fortplotlib/src/fortplot_colormap.f90
FN:13,__fortplot_colormap_MOD_get_colormap_color
FNDA:0,__fortplot_colormap_MOD_get_colormap_color
FN:42,__fortplot_colormap_MOD_colormap_value_to_color
FNDA:0,__fortplot_colormap_MOD_colormap_value_to_color
FN:59,__fortplot_colormap_MOD_viridis_colormap
FNDA:0,__fortplot_colormap_MOD_viridis_colormap
FN:72,__fortplot_colormap_MOD_plasma_colormap
FNDA:0,__fortplot_colormap_MOD_plasma_colormap
FN:84,__fortplot_colormap_MOD_inferno_colormap
FNDA:0,__fortplot_colormap_MOD_inferno_colormap
FN:97,__fortplot_colormap_MOD_coolwarm_colormap
FNDA:0,__fortplot_colormap_MOD_coolwarm_colormap
FN:109,__fortplot_colormap_MOD_jet_colormap
FNDA:0,__fortplot_colormap_MOD_jet_colormap
FN:121,__fortplot_colormap_MOD_crest_colormap
FNDA:0,__fortplot_colormap_MOD_crest_colormap
FN:137,__fortplot_colormap_MOD_interpolate_colormap
FNDA:0,__fortplot_colormap_MOD_interpolate_colormap
DA:13,0
DA:22,0
DA:24,0
DA:26,0
DA:28,0
DA:30,0
DA:32,0
DA:34,0
DA:36,0
DA:38,0
DA:40,0
DA:42,0
DA:50,0
DA:51,0
DA:53,0
DA:56,0
DA:57,0
DA:59,0
DA:69,0
DA:70,0
DA:72,0
DA:81,0
DA:82,0
DA:84,0
DA:93,0
DA:94,0
DA:97,0
DA:106,0
DA:107,0
DA:109,0
DA:118,0
DA:119,0
DA:121,0
DA:131,0
DA:132,0
DA:137,0
DA:146,0
DA:148,0
DA:149,0
DA:150,0
DA:154,0
DA:155,0
DA:157,0
DA:158,0
DA:159,0
DA:160,0
DA:162,0
DA:163,0
DA:165,0
DA:166,0
DA:167,0
end_of_record
TN:
SF:/proj/plasma/CODE/ert/fortplotlib/src/fortplot_ascii.f90
FN:54,__fortplot_ascii_MOD_create_ascii_canvas
FNDA:14,__fortplot_ascii_MOD_create_ascii_canvas
FN:83,__fortplot_ascii_MOD_ascii_draw_line
FNDA:766,__fortplot_ascii_MOD_ascii_draw_line
FN:149,__fortplot_ascii_MOD_ascii_set_color
FNDA:40,__fortplot_ascii_MOD_ascii_set_color
FN:158,__fortplot_ascii_MOD_ascii_set_line_width
FNDA:18,__fortplot_ascii_MOD_ascii_set_line_width
FN:167,__fortplot_ascii_MOD_ascii_draw_text
FNDA:6,__fortplot_ascii_MOD_ascii_draw_text
FN:207,__fortplot_ascii_MOD_ascii_set_title
FNDA:8,__fortplot_ascii_MOD_ascii_set_title
FN:216,__fortplot_ascii_MOD_ascii_finalize
FNDA:14,__fortplot_ascii_MOD_ascii_finalize
FN:232,__fortplot_ascii_MOD_output_to_terminal
FNDA:2,__fortplot_ascii_MOD_output_to_terminal
FN:256,__fortplot_ascii_MOD_output_to_file
FNDA:12,__fortplot_ascii_MOD_output_to_file
FN:282,__fortplot_ascii_MOD_get_char_density
FNDA:284,__fortplot_ascii_MOD_get_char_density
FN:313,__fortplot_ascii_MOD_get_blend_char
FNDA:92,__fortplot_ascii_MOD_get_blend_char
FN:344,__fortplot_ascii_MOD_render_text_elements_to_canvas
FNDA:14,__fortplot_ascii_MOD_render_text_elements_to_canvas
FN:383,__fortplot_ascii_MOD_print_centered_title
FNDA:2,__fortplot_ascii_MOD_print_centered_title
FN:400,__fortplot_ascii_MOD_write_centered_title
FNDA:6,__fortplot_ascii_MOD_write_centered_title
FN:418,__fortplot_ascii_MOD_ascii_draw_marker
FNDA:766,__fortplot_ascii_MOD_ascii_draw_marker
FN:464,__fortplot_ascii_MOD_ascii_set_marker_colors
FNDA:0,__fortplot_ascii_MOD_ascii_set_marker_colors
FN:473,__fortplot_ascii_MOD_ascii_set_marker_colors_with_alpha
FNDA:0,__fortplot_ascii_MOD_ascii_set_marker_colors_with_alpha
FN:483,__fortplot_ascii_MOD___copy_fortplot_ascii_Ascii_context
FNDA:14,__fortplot_ascii_MOD___copy_fortplot_ascii_Ascii_context
FN:483,__fortplot_ascii_MOD___final_fortplot_ascii_Ascii_context
FNDA:12,__fortplot_ascii_MOD___final_fortplot_ascii_Ascii_context
FN:483,__fortplot_ascii_MOD___copy_fortplot_ascii_Text_element_t
FNDA:0,__fortplot_ascii_MOD___copy_fortplot_ascii_Text_element_t
FN:483,__fortplot_ascii_MOD___final_fortplot_ascii_Text_element_t
FNDA:0,__fortplot_ascii_MOD___final_fortplot_ascii_Text_element_t
DA:54,14
DA:62,14
DA:63,14
DA:65,14
DA:67,14
DA:68,14
DA:70,14
DA:71,34734
DA:74,294
DA:75,14
DA:76,14
DA:78,14
DA:79,14
DA:80,14
DA:81,28
DA:83,766
DA:93,766
DA:94,0
DA:97,766
DA:98,0
DA:99,766
DA:100,738
DA:101,28
DA:102,0
DA:103,28
DA:104,0
DA:105,28
DA:106,0
DA:107,28
DA:108,0
DA:110,28
DA:113,766
DA:114,766
DA:115,766
DA:117,766
DA:119,766
DA:120,766
DA:121,766
DA:123,766
DA:124,766
DA:126,1166366
DA:128,1165600
DA:129,1165600
DA:136,1165600
DA:137,8154
DA:138,2148
DA:139,6006
DA:140,92
DA:144,1165600
DA:145,1166366
DA:149,40
DA:153,40
DA:154,40
DA:155,40
DA:156,40
DA:158,18
DA:165,18
DA:167,6
DA:174,6
DA:175,0
DA:179,6
DA:180,6
DA:184,6
DA:186,6
DA:187,6
DA:190,0
DA:191,0
DA:195,6
DA:196,6
DA:198,6
DA:199,6
DA:200,6
DA:201,6
DA:202,6
DA:203,6
DA:205,6
DA:207,8
DA:212,8
DA:213,8
DA:214,8
DA:216,14
DA:222,14
DA:223,2
DA:225,12
DA:226,12
DA:227,12
DA:228,12
DA:230,14
DA:232,2
DA:237,2
DA:239,2
DA:240,2
DA:241,2
DA:244,162
DA:245,62
DA:246,60
DA:247,4860
DA:248,4860
DA:250,62
DA:253,162
DA:254,2
DA:256,12
DA:262,12
DA:264,12
DA:265,6
DA:266,6
DA:270,972
DA:271,372
DA:272,360
DA:273,29160
DA:274,29160
DA:276,372
DA:279,972
DA:280,12
DA:282,284
DA:285,56
DA:287,56
DA:289,88
DA:291,0
DA:293,14
DA:295,0
DA:297,0
DA:299,0
DA:301,2
DA:303,90
DA:305,2
DA:307,0
DA:309,284
DA:311,284
DA:313,92
DA:316,4
DA:318,8
DA:319,4
DA:321,0
DA:324,0
DA:325,0
DA:327,0
DA:330,0
DA:331,0
DA:333,0
DA:336,92
DA:337,86
DA:339,2
DA:342,92
DA:344,14
DA:351,20
DA:352,6
DA:355,74
DA:356,54
DA:360,60
DA:362,54
DA:365,54
DA:366,20
DA:367,34
DA:368,0
DA:369,34
DA:370,0
DA:374,54
DA:376,54
DA:381,14
DA:383,2
DA:388,2
DA:390,2
DA:391,2
DA:392,0
DA:394,2
DA:395,48
DA:396,2
DA:398,4
DA:400,6
DA:406,6
DA:408,6
DA:409,6
DA:410,0
DA:412,6
DA:413,184
DA:414,6
DA:416,12
DA:418,766
DA:426,766
DA:427,766
DA:430,18
DA:432,18
DA:434,0
DA:436,0
DA:438,0
DA:440,0
DA:442,0
DA:444,0
DA:446,0
DA:448,0
DA:450,0
DA:452,0
DA:454,0
DA:456,784
DA:459,766
DA:460,766
DA:462,766
DA:464,0
DA:471,0
DA:473,0
DA:481,0
DA:483,294
DA:483,264
DA:483,0
DA:483,0
end_of_record
TN:
SF:/proj/plasma/CODE/ert/fortplotlib/src/fortplot_jpeg.f90
FN:49,__fortplot_jpeg_MOD_initialize_huffman_tables
FNDA:15,__fortplot_jpeg_MOD_initialize_huffman_tables
FN:99,__fortplot_jpeg_MOD_create_jpeg_canvas
FNDA:7,__fortplot_jpeg_MOD_create_jpeg_canvas
FN:118,__fortplot_jpeg_MOD_jpeg_set_quality
FNDA:0,__fortplot_jpeg_MOD_jpeg_set_quality
FN:128,__fortplot_jpeg_MOD_jpeg_finalize
FNDA:5,__fortplot_jpeg_MOD_jpeg_finalize
FN:136,__fortplot_jpeg_MOD_generate_jpeg_data
FNDA:14,__fortplot_jpeg_MOD_generate_jpeg_data
FN:172,__fortplot_jpeg_MOD_write_jpeg_file
FNDA:6,__fortplot_jpeg_MOD_write_jpeg_file
FN:191,__fortplot_jpeg_MOD_get_jpeg_data
FNDA:8,__fortplot_jpeg_MOD_get_jpeg_data
FN:201,__fortplot_jpeg_MOD_calculate_jpeg_buffer_size
FNDA:14,__fortplot_jpeg_MOD_calculate_jpeg_buffer_size
FN:209,__fortplot_jpeg_MOD_write_jpeg_soi
FNDA:14,__fortplot_jpeg_MOD_write_jpeg_soi
FN:218,__fortplot_jpeg_MOD_write_jpeg_app0
FNDA:14,__fortplot_jpeg_MOD_write_jpeg_app0
FN:244,__fortplot_jpeg_MOD_write_jpeg_dqt
FNDA:14,__fortplot_jpeg_MOD_write_jpeg_dqt
FN:266,__fortplot_jpeg_MOD_write_y_qtable
FNDA:14,__fortplot_jpeg_MOD_write_y_qtable
FN:308,__fortplot_jpeg_MOD_write_uv_qtable
FNDA:14,__fortplot_jpeg_MOD_write_uv_qtable
FN:350,__fortplot_jpeg_MOD_write_jpeg_sof0
FNDA:14,__fortplot_jpeg_MOD_write_jpeg_sof0
FN:386,__fortplot_jpeg_MOD_write_be16
FNDA:28,__fortplot_jpeg_MOD_write_be16
FN:394,__fortplot_jpeg_MOD_write_jpeg_dht
FNDA:14,__fortplot_jpeg_MOD_write_jpeg_dht
FN:447,__fortplot_jpeg_MOD_write_stb_ac_table
FNDA:28,__fortplot_jpeg_MOD_write_stb_ac_table
FN:514,__fortplot_jpeg_MOD_write_dc_huffman_table
FNDA:0,__fortplot_jpeg_MOD_write_dc_huffman_table
FN:558,__fortplot_jpeg_MOD_write_ac_huffman_table
FNDA:0,__fortplot_jpeg_MOD_write_ac_huffman_table
FN:651,__fortplot_jpeg_MOD_write_jpeg_sos
FNDA:14,__fortplot_jpeg_MOD_write_jpeg_sos
FN:678,__fortplot_jpeg_MOD_encode_jpeg_scan_data_stb_style
FNDA:14,__fortplot_jpeg_MOD_encode_jpeg_scan_data_stb_style
FN:717,__fortplot_jpeg_MOD_append_scan_data
FNDA:14,__fortplot_jpeg_MOD_append_scan_data
FN:730,__fortplot_jpeg_MOD_write_jpeg_eoi
FNDA:14,__fortplot_jpeg_MOD_write_jpeg_eoi
FN:741,__fortplot_jpeg_MOD_calculate_average_luminance
FNDA:0,__fortplot_jpeg_MOD_calculate_average_luminance
FN:763,__fortplot_jpeg_MOD_create_minimal_valid_scan_data
FNDA:0,__fortplot_jpeg_MOD_create_minimal_valid_scan_data
FN:794,__fortplot_jpeg_MOD_fix_forbidden_sequences
FNDA:0,__fortplot_jpeg_MOD_fix_forbidden_sequences
FN:811,__fortplot_jpeg_MOD_rgb_to_ycbcr
FNDA:14,__fortplot_jpeg_MOD_rgb_to_ycbcr
FN:834,__fortplot_jpeg_MOD_extract_rgb_pixel
FNDA:11153,__fortplot_jpeg_MOD_extract_rgb_pixel
FN:852,__fortplot_jpeg_MOD_extract_8x8_block
FNDA:188,__fortplot_jpeg_MOD_extract_8x8_block
FN:868,__fortplot_jpeg_MOD_apply_dct_8x8
FNDA:0,__fortplot_jpeg_MOD_apply_dct_8x8
FN:901,__fortplot_jpeg_MOD_zigzag_reorder
FNDA:0,__fortplot_jpeg_MOD_zigzag_reorder
FN:921,__fortplot_jpeg_MOD_quantize_block
FNDA:0,__fortplot_jpeg_MOD_quantize_block
FN:936,__fortplot_jpeg_MOD_get_quantization_table
FNDA:0,__fortplot_jpeg_MOD_get_quantization_table
FN:962,__fortplot_jpeg_MOD_encode_blocks_stb_style
FNDA:14,__fortplot_jpeg_MOD_encode_blocks_stb_style
FN:996,__fortplot_jpeg_MOD_process_du_stb_style
FNDA:312,__fortplot_jpeg_MOD_process_du_stb_style
FN:1084,__fortplot_jpeg_MOD_get_dc_category
FNDA:902,__fortplot_jpeg_MOD_get_dc_category
FN:1119,__fortplot_jpeg_MOD_get_ac_category
FNDA:870,__fortplot_jpeg_MOD_get_ac_category
FN:1128,__fortplot_jpeg_MOD_stb_write_bits
FNDA:2389,__fortplot_jpeg_MOD_stb_write_bits
FN:1159,__fortplot_jpeg_MOD_write_byte_to_output
FNDA:2178,__fortplot_jpeg_MOD_write_byte_to_output
FN:1172,__fortplot_jpeg_MOD_expand_output_buffer
FNDA:0,__fortplot_jpeg_MOD_expand_output_buffer
FN:1189,__fortplot_jpeg_MOD_get_stb_quantization_tables
FNDA:14,__fortplot_jpeg_MOD_get_stb_quantization_tables
FN:1244,__fortplot_jpeg_MOD_apply_dct_and_quantize_stb_style
FNDA:312,__fortplot_jpeg_MOD_apply_dct_and_quantize_stb_style
FN:1274,__fortplot_jpeg_MOD_apply_stb_dct_8x8
FNDA:312,__fortplot_jpeg_MOD_apply_stb_dct_8x8
FN:1290,__fortplot_jpeg_MOD_stb_dct_1d
FNDA:4992,__fortplot_jpeg_MOD_stb_dct_1d
FN:1338,__fortplot_jpeg_MOD_get_uvdc_code
FNDA:16,__fortplot_jpeg_MOD_get_uvdc_code
FN:1351,__fortplot_jpeg_MOD_get_uvdc_bits
FNDA:16,__fortplot_jpeg_MOD_get_uvdc_bits
FN:1364,__fortplot_jpeg_MOD_encode_ac_symbol_stb_style
FNDA:870,__fortplot_jpeg_MOD_encode_ac_symbol_stb_style
FN:1377,__fortplot_jpeg_MOD_encode_yac_symbol
FNDA:345,__fortplot_jpeg_MOD_encode_yac_symbol
FN:1394,__fortplot_jpeg_MOD_encode_uvac_symbol
FNDA:525,__fortplot_jpeg_MOD_encode_uvac_symbol
FN:1409,__fortplot_jpeg_MOD_write_dc_value_bits_stb_style
FNDA:902,__fortplot_jpeg_MOD_write_dc_value_bits_stb_style
FN:1424,__fortplot_jpeg_MOD_write_ac_value_bits_stb_style
FNDA:870,__fortplot_jpeg_MOD_write_ac_value_bits_stb_style
FN:1431,__fortplot_jpeg_MOD_extract_subsampled_8x8_block
FNDA:124,__fortplot_jpeg_MOD_extract_subsampled_8x8_block
FN:1448,__fortplot_jpeg_MOD_write_dc_value_bits
FNDA:0,__fortplot_jpeg_MOD_write_dc_value_bits
FN:1467,__fortplot_jpeg_MOD_write_ac_value_bits
FNDA:0,__fortplot_jpeg_MOD_write_ac_value_bits
FN:1476,__fortplot_jpeg_MOD_pack_scan_data
FNDA:0,__fortplot_jpeg_MOD_pack_scan_data
FN:1488,__fortplot_jpeg_MOD___copy_fortplot_jpeg_Bit_writer_t
FNDA:0,__fortplot_jpeg_MOD___copy_fortplot_jpeg_Bit_writer_t
FN:1488,__fortplot_jpeg_MOD___final_fortplot_jpeg_Bit_writer_t
FNDA:0,__fortplot_jpeg_MOD___final_fortplot_jpeg_Bit_writer_t
FN:1488,__fortplot_jpeg_MOD___copy_fortplot_jpeg_Jpeg_context
FNDA:0,__fortplot_jpeg_MOD___copy_fortplot_jpeg_Jpeg_context
DA:49,15
DA:50,15
DA:53,30
DA:54,30
DA:55,30
DA:56,30
DA:57,30
DA:58,30
DA:59,30
DA:60,30
DA:61,30
DA:62,30
DA:63,30
DA:64,30
DA:67,30
DA:68,30
DA:69,30
DA:70,30
DA:71,30
DA:72,30
DA:73,30
DA:74,30
DA:75,30
DA:76,30
DA:77,30
DA:78,30
DA:81,30
DA:82,30
DA:83,30
DA:84,30
DA:85,30
DA:86,30
DA:89,30
DA:90,30
DA:91,30
DA:92,30
DA:93,30
DA:94,30
DA:96,10
DA:99,7
DA:105,7
DA:108,7
DA:111,7
DA:112,5
DA:114,2
DA:116,14
DA:118,0
DA:123,0
DA:124,0
DA:128,5
DA:132,5
DA:133,5
DA:136,14
DA:142,14
DA:145,14
DA:146,14
DA:148,14
DA:151,14
DA:152,14
DA:153,14
DA:154,14
DA:155,14
DA:156,14
DA:159,14
DA:160,14
DA:163,14
DA:166,21422
DA:168,14
DA:169,14
DA:172,6
DA:177,6
DA:180,6
DA:182,6
DA:183,6
DA:184,6
DA:186,6
DA:187,6
DA:188,12
DA:191,8
DA:196,8
DA:197,8
DA:201,14
DA:206,14
DA:207,14
DA:209,14
DA:213,14
DA:214,14
DA:215,14
DA:216,14
DA:218,14
DA:223,14
DA:224,14
DA:225,14
DA:226,14
DA:227,14
DA:228,14
DA:229,14
DA:230,14
DA:231,14
DA:232,14
DA:233,14
DA:234,14
DA:235,14
DA:236,14
DA:237,14
DA:238,14
DA:239,14
DA:240,14
DA:241,14
DA:242,14
DA:244,14
DA:250,14
DA:251,14
DA:252,14
DA:253,14
DA:256,14
DA:257,14
DA:260,14
DA:261,14
DA:263,14
DA:264,14
DA:266,14
DA:294,14
DA:295,14
DA:296,0
DA:298,14
DA:302,910
DA:303,896
DA:304,910
DA:306,14
DA:308,14
DA:336,14
DA:337,14
DA:338,0
DA:340,14
DA:344,910
DA:345,896
DA:346,910
DA:348,14
DA:350,14
DA:356,14
DA:357,14
DA:358,14
DA:359,14
DA:360,14
DA:363,14
DA:364,14
DA:366,14
DA:369,14
DA:370,14
DA:371,14
DA:374,14
DA:375,14
DA:376,14
DA:379,14
DA:380,14
DA:381,14
DA:383,14
DA:384,14
DA:386,28
DA:390,28
DA:391,28
DA:392,28
DA:394,14
DA:417,14
DA:418,14
DA:419,14
DA:420,14
DA:423,14
DA:424,238
DA:425,182
DA:426,14
DA:429,14
DA:432,14
DA:433,238
DA:434,182
DA:435,14
DA:438,14
DA:441,14
DA:442,14
DA:443,14
DA:445,14
DA:447,28
DA:499,28
DA:501,14
DA:502,238
DA:503,2282
DA:504,14
DA:507,14
DA:508,238
DA:509,2282
DA:510,14
DA:512,28
DA:514,0
DA:535,0
DA:536,0
DA:537,0
DA:539,0
DA:540,0
DA:541,0
DA:542,0
DA:543,0
DA:544,0
DA:545,0
DA:546,0
DA:548,0
DA:549,0
DA:550,0
DA:551,0
DA:552,0
DA:553,0
DA:554,0
DA:556,0
DA:558,0
DA:631,0
DA:632,0
DA:634,0
DA:635,0
DA:636,0
DA:637,0
DA:638,0
DA:639,0
DA:640,0
DA:642,0
DA:643,0
DA:644,0
DA:645,0
DA:646,0
DA:647,0
DA:649,0
DA:651,14
DA:656,14
DA:657,14
DA:658,14
DA:659,14
DA:660,14
DA:663,14
DA:664,14
DA:665,14
DA:666,14
DA:667,14
DA:668,14
DA:670,14
DA:671,14
DA:672,14
DA:674,14
DA:675,14
DA:678,14
DA:683,14
DA:684,14
DA:688,14
DA:689,14
DA:690,14
DA:691,14
DA:694,14
DA:697,14
DA:698,14
DA:699,14
DA:702,14
DA:705,14
DA:706,8
DA:710,14
DA:711,2206
DA:713,14
DA:714,14
DA:715,14
DA:717,14
DA:724,2192
DA:725,2192
DA:727,14
DA:728,14
DA:730,14
DA:734,14
DA:735,14
DA:736,14
DA:737,14
DA:741,0
DA:749,0
DA:750,0
DA:752,0
DA:753,0
DA:754,0
DA:755,0
DA:756,0
DA:760,0
DA:761,0
DA:763,0
DA:773,0
DA:776,0
DA:777,0
DA:780,0
DA:783,0
DA:786,0
DA:791,0
DA:792,0
DA:794,0
DA:801,0
DA:802,0
DA:804,0
DA:805,0
DA:809,0
DA:811,14
DA:819,14
DA:821,227
DA:822,11380
DA:824,11153
DA:827,11153
DA:828,11153
DA:829,11366
DA:832,14
DA:834,11153
DA:842,11153
DA:844,11153
DA:845,11153
DA:846,11153
DA:847,11153
DA:852,188
DA:859,1692
DA:860,13724
DA:861,12032
DA:862,12032
DA:863,13536
DA:866,188
DA:868,0
DA:878,0
DA:879,0
DA:880,0
DA:882,0
DA:883,0
DA:885,0
DA:890,0
DA:891,0
DA:893,0
DA:898,0
DA:899,0
DA:901,0
DA:914,0
DA:915,0
DA:916,0
DA:917,0
DA:919,0
DA:921,0
DA:928,0
DA:931,0
DA:932,0
DA:934,0
DA:936,0
DA:950,0
DA:952,0
DA:953,0
DA:954,0
DA:956,0
DA:962,14
DA:974,14
DA:977,42
DA:978,230
DA:980,188
DA:981,188
DA:984,216
DA:985,62
DA:986,62
DA:988,62
DA:989,62
DA:993,14
DA:996,312
DA:1011,312
DA:1014,312
DA:1015,312
DA:1017,280
DA:1018,172
DA:1020,108
DA:1023,32
DA:1024,32
DA:1025,32
DA:1026,16
DA:1029,16
DA:1031,32
DA:1036,312
DA:1039,312
DA:1040,18645
DA:1041,18333
DA:1044,312
DA:1046,286
DA:1047,286
DA:1051,26
DA:1052,896
DA:1053,870
DA:1054,1323
DA:1055,453
DA:1057,870
DA:1060,870
DA:1061,0
DA:1062,0
DA:1065,870
DA:1066,870
DA:1068,870
DA:1069,870
DA:1070,870
DA:1074,26
DA:1075,11
DA:1084,902
DA:1090,902
DA:1092,902
DA:1093,0
DA:1094,902
DA:1095,220
DA:1096,682
DA:1097,243
DA:1098,439
DA:1099,215
DA:1100,224
DA:1101,114
DA:1102,110
DA:1103,66
DA:1104,44
DA:1105,27
DA:1106,17
DA:1107,3
DA:1108,14
DA:1109,9
DA:1110,5
DA:1111,5
DA:1112,0
DA:1113,0
DA:1115,0
DA:1117,902
DA:1119,870
DA:1124,870
DA:1125,870
DA:1128,2389
DA:1135,2389
DA:1138,2389
DA:1141,4243
DA:1143,1854
DA:1146,1854
DA:1149,1854
DA:1150,324
DA:1154,1854
DA:1155,1854
DA:1157,2389
DA:1159,2178
DA:1164,2178
DA:1165,0
DA:1168,2178
DA:1169,2178
DA:1170,2178
DA:1172,0
DA:1174,0
DA:1177,0
DA:1178,0
DA:1179,0
DA:1180,0
DA:1182,0
DA:1183,0
DA:1184,0
DA:1185,0
DA:1186,0
DA:1189,14
DA:1219,14
DA:1220,14
DA:1221,0
DA:1223,14
DA:1227,910
DA:1228,896
DA:1229,896
DA:1230,896
DA:1231,910
DA:1235,126
DA:1236,1022
DA:1237,896
DA:1238,896
DA:1239,1008
DA:1242,14
DA:1244,312
DA:1263,312
DA:1264,312
DA:1267,20280
DA:1268,19968
DA:1269,19968
DA:1270,20280
DA:1272,312
DA:1274,312
DA:1280,2808
DA:1281,2808
DA:1285,2808
DA:1286,2808
DA:1288,312
DA:1290,4992
DA:1296,4992
DA:1297,4992
DA:1299,4992
DA:1300,4992
DA:1301,4992
DA:1302,4992
DA:1303,4992
DA:1304,4992
DA:1305,4992
DA:1306,4992
DA:1309,4992
DA:1310,4992
DA:1311,4992
DA:1312,4992
DA:1314,4992
DA:1315,4992
DA:1316,4992
DA:1317,4992
DA:1320,4992
DA:1321,4992
DA:1322,4992
DA:1323,4992
DA:1325,4992
DA:1326,4992
DA:1327,4992
DA:1329,4992
DA:1330,4992
DA:1332,4992
DA:1333,4992
DA:1334,4992
DA:1335,4992
DA:1336,4992
DA:1338,16
DA:1344,16
DA:1345,16
DA:1347,0
DA:1349,16
DA:1351,16
DA:1357,16
DA:1358,16
DA:1360,0
DA:1362,16
DA:1364,870
DA:1370,870
DA:1371,345
DA:1373,525
DA:1375,870
DA:1377,345
DA:1382,345
DA:1384,0
DA:1386,42
DA:1388,78
DA:1390,345
DA:1392,345
DA:1394,525
DA:1399,525
DA:1401,0
DA:1403,127
DA:1405,525
DA:1407,525
DA:1409,902
DA:1415,902
DA:1416,434
DA:1418,468
DA:1421,902
DA:1422,902
DA:1424,870
DA:1428,870
DA:1429,870
DA:1431,124
DA:1439,1116
DA:1440,9052
DA:1441,7936
DA:1442,7936
DA:1443,8928
DA:1446,124
DA:1448,0
DA:1456,0
DA:1457,0
DA:1459,0
DA:1463,0
DA:1464,0
DA:1465,0
DA:1467,0
DA:1473,0
DA:1474,0
DA:1476,0
DA:1483,0
DA:1484,0
DA:1486,0
DA:1488,0
DA:1488,0
DA:1488,0
end_of_record
TN:
SF:/proj/plasma/CODE/ert/fortplotlib/src/fortplot_pcolormesh.f90
FN:58,__fortplot_pcolormesh_MOD_initialize_regular_grid
FNDA:6,__fortplot_pcolormesh_MOD_initialize_regular_grid
FN:114,__fortplot_pcolormesh_MOD_initialize_irregular_grid
FNDA:0,__fortplot_pcolormesh_MOD_initialize_irregular_grid
FN:160,__fortplot_pcolormesh_MOD_get_data_range
FNDA:12,__fortplot_pcolormesh_MOD_get_data_range
FN:172,__fortplot_pcolormesh_MOD_get_quad_vertices
FNDA:0,__fortplot_pcolormesh_MOD_get_quad_vertices
FN:197,__fortplot_pcolormesh_MOD_validate_pcolormesh_grid
FNDA:0,__fortplot_pcolormesh_MOD_validate_pcolormesh_grid
FN:220,__fortplot_pcolormesh_MOD_create_regular_mesh_grid
FNDA:0,__fortplot_pcolormesh_MOD_create_regular_mesh_grid
FN:239,__fortplot_pcolormesh_MOD___copy_fortplot_pcolormesh_Pcolormesh_t
FNDA:0,__fortplot_pcolormesh_MOD___copy_fortplot_pcolormesh_Pcolormesh_t
FN:239,__fortplot_pcolormesh_MOD___final_fortplot_pcolormesh_Pcolormesh_t
FNDA:0,__fortplot_pcolormesh_MOD___final_fortplot_pcolormesh_Pcolormesh_t
DA:58,6
DA:75,6
DA:76,6
DA:78,6
DA:79,0
DA:81,6
DA:82,0
DA:86,6
DA:87,6
DA:88,6
DA:90,6
DA:91,6
DA:92,6
DA:95,26
DA:96,108
DA:97,82
DA:98,102
DA:103,74
DA:106,6
DA:107,4
DA:111,6
DA:112,6
DA:114,0
DA:128,0
DA:129,0
DA:131,0
DA:132,0
DA:134,0
DA:135,0
DA:139,0
DA:140,0
DA:141,0
DA:143,0
DA:144,0
DA:145,0
DA:147,0
DA:148,0
DA:149,0
DA:152,0
DA:153,0
DA:157,0
DA:158,0
DA:160,12
DA:164,12
DA:165,136
DA:167,12
DA:168,136
DA:170,12
DA:172,0
DA:184,0
DA:185,0
DA:187,0
DA:188,0
DA:190,0
DA:191,0
DA:193,0
DA:194,0
DA:195,0
DA:197,0
DA:208,0
DA:209,0
DA:211,0
DA:212,0
DA:215,0
DA:216,0
DA:218,0
DA:220,0
DA:228,0
DA:229,0
DA:231,0
DA:232,0
DA:233,0
DA:234,0
DA:237,0
DA:239,0
DA:239,0
end_of_record
TN:
SF:/proj/plasma/CODE/ert/fortplotlib/src/fortplot_streamplot_matplotlib.f90
FN:14,__fortplot_streamplot_matplotlib_MOD_streamplot_matplotlib
FNDA:22,__fortplot_streamplot_matplotlib_MOD_streamplot_matplotlib
FN:94,__fortplot_streamplot_matplotlib_MOD_integrate_matplotlib_style
FNDA:8680,__fortplot_streamplot_matplotlib_MOD_integrate_matplotlib_style
FN:165,__fortplot_streamplot_matplotlib_MOD_integrate_direction
FNDA:17360,__fortplot_streamplot_matplotlib_MOD_integrate_direction
FN:261,__fortplot_streamplot_matplotlib_MOD_rescale_velocity_to_grid_coordinates
FNDA:22,__fortplot_streamplot_matplotlib_MOD_rescale_velocity_to_grid_coordinates
FN:294,__fortplot_streamplot_matplotlib_MOD_interpolate_velocity_prescaled
FNDA:121388,__fortplot_streamplot_matplotlib_MOD_interpolate_velocity_prescaled
FN:355,__fortplot_streamplot_matplotlib_MOD_interpolate_velocity
FNDA:0,__fortplot_streamplot_matplotlib_MOD_interpolate_velocity
FN:407,__fortplot_streamplot_matplotlib_MOD_start_trajectory_in_mask
FNDA:8680,__fortplot_streamplot_matplotlib_MOD_start_trajectory_in_mask
FN:423,__fortplot_streamplot_matplotlib_MOD_reset_trajectory_start
FNDA:8680,__fortplot_streamplot_matplotlib_MOD_reset_trajectory_start
FN:434,__fortplot_streamplot_matplotlib_MOD_update_trajectory_in_mask
FNDA:0,__fortplot_streamplot_matplotlib_MOD_update_trajectory_in_mask
FN:444,__fortplot_streamplot_matplotlib_MOD_update_trajectory_in_mask_with_broken_streams
FNDA:56548,__fortplot_streamplot_matplotlib_MOD_update_trajectory_in_mask_with_broken_streams
FN:465,__fortplot_streamplot_matplotlib_MOD_calculate_trajectory_length
FNDA:0,__fortplot_streamplot_matplotlib_MOD_calculate_trajectory_length
DA:14,22
DA:24,22
DA:27,22
DA:30,22
DA:35,22
DA:38,22
DA:39,22
DA:42,22
DA:46,198
DA:49,22
DA:52,66
DA:57,22
DA:58,22
DA:59,76508066
DA:60,38254
DA:61,22
DA:64,38254
DA:65,38232
DA:66,38232
DA:69,38254
DA:71,8680
DA:75,8680
DA:78,8680
DA:79,1626
DA:82,37292
DA:83,37292
DA:84,1626
DA:91,22
DA:92,22
DA:94,8680
DA:109,8680
DA:112,8680
DA:115,8680
DA:116,15638
DA:120,8680
DA:123,8680
DA:127,8680
DA:130,8680
DA:134,8680
DA:139,8680
DA:140,6958
DA:141,6958
DA:142,6958
DA:143,6958
DA:144,6958
DA:147,1722
DA:150,15744
DA:151,14022
DA:152,15744
DA:156,23784
DA:157,22062
DA:158,23784
DA:161,1722
DA:165,17360
DA:183,17360
DA:184,17360
DA:186,17360
DA:187,17360
DA:188,17360
DA:189,17360
DA:190,17360
DA:192,17360
DA:193,17360
DA:195,60694
DA:197,60694
DA:198,60694
DA:202,60694
DA:203,60694
DA:206,60694
DA:207,60694
DA:209,60694
DA:210,60694
DA:213,60694
DA:214,60694
DA:215,60694
DA:216,60694
DA:219,60694
DA:222,60694
DA:223,60370
DA:224,60370
DA:227,60370
DA:230,56548
DA:231,13504
DA:235,43044
DA:238,43010
DA:239,43010
DA:240,43010
DA:241,43010
DA:244,43010
DA:248,43334
DA:249,4364
DA:251,38970
DA:257,17360
DA:259,17360
DA:261,22
DA:269,22
DA:270,22
DA:272,22
DA:276,330
DA:277,6046
DA:278,5716
DA:279,6024
DA:284,330
DA:285,6046
DA:286,5716
DA:287,5716
DA:288,6024
DA:292,22
DA:294,121388
DA:306,121388
DA:307,121388
DA:310,121388
DA:311,0
DA:313,121388
DA:316,121388
DA:317,0
DA:319,121388
DA:323,121388
DA:324,121388
DA:327,121388
DA:328,121388
DA:329,121388
DA:330,121388
DA:331,121388
DA:332,121388
DA:333,121388
DA:336,121388
DA:337,121388
DA:338,121388
DA:339,121388
DA:340,121388
DA:341,121388
DA:342,121388
DA:345,121388
DA:346,121388
DA:347,121388
DA:348,121388
DA:349,121388
DA:350,121388
DA:351,121388
DA:353,121388
DA:355,0
DA:366,0
DA:367,0
DA:370,0
DA:371,0
DA:373,0
DA:376,0
DA:377,0
DA:379,0
DA:383,0
DA:384,0
DA:388,0
DA:389,0
DA:390,0
DA:391,0
DA:392,0
DA:393,0
DA:394,0
DA:397,0
DA:398,0
DA:399,0
DA:400,0
DA:401,0
DA:402,0
DA:403,0
DA:405,0
DA:407,8680
DA:414,8680
DA:415,8680
DA:416,8680
DA:417,8680
DA:419,0
DA:421,8680
DA:423,8680
DA:429,8680
DA:430,8680
DA:431,8680
DA:432,8680
DA:434,0
DA:440,0
DA:441,0
DA:442,0
DA:444,56548
DA:452,56548
DA:454,56548
DA:456,56548
DA:459,0
DA:460,0
DA:462,56548
DA:465,0
DA:473,0
DA:476,0
DA:478,0
DA:482,0
DA:484,0
DA:488,0
DA:490,0
end_of_record
TN:
SF:/proj/plasma/CODE/ert/fortplotlib/src/fortplot_vector.f90
FN:86,__fortplot_vector_MOD_initialize_vector_stream
FNDA:2,__fortplot_vector_MOD_initialize_vector_stream
FN:97,__fortplot_vector_MOD_add_to_vector_stream
FNDA:738,__fortplot_vector_MOD_add_to_vector_stream
FN:108,__fortplot_vector_MOD_draw_generic_vector_line
FNDA:158,__fortplot_vector_MOD_draw_generic_vector_line
FN:117,__fortplot_vector_MOD_set_generic_vector_color
FNDA:26,__fortplot_vector_MOD_set_generic_vector_color
FN:134,__fortplot_vector_MOD_set_generic_vector_line_width
FNDA:8,__fortplot_vector_MOD_set_generic_vector_line_width
FN:144,__fortplot_vector_MOD___copy_fortplot_vector_Vector_graphics_state
FNDA:0,__fortplot_vector_MOD___copy_fortplot_vector_Vector_graphics_state
FN:144,__fortplot_vector_MOD___final_fortplot_vector_Vector_stream_writer
FNDA:0,__fortplot_vector_MOD___final_fortplot_vector_Vector_stream_writer
DA:86,2
DA:89,2
DA:91,2
DA:92,2
DA:93,2
DA:94,2
DA:95,2
DA:97,738
DA:101,738
DA:102,738
DA:104,0
DA:106,738
DA:108,158
DA:112,158
DA:113,158
DA:114,158
DA:115,158
DA:117,26
DA:123,26
DA:126,24
DA:127,24
DA:128,24
DA:130,24
DA:132,26
DA:134,8
DA:138,8
DA:139,4
DA:140,4
DA:142,8
DA:144,0
DA:144,0
DA:144,738
end_of_record
TN:
SF:/proj/plasma/CODE/ert/fortplotlib/src/fortplot_utils.f90
FN:22,__fortplot_utils_MOD_get_backend_from_filename
FNDA:98,__fortplot_utils_MOD_get_backend_from_filename
FN:55,__fortplot_utils_MOD_initialize_backend
FNDA:98,__fortplot_utils_MOD_initialize_backend
FN:81,__fortplot_utils_MOD_to_lowercase
FNDA:98,__fortplot_utils_MOD_to_lowercase
DA:22,98
DA:34,98
DA:36,98
DA:37,98
DA:38,196
DA:40,84
DA:42,0
DA:44,2
DA:46,12
DA:48,196
DA:51,0
DA:53,98
DA:55,98
DA:67,98
DA:69,82
DA:71,0
DA:73,2
DA:75,308
DA:77,196
DA:79,98
DA:81,98
DA:91,392
DA:92,294
DA:93,392
DA:95,0
DA:97,294
DA:100,98
end_of_record
TN:
SF:/proj/plasma/CODE/ert/fortplotlib/src/fortplot_scales.f90
FN:17,__fortplot_scales_MOD_apply_scale_transform
FNDA:513788,__fortplot_scales_MOD_apply_scale_transform
FN:42,__fortplot_scales_MOD_apply_inverse_scale_transform
FNDA:0,__fortplot_scales_MOD_apply_inverse_scale_transform
FN:67,__fortplot_scales_MOD_transform_x_coordinate
FNDA:510,__fortplot_scales_MOD_transform_x_coordinate
FN:87,__fortplot_scales_MOD_transform_y_coordinate
FNDA:510,__fortplot_scales_MOD_transform_y_coordinate
FN:117,__fortplot_scales_MOD_apply_log_transform
FNDA:932,__fortplot_scales_MOD_apply_log_transform
FN:130,__fortplot_scales_MOD_apply_inverse_log_transform
FNDA:0,__fortplot_scales_MOD_apply_inverse_log_transform
FN:138,__fortplot_scales_MOD_apply_symlog_transform
FNDA:1824,__fortplot_scales_MOD_apply_symlog_transform
FN:156,__fortplot_scales_MOD_apply_inverse_symlog_transform
FNDA:0,__fortplot_scales_MOD_apply_inverse_symlog_transform
DA:17,513788
DA:30,513788
DA:32,511032
DA:34,932
DA:36,1824
DA:38,1027576
DA:40,1027576
DA:42,0
DA:55,0
DA:57,0
DA:59,0
DA:61,0
DA:63,0
DA:65,0
DA:67,510
DA:80,510
DA:81,510
DA:83,0
DA:85,510
DA:87,510
DA:103,510
DA:104,510
DA:106,510
DA:107,510
DA:108,508
DA:110,2
DA:113,0
DA:115,510
DA:117,932
DA:122,932
DA:123,932
DA:126,0
DA:128,932
DA:130,0
DA:135,0
DA:136,0
DA:138,1824
DA:144,1824
DA:146,62
DA:147,1762
DA:149,1100
DA:152,662
DA:154,1824
DA:156,0
DA:161,0
DA:163,0
DA:164,0
DA:166,0
DA:169,0
DA:171,0
end_of_record
TN:
SF:/proj/plasma/CODE/ert/fortplotlib/src/fortplot_pdf.f90
FN:50,__fortplot_pdf_MOD_create_pdf_canvas
FNDA:2,__fortplot_pdf_MOD_create_pdf_canvas
FN:62,__fortplot_pdf_MOD_initialize_pdf_stream
FNDA:2,__fortplot_pdf_MOD_initialize_pdf_stream
FN:74,__fortplot_pdf_MOD_draw_pdf_line
FNDA:158,__fortplot_pdf_MOD_draw_pdf_line
FN:84,__fortplot_pdf_MOD_set_pdf_color
FNDA:26,__fortplot_pdf_MOD_set_pdf_color
FN:91,__fortplot_pdf_MOD_set_pdf_line_width
FNDA:8,__fortplot_pdf_MOD_set_pdf_line_width
FN:99,__fortplot_pdf_MOD_draw_pdf_text
FNDA:6,__fortplot_pdf_MOD_draw_pdf_text
FN:118,__fortplot_pdf_MOD_draw_pdf_text_direct
FNDA:2,__fortplot_pdf_MOD_draw_pdf_text_direct
FN:135,__fortplot_pdf_MOD_draw_pdf_text_bold
FNDA:0,__fortplot_pdf_MOD_draw_pdf_text_bold
FN:147,__fortplot_pdf_MOD_write_pdf_file
FNDA:2,__fortplot_pdf_MOD_write_pdf_file
FN:157,__fortplot_pdf_MOD_normalize_to_pdf_coords
FNDA:376,__fortplot_pdf_MOD_normalize_to_pdf_coords
FN:169,__fortplot_pdf_MOD_draw_vector_line
FNDA:28,__fortplot_pdf_MOD_draw_vector_line
FN:182,__fortplot_pdf_MOD_finalize_pdf_stream
FNDA:2,__fortplot_pdf_MOD_finalize_pdf_stream
FN:188,__fortplot_pdf_MOD_create_pdf_document
FNDA:2,__fortplot_pdf_MOD_create_pdf_document
FN:198,__fortplot_pdf_MOD_write_pdf_structure
FNDA:2,__fortplot_pdf_MOD_write_pdf_structure
FN:208,__fortplot_pdf_MOD_write_all_objects
FNDA:2,__fortplot_pdf_MOD_write_all_objects
FN:220,__fortplot_pdf_MOD_write_xref_and_trailer
FNDA:2,__fortplot_pdf_MOD_write_xref_and_trailer
FN:250,__fortplot_pdf_MOD_write_catalog_object
FNDA:2,__fortplot_pdf_MOD_write_catalog_object
FN:259,__fortplot_pdf_MOD_write_pages_object
FNDA:2,__fortplot_pdf_MOD_write_pages_object
FN:270,__fortplot_pdf_MOD_write_page_object
FNDA:2,__fortplot_pdf_MOD_write_page_object
FN:285,__fortplot_pdf_MOD_write_content_object
FNDA:2,__fortplot_pdf_MOD_write_content_object
FN:301,__fortplot_pdf_MOD_write_font_object
FNDA:2,__fortplot_pdf_MOD_write_font_object
FN:311,__fortplot_pdf_MOD_get_position
FNDA:12,__fortplot_pdf_MOD_get_position
FN:317,__fortplot_pdf_MOD_write_string_to_unit
FNDA:64,__fortplot_pdf_MOD_write_string_to_unit
FN:332,__fortplot_pdf_MOD_draw_pdf_axes_and_labels
FNDA:2,__fortplot_pdf_MOD_draw_pdf_axes_and_labels
FN:373,__fortplot_pdf_MOD_draw_pdf_frame
FNDA:2,__fortplot_pdf_MOD_draw_pdf_frame
FN:391,__fortplot_pdf_MOD_draw_pdf_tick_marks
FNDA:2,__fortplot_pdf_MOD_draw_pdf_tick_marks
FN:419,__fortplot_pdf_MOD_draw_pdf_tick_labels
FNDA:2,__fortplot_pdf_MOD_draw_pdf_tick_labels
FN:469,__fortplot_pdf_MOD_draw_pdf_title_and_labels
FNDA:2,__fortplot_pdf_MOD_draw_pdf_title_and_labels
FN:505,__fortplot_pdf_MOD_draw_vertical_text_pdf
FNDA:0,__fortplot_pdf_MOD_draw_vertical_text_pdf
FN:534,__fortplot_pdf_MOD_pdf_save_graphics_state
FNDA:0,__fortplot_pdf_MOD_pdf_save_graphics_state
FN:540,__fortplot_pdf_MOD_pdf_restore_graphics_state
FNDA:0,__fortplot_pdf_MOD_pdf_restore_graphics_state
FN:547,__fortplot_pdf_MOD_draw_bold_text_isolated
FNDA:0,__fortplot_pdf_MOD_draw_bold_text_isolated
FN:578,__fortplot_pdf_MOD_pdf_write_command
FNDA:0,__fortplot_pdf_MOD_pdf_write_command
FN:584,__fortplot_pdf_MOD_pdf_write_move
FNDA:158,__fortplot_pdf_MOD_pdf_write_move
FN:592,__fortplot_pdf_MOD_pdf_write_line
FNDA:158,__fortplot_pdf_MOD_pdf_write_line
FN:600,__fortplot_pdf_MOD_pdf_write_stroke
FNDA:158,__fortplot_pdf_MOD_pdf_write_stroke
FN:605,__fortplot_pdf_MOD_pdf_write_color
FNDA:24,__fortplot_pdf_MOD_pdf_write_color
FN:613,__fortplot_pdf_MOD_pdf_write_fill_color
FNDA:0,__fortplot_pdf_MOD_pdf_write_fill_color
FN:621,__fortplot_pdf_MOD_pdf_write_line_width
FNDA:4,__fortplot_pdf_MOD_pdf_write_line_width
FN:629,__fortplot_pdf_MOD_pdf_save_state
FNDA:0,__fortplot_pdf_MOD_pdf_save_state
FN:634,__fortplot_pdf_MOD_pdf_restore_state
FNDA:0,__fortplot_pdf_MOD_pdf_restore_state
FN:639,__fortplot_pdf_MOD_draw_pdf_marker
FNDA:54,__fortplot_pdf_MOD_draw_pdf_marker
FN:650,__fortplot_pdf_MOD_draw_pdf_marker_by_style
FNDA:54,__fortplot_pdf_MOD_draw_pdf_marker_by_style
FN:671,__fortplot_pdf_MOD_pdf_set_marker_colors
FNDA:0,__fortplot_pdf_MOD_pdf_set_marker_colors
FN:680,__fortplot_pdf_MOD_pdf_set_marker_colors_with_alpha
FNDA:0,__fortplot_pdf_MOD_pdf_set_marker_colors_with_alpha
FN:690,__fortplot_pdf_MOD_draw_pdf_circle_with_outline
FNDA:0,__fortplot_pdf_MOD_draw_pdf_circle_with_outline
FN:735,__fortplot_pdf_MOD_draw_pdf_square_with_outline
FNDA:0,__fortplot_pdf_MOD_draw_pdf_square_with_outline
FN:758,__fortplot_pdf_MOD_draw_pdf_diamond_with_outline
FNDA:0,__fortplot_pdf_MOD_draw_pdf_diamond_with_outline
FN:787,__fortplot_pdf_MOD_draw_pdf_x_marker
FNDA:0,__fortplot_pdf_MOD_draw_pdf_x_marker
FN:812,__fortplot_pdf_MOD___copy_fortplot_pdf_Pdf_context
FNDA:2,__fortplot_pdf_MOD___copy_fortplot_pdf_Pdf_context
FN:812,__fortplot_pdf_MOD___final_fortplot_pdf_Pdf_context
FNDA:2,__fortplot_pdf_MOD___final_fortplot_pdf_Pdf_context
FN:812,__fortplot_pdf_MOD___copy_fortplot_pdf_Pdf_stream_writer
FNDA:0,__fortplot_pdf_MOD___copy_fortplot_pdf_Pdf_stream_writer
FN:812,__fortplot_pdf_MOD___final_fortplot_pdf_Pdf_stream_writer
FNDA:0,__fortplot_pdf_MOD___final_fortplot_pdf_Pdf_stream_writer
DA:50,2
DA:54,2
DA:55,2
DA:58,2
DA:59,2
DA:60,4
DA:62,2
DA:65,2
DA:67,2
DA:68,2
DA:69,2
DA:70,2
DA:71,2
DA:72,2
DA:74,316
DA:79,158
DA:80,158
DA:81,158
DA:82,158
DA:84,26
DA:88,26
DA:89,26
DA:91,8
DA:96,8
DA:97,8
DA:99,6
DA:106,6
DA:108,6
DA:109,6
DA:110,6
DA:111,6
DA:112,6
DA:113,6
DA:114,6
DA:115,6
DA:116,6
DA:118,2
DA:125,2
DA:126,2
DA:127,2
DA:128,2
DA:129,2
DA:130,2
DA:131,2
DA:132,2
DA:133,2
DA:135,0
DA:142,0
DA:143,0
DA:144,0
DA:145,0
DA:147,4
DA:152,2
DA:153,2
DA:154,2
DA:155,2
DA:157,376
DA:164,376
DA:166,376
DA:167,376
DA:169,28
DA:174,28
DA:175,28
DA:177,28
DA:178,28
DA:179,28
DA:180,28
DA:182,2
DA:184,2
DA:185,2
DA:188,2
DA:193,2
DA:194,2
DA:195,2
DA:196,2
DA:198,4
DA:203,2
DA:204,2
DA:205,2
DA:206,2
DA:208,2
DA:213,2
DA:214,2
DA:215,2
DA:216,2
DA:217,2
DA:218,2
DA:220,2
DA:226,2
DA:227,2
DA:228,2
DA:229,2
DA:231,2
DA:232,2
DA:233,2
DA:234,2
DA:235,2
DA:236,2
DA:237,2
DA:238,2
DA:239,2
DA:240,2
DA:242,2
DA:243,2
DA:244,2
DA:245,2
DA:246,2
DA:247,2
DA:248,2
DA:250,2
DA:253,2
DA:254,2
DA:255,2
DA:256,2
DA:257,2
DA:259,2
DA:264,2
DA:265,2
DA:266,2
DA:267,2
DA:268,2
DA:270,2
DA:276,2
DA:277,2
DA:278,2
DA:280,2
DA:281,2
DA:282,2
DA:283,2
DA:285,2
DA:291,2
DA:292,2
DA:293,2
DA:294,2
DA:295,2
DA:296,2
DA:297,2
DA:298,2
DA:299,2
DA:301,2
DA:305,2
DA:306,2
DA:307,2
DA:308,2
DA:309,2
DA:311,12
DA:313,12
DA:314,12
DA:315,12
DA:317,64
DA:321,64
DA:323,64
DA:324,40998
DA:325,40998
DA:327,64
DA:328,64
DA:329,64
DA:330,128
DA:332,2
DA:346,2
DA:349,2
DA:352,2
DA:355,2
DA:356,2
DA:358,0
DA:361,2
DA:362,2
DA:364,0
DA:366,2
DA:367,2
DA:370,2
DA:371,2
DA:373,2
DA:379,2
DA:380,2
DA:381,2
DA:382,2
DA:385,2
DA:386,2
DA:387,2
DA:388,2
DA:389,2
DA:391,2
DA:400,2
DA:401,2
DA:402,2
DA:403,2
DA:406,12
DA:407,12
DA:411,12
DA:414,10
DA:415,12
DA:417,2
DA:419,2
DA:429,2
DA:430,2
DA:433,12
DA:436,10
DA:438,10
DA:439,10
DA:440,10
DA:441,10
DA:442,10
DA:443,10
DA:444,10
DA:445,12
DA:449,12
DA:452,10
DA:456,10
DA:458,10
DA:459,10
DA:460,10
DA:461,10
DA:462,10
DA:463,10
DA:464,10
DA:465,12
DA:467,2
DA:469,2
DA:476,2
DA:478,2
DA:479,2
DA:480,0
DA:482,2
DA:485,2
DA:486,2
DA:490,2
DA:493,0
DA:495,0
DA:496,0
DA:500,2
DA:501,0
DA:503,2
DA:505,0
DA:514,0
DA:516,0
DA:519,0
DA:520,0
DA:521,0
DA:524,0
DA:525,0
DA:527,0
DA:528,0
DA:529,0
DA:530,0
DA:534,0
DA:537,0
DA:538,0
DA:540,0
DA:543,0
DA:544,0
DA:547,0
DA:556,0
DA:557,0
DA:559,0
DA:561,0
DA:563,0
DA:564,0
DA:565,0
DA:566,0
DA:567,0
DA:568,0
DA:569,0
DA:570,0
DA:571,0
DA:572,0
DA:573,0
DA:574,0
DA:578,0
DA:581,0
DA:582,0
DA:584,158
DA:588,158
DA:589,158
DA:590,158
DA:592,158
DA:596,158
DA:597,158
DA:598,158
DA:600,158
DA:602,158
DA:603,158
DA:605,24
DA:609,24
DA:610,24
DA:611,24
DA:613,0
DA:617,0
DA:618,0
DA:619,0
DA:621,4
DA:625,4
DA:626,4
DA:627,4
DA:629,0
DA:631,0
DA:632,0
DA:634,0
DA:636,0
DA:637,0
DA:639,54
DA:645,54
DA:647,54
DA:648,54
DA:650,54
DA:657,54
DA:659,0
DA:661,0
DA:663,0
DA:665,0
DA:667,54
DA:669,54
DA:671,0
DA:678,0
DA:680,0
DA:688,0
DA:690,0
DA:696,0
DA:699,0
DA:700,0
DA:704,0
DA:705,0
DA:706,0
DA:710,0
DA:711,0
DA:712,0
DA:716,0
DA:717,0
DA:718,0
DA:722,0
DA:723,0
DA:724,0
DA:729,0
DA:730,0
DA:731,0
DA:732,0
DA:733,0
DA:735,0
DA:741,0
DA:742,0
DA:746,0
DA:747,0
DA:752,0
DA:753,0
DA:754,0
DA:755,0
DA:756,0
DA:758,0
DA:764,0
DA:765,0
DA:768,0
DA:769,0
DA:770,0
DA:771,0
DA:772,0
DA:773,0
DA:774,0
DA:775,0
DA:776,0
DA:781,0
DA:782,0
DA:783,0
DA:784,0
DA:785,0
DA:787,0
DA:793,0
DA:794,0
DA:795,0
DA:798,0
DA:799,0
DA:800,0
DA:801,0
DA:802,0
DA:804,0
DA:805,0
DA:806,0
DA:807,0
DA:808,0
DA:809,0
DA:810,0
DA:812,2
DA:812,4
DA:812,0
DA:812,0
end_of_record
TN:
SF:/proj/plasma/CODE/ert/fortplotlib/src/fortplot_legend_layout.f90
FN:29,__fortplot_legend_layout_MOD_calculate_legend_box
FNDA:60,__fortplot_legend_layout_MOD_calculate_legend_box
FN:56,__fortplot_legend_layout_MOD_calculate_optimal_legend_dimensions
FNDA:60,__fortplot_legend_layout_MOD_calculate_optimal_legend_dimensions
FN:113,__fortplot_legend_layout_MOD_get_actual_text_dimensions
FNDA:0,__fortplot_legend_layout_MOD_get_actual_text_dimensions
FN:137,__fortplot_legend_layout_MOD_get_legend_margins
FNDA:60,__fortplot_legend_layout_MOD_get_legend_margins
FN:149,__fortplot_legend_layout_MOD_calculate_legend_position
FNDA:60,__fortplot_legend_layout_MOD_calculate_legend_position
FN:182,__fortplot_legend_layout_MOD___copy_fortplot_legend_layout_Legend_box_t
FNDA:0,__fortplot_legend_layout_MOD___copy_fortplot_legend_layout_Legend_box_t
DA:29,60
DA:38,60
DA:39,0
DA:40,0
DA:41,0
DA:46,60
DA:49,60
DA:52,60
DA:54,60
DA:56,60
DA:68,60
DA:72,60
DA:75,60
DA:76,60
DA:78,60
DA:79,60
DA:80,60
DA:82,328
DA:83,268
DA:84,268
DA:86,268
DA:87,268
DA:88,268
DA:89,268
DA:92,0
DA:94,268
DA:95,328
DA:99,60
DA:100,60
DA:101,60
DA:104,60
DA:108,60
DA:109,60
DA:111,60
DA:113,0
DA:122,0
DA:124,0
DA:125,0
DA:126,0
DA:127,0
DA:128,0
DA:131,0
DA:132,0
DA:135,0
DA:137,60
DA:144,60
DA:145,60
DA:147,60
DA:149,60
DA:162,68
DA:164,8
DA:165,8
DA:167,40
DA:168,40
DA:170,4
DA:171,4
DA:173,8
DA:174,8
DA:176,0
DA:177,60
DA:180,60
DA:182,0
end_of_record
TN:
SF:/proj/plasma/CODE/ert/fortplotlib/src/fortplot_legend.f90
FN:50,__fortplot_legend_MOD_create_legend
FNDA:0,__fortplot_legend_MOD_create_legend
FN:59,__fortplot_legend_MOD_legend_add_entry
FNDA:78,__fortplot_legend_MOD_legend_add_entry
FN:95,__fortplot_legend_MOD_legend_set_position
FNDA:14,__fortplot_legend_MOD_legend_set_position
FN:114,__fortplot_legend_MOD_legend_render
FNDA:32,__fortplot_legend_MOD_legend_render
FN:140,__fortplot_legend_MOD_render_ascii_legend
FNDA:2,__fortplot_legend_MOD_render_ascii_legend
FN:176,__fortplot_legend_MOD_render_standard_legend
FNDA:30,__fortplot_legend_MOD_render_standard_legend
FN:264,__fortplot_legend_MOD_calculate_legend_position
FNDA:32,__fortplot_legend_MOD_calculate_legend_position
FN:335,__fortplot_legend_MOD_draw_legend_box
FNDA:30,__fortplot_legend_MOD_draw_legend_box
FN:353,__fortplot_legend_MOD_draw_legend_border
FNDA:30,__fortplot_legend_MOD_draw_legend_border
FN:375,__fortplot_legend_MOD_get_ascii_marker_char
FNDA:0,__fortplot_legend_MOD_get_ascii_marker_char
FN:411,__fortplot_legend_MOD___copy_fortplot_legend_Legend_entry_t
FNDA:0,__fortplot_legend_MOD___copy_fortplot_legend_Legend_entry_t
FN:411,__fortplot_legend_MOD___final_fortplot_legend_Legend_entry_t
FNDA:0,__fortplot_legend_MOD___final_fortplot_legend_Legend_entry_t
FN:411,__fortplot_legend_MOD___copy_fortplot_legend_Legend_t
FNDA:0,__fortplot_legend_MOD___copy_fortplot_legend_Legend_t
FN:411,__fortplot_legend_MOD___final_fortplot_legend_Legend_t
FNDA:0,__fortplot_legend_MOD___final_fortplot_legend_Legend_t
DA:50,0
DA:54,0
DA:55,0
DA:56,0
DA:59,78
DA:65,78
DA:69,78
DA:70,438
DA:72,78
DA:73,340
DA:77,78
DA:78,312
DA:79,78
DA:80,78
DA:82,0
DA:84,78
DA:85,78
DA:87,0
DA:91,438
DA:92,78
DA:93,156
DA:95,14
DA:100,14
DA:102,4
DA:104,4
DA:106,2
DA:108,4
DA:110,28
DA:112,14
DA:114,32
DA:124,32
DA:127,32
DA:133,2
DA:136,30
DA:138,32
DA:140,2
DA:149,8
DA:151,6
DA:152,6
DA:155,6
DA:160,6
DA:164,6
DA:167,0
DA:170,6
DA:172,8
DA:174,2
DA:176,30
DA:188,30
DA:192,30
DA:193,164
DA:194,164
DA:198,30
DA:199,30
DA:203,30
DA:206,30
DA:207,30
DA:210,30
DA:211,30
DA:212,30
DA:213,30
DA:216,30
DA:217,30
DA:220,30
DA:221,30
DA:223,164
DA:225,134
DA:226,134
DA:227,134
DA:230,134
DA:232,134
DA:237,134
DA:238,134
DA:239,134
DA:240,134
DA:244,0
DA:248,134
DA:249,134
DA:252,134
DA:257,134
DA:258,164
DA:261,30
DA:262,30
DA:264,32
DA:275,32
DA:282,2
DA:283,2
DA:284,2
DA:285,2
DA:287,2
DA:289,0
DA:290,0
DA:292,2
DA:293,2
DA:295,0
DA:296,0
DA:298,0
DA:299,0
DA:301,0
DA:302,2
DA:309,30
DA:310,30
DA:311,164
DA:312,164
DA:315,30
DA:316,30
DA:320,30
DA:323,30
DA:324,30
DA:326,30
DA:329,0
DA:330,0
DA:333,32
DA:335,30
DA:344,30
DA:345,30
DA:347,1560
DA:348,1530
DA:349,1560
DA:351,30
DA:353,30
DA:363,28
DA:365,2
DA:369,30
DA:370,30
DA:371,30
DA:372,30
DA:373,30
DA:375,0
DA:381,0
DA:383,0
DA:385,0
DA:387,0
DA:389,0
DA:391,0
DA:393,0
DA:395,0
DA:397,0
DA:399,0
DA:401,0
DA:403,0
DA:405,0
DA:407,0
DA:409,0
DA:411,0
DA:411,0
DA:411,0
DA:411,0
DA:411,94
end_of_record
TN:
SF:/proj/plasma/CODE/ert/fortplotlib/src/fortplot_format_parser.f90
FN:10,__fortplot_format_parser_MOD_parse_format_string
FNDA:48,__fortplot_format_parser_MOD_parse_format_string
FN:58,__fortplot_format_parser_MOD_is_marker_char
FNDA:1700,__fortplot_format_parser_MOD_is_marker_char
FN:71,__fortplot_format_parser_MOD_contains_format_chars
FNDA:1748,__fortplot_format_parser_MOD_contains_format_chars
DA:10,48
DA:20,48
DA:21,48
DA:22,48
DA:23,48
DA:25,48
DA:26,48
DA:27,48
DA:30,116
DA:31,68
DA:34,116
DA:35,40
DA:36,40
DA:38,28
DA:39,28
DA:40,20
DA:41,20
DA:44,8
DA:49,48
DA:50,48
DA:53,48
DA:54,26
DA:56,48
DA:58,1700
DA:63,46
DA:65,46
DA:67,1700
DA:69,1700
DA:71,1748
DA:79,1748
DA:81,3374
DA:82,1632
DA:83,3374
DA:84,6
DA:85,6
DA:88,3490
end_of_record
TN:
SF:/proj/plasma/CODE/ert/fortplotlib/src/fortplot_figure_core.f90
FN:138,__fortplot_figure_core_MOD_initialize
FNDA:134,__fortplot_figure_core_MOD_initialize
FN:162,__fortplot_figure_core_MOD_add_plot
FNDA:1748,__fortplot_figure_core_MOD_add_plot
FN:189,__fortplot_figure_core_MOD_add_contour
FNDA:2,__fortplot_figure_core_MOD_add_contour
FN:207,__fortplot_figure_core_MOD_add_contour_filled
FNDA:0,__fortplot_figure_core_MOD_add_contour_filled
FN:226,__fortplot_figure_core_MOD_add_pcolormesh
FNDA:6,__fortplot_figure_core_MOD_add_pcolormesh
FN:247,__fortplot_figure_core_MOD_streamplot
FNDA:24,__fortplot_figure_core_MOD_streamplot
FN:296,add_trajectories_to_figure.0
FNDA:22,add_trajectories_to_figure.0
FN:340,__fortplot_figure_core_MOD_savefig
FNDA:96,__fortplot_figure_core_MOD_savefig
FN:360,__fortplot_figure_core_MOD_show
FNDA:2,__fortplot_figure_core_MOD_show
FN:376,__fortplot_figure_core_MOD_set_xlabel
FNDA:42,__fortplot_figure_core_MOD_set_xlabel
FN:382,__fortplot_figure_core_MOD_set_ylabel
FNDA:42,__fortplot_figure_core_MOD_set_ylabel
FN:388,__fortplot_figure_core_MOD_set_title
FNDA:66,__fortplot_figure_core_MOD_set_title
FN:394,__fortplot_figure_core_MOD_set_xscale
FNDA:4,__fortplot_figure_core_MOD_set_xscale
FN:403,__fortplot_figure_core_MOD_set_yscale
FNDA:12,__fortplot_figure_core_MOD_set_yscale
FN:412,__fortplot_figure_core_MOD_set_xlim
FNDA:8,__fortplot_figure_core_MOD_set_xlim
FN:421,__fortplot_figure_core_MOD_set_ylim
FNDA:8,__fortplot_figure_core_MOD_set_ylim
FN:430,__fortplot_figure_core_MOD_set_line_width
FNDA:0,__fortplot_figure_core_MOD_set_line_width
FN:438,__fortplot_figure_core_MOD_destroy
FNDA:86,__fortplot_figure_core_MOD_destroy
FN:448,__fortplot_figure_core_MOD_add_line_plot_data
FNDA:1748,__fortplot_figure_core_MOD_add_line_plot_data
FN:495,__fortplot_figure_core_MOD_add_contour_plot_data
FNDA:2,__fortplot_figure_core_MOD_add_contour_plot_data
FN:539,__fortplot_figure_core_MOD_add_colored_contour_plot_data
FNDA:0,__fortplot_figure_core_MOD_add_colored_contour_plot_data
FN:596,__fortplot_figure_core_MOD_add_pcolormesh_plot_data
FNDA:6,__fortplot_figure_core_MOD_add_pcolormesh_plot_data
FN:642,__fortplot_figure_core_MOD_update_data_ranges_pcolormesh
FNDA:6,__fortplot_figure_core_MOD_update_data_ranges_pcolormesh
FN:673,__fortplot_figure_core_MOD_update_data_ranges
FNDA:1750,__fortplot_figure_core_MOD_update_data_ranges
FN:682,__fortplot_figure_core_MOD_render_figure
FNDA:98,__fortplot_figure_core_MOD_render_figure
FN:719,__fortplot_figure_core_MOD_generate_default_contour_levels
FNDA:2,__fortplot_figure_core_MOD_generate_default_contour_levels
FN:742,__fortplot_figure_core_MOD_calculate_figure_data_ranges
FNDA:1848,__fortplot_figure_core_MOD_calculate_figure_data_ranges
FN:865,__fortplot_figure_core_MOD_setup_coordinate_system
FNDA:98,__fortplot_figure_core_MOD_setup_coordinate_system
FN:879,__fortplot_figure_core_MOD_render_figure_background
[...]
DA:1295,0
DA:1297,0
DA:1298,0
DA:1300,0
DA:1302,0
DA:1304,0
DA:1312,0
DA:1314,0
DA:1315,0
DA:1316,0
DA:1317,0
DA:1319,0
DA:1321,0
DA:1323,1408
DA:1329,1408
DA:1331,1408
DA:1334,0
DA:1336,1408
DA:1338,1408
DA:1345,28420
DA:1347,27012
DA:1348,27012
DA:1349,27012
DA:1350,27012
DA:1352,28420
DA:1354,1408
DA:1356,0
DA:1372,0
DA:1375,0
DA:1376,0
DA:1378,0
DA:1379,0
DA:1380,0
DA:1383,0
DA:1384,0
DA:1385,0
DA:1388,0
DA:1389,0
DA:1390,0
DA:1393,0
DA:1396,0
DA:1397,0
DA:1398,0
DA:1402,0
DA:1403,0
DA:1404,0
DA:1408,0
DA:1409,0
DA:1410,0
DA:1411,0
DA:1412,0
DA:1416,0
DA:1417,0
DA:1418,0
DA:1422,0
DA:1425,0
DA:1426,0
DA:1427,0
DA:1429,0
DA:1430,0
DA:1431,0
DA:1432,0
DA:1433,0
DA:1435,0
DA:1436,0
DA:1437,0
DA:1439,0
DA:1443,0
DA:1447,0
DA:1448,0
DA:1450,0
DA:1451,0
DA:1465,0
DA:1466,0
DA:1467,0
DA:1468,0
DA:1470,0
DA:1472,0
DA:1474,0
DA:1476,0
DA:1478,0
DA:1479,0
DA:1480,0
DA:1481,0
DA:1482,0
DA:1483,0
DA:1487,0
DA:1488,0
DA:1489,0
DA:1490,0
DA:1491,0
DA:1494,0
DA:1496,0
DA:1497,0
DA:1498,0
DA:1499,0
DA:1500,0
DA:1501,0
DA:1504,0
DA:1505,0
DA:1508,0
DA:1510,30
DA:1517,30
DA:1518,20
DA:1519,20
DA:1523,30
DA:1524,14
DA:1528,108
DA:1529,108
DA:1530,78
DA:1534,78
DA:1539,30
DA:1540,30
DA:1542,0
DA:1546,0
DA:1547,0
DA:1549,0
DA:1551,0
DA:1560,0
DA:1561,0
DA:1562,0
DA:1564,0
DA:1566,0
DA:1576,0
DA:1578,0
DA:1581,0
DA:1582,0
DA:1583,0
DA:1584,0
DA:1586,0
DA:1588,0
DA:1595,0
DA:1596,0
DA:1597,0
DA:1598,0
DA:1599,0
DA:1601,34
DA:1606,34
DA:1607,2
DA:1608,2
DA:1611,32
DA:1612,0
DA:1613,0
DA:1616,32
DA:1617,0
DA:1618,0
DA:1621,32
DA:1622,0
DA:1623,0
DA:1624,0
DA:1627,374
DA:1630,0
DA:1630,250
DA:1630,0
DA:1630,0
DA:1630,196
end_of_record
TN:
SF:/proj/plasma/CODE/ert/fortplotlib/src/fortplot.f90
FN:61,__fortplot_MOD_plot
FNDA:28,__fortplot_MOD_plot
FN:75,__fortplot_MOD_contour
FNDA:0,__fortplot_MOD_contour
FN:91,__fortplot_MOD_contour_filled
FNDA:0,__fortplot_MOD_contour_filled
FN:111,__fortplot_MOD_pcolormesh
FNDA:0,__fortplot_MOD_pcolormesh
FN:139,__fortplot_MOD_streamplot
FNDA:0,__fortplot_MOD_streamplot
FN:162,__fortplot_MOD_show_data
FNDA:0,__fortplot_MOD_show_data
FN:184,__fortplot_MOD_show_figure
FNDA:0,__fortplot_MOD_show_figure
FN:198,__fortplot_MOD_figure
FNDA:28,__fortplot_MOD_figure
FN:212,__fortplot_MOD_xlabel
FNDA:28,__fortplot_MOD_xlabel
FN:218,__fortplot_MOD_ylabel
FNDA:28,__fortplot_MOD_ylabel
FN:224,__fortplot_MOD_title
FNDA:28,__fortplot_MOD_title
FN:230,__fortplot_MOD_legend
FNDA:0,__fortplot_MOD_legend
FN:237,__fortplot_MOD_savefig
FNDA:28,__fortplot_MOD_savefig
FN:243,__fortplot_MOD_add_plot
FNDA:0,__fortplot_MOD_add_plot
FN:251,__fortplot_MOD_add_contour
FNDA:0,__fortplot_MOD_add_contour
FN:260,__fortplot_MOD_add_contour_filled
FNDA:0,__fortplot_MOD_add_contour_filled
FN:271,__fortplot_MOD_add_pcolormesh
FNDA:0,__fortplot_MOD_add_pcolormesh
FN:283,__fortplot_MOD_set_xscale
FNDA:0,__fortplot_MOD_set_xscale
FN:290,__fortplot_MOD_set_yscale
FNDA:0,__fortplot_MOD_set_yscale
FN:297,__fortplot_MOD_is_gui_available
FNDA:0,__fortplot_MOD_is_gui_available
FN:375,__fortplot_MOD_show_viewer_implementation
FNDA:0,__fortplot_MOD_show_viewer_implementation
FN:440,__fortplot_MOD_show_viewer
FNDA:0,__fortplot_MOD_show_viewer
DA:61,28
DA:72,28
DA:73,28
DA:75,0
DA:88,0
DA:89,0
DA:91,0
DA:108,0
DA:109,0
DA:111,0
DA:136,0
DA:137,0
DA:139,0
DA:159,0
DA:160,0
DA:162,0
DA:174,0
DA:176,0
DA:177,0
DA:178,0
DA:180,0
DA:181,0
DA:182,0
DA:184,0
DA:190,0
DA:191,0
DA:194,0
DA:196,0
DA:198,28
DA:205,28
DA:206,26
DA:208,2
DA:210,28
DA:212,28
DA:215,28
DA:216,28
DA:218,28
DA:221,28
DA:222,28
DA:224,28
DA:227,28
DA:228,28
DA:230,0
DA:234,0
DA:235,0
DA:237,28
DA:240,28
DA:241,28
DA:243,0
DA:248,0
DA:249,0
DA:251,0
DA:257,0
DA:258,0
DA:260,0
DA:268,0
DA:269,0
DA:271,0
DA:280,0
DA:281,0
DA:283,0
DA:287,0
DA:288,0
DA:290,0
DA:294,0
DA:295,0
DA:297,0
DA:305,0
DA:309,0
DA:310,0
DA:311,0
DA:312,0
DA:316,0
DA:317,0
DA:318,0
DA:319,0
DA:323,0
DA:324,0
DA:325,0
DA:326,0
DA:327,0
DA:328,0
DA:330,0
DA:335,0
DA:336,0
DA:338,0
DA:339,0
DA:340,0
DA:344,0
DA:345,0
DA:346,0
DA:349,0
DA:352,0
DA:353,0
DA:354,0
DA:355,0
DA:359,0
DA:360,0
DA:361,0
DA:362,0
DA:366,0
DA:367,0
DA:368,0
DA:369,0
DA:370,0
DA:373,0
DA:375,0
DA:387,0
DA:388,0
DA:391,0
DA:393,0
DA:395,0
DA:397,0
DA:401,0
DA:405,0
DA:407,0
DA:409,0
DA:412,0
DA:416,0
DA:418,0
DA:419,0
DA:420,0
DA:422,0
DA:423,0
DA:424,0
DA:428,0
DA:430,0
DA:432,0
DA:434,0
DA:436,0
DA:438,0
DA:440,0
DA:453,0
DA:454,0
end_of_record
TN:
SF:/proj/plasma/CODE/ert/fortplotlib/src/fortplot_jpeg_fixed.f90
FN:20,__fortplot_jpeg_fixed_MOD_encode_jpeg_fixed
FNDA:8,__fortplot_jpeg_fixed_MOD_encode_jpeg_fixed
FN:55,__fortplot_jpeg_fixed_MOD_write_jpeg_header
FNDA:8,__fortplot_jpeg_fixed_MOD_write_jpeg_header
FN:80,__fortplot_jpeg_fixed_MOD_encode_scan_data_fixed
FNDA:8,__fortplot_jpeg_fixed_MOD_encode_scan_data_fixed
FN:143,__fortplot_jpeg_fixed_MOD_encode_block
FNDA:42,__fortplot_jpeg_fixed_MOD_encode_block
FN:232,__fortplot_jpeg_fixed_MOD_apply_dct_2d
FNDA:42,__fortplot_jpeg_fixed_MOD_apply_dct_2d
FN:249,__fortplot_jpeg_fixed_MOD_dct_1d
FNDA:672,__fortplot_jpeg_fixed_MOD_dct_1d
FN:272,__fortplot_jpeg_fixed_MOD_quantize_block
FNDA:42,__fortplot_jpeg_fixed_MOD_quantize_block
FN:292,__fortplot_jpeg_fixed_MOD_get_quantization_table
FNDA:50,__fortplot_jpeg_fixed_MOD_get_quantization_table
FN:329,__fortplot_jpeg_fixed_MOD_zigzag_scan
FNDA:42,__fortplot_jpeg_fixed_MOD_zigzag_scan
FN:352,__fortplot_jpeg_fixed_MOD_get_category
FNDA:242,__fortplot_jpeg_fixed_MOD_get_category
FN:366,__fortplot_jpeg_fixed_MOD_write_bits
FNDA:528,__fortplot_jpeg_fixed_MOD_write_bits
FN:398,__fortplot_jpeg_fixed_MOD_write_dc_value
FNDA:38,__fortplot_jpeg_fixed_MOD_write_dc_value
FN:412,__fortplot_jpeg_fixed_MOD_write_ac_value
FNDA:200,__fortplot_jpeg_fixed_MOD_write_ac_value
FN:426,__fortplot_jpeg_fixed_MOD_expand_buffer
FNDA:0,__fortplot_jpeg_fixed_MOD_expand_buffer
FN:437,__fortplot_jpeg_fixed_MOD_write_app0
FNDA:8,__fortplot_jpeg_fixed_MOD_write_app0
FN:452,__fortplot_jpeg_fixed_MOD_write_dqt
FNDA:8,__fortplot_jpeg_fixed_MOD_write_dqt
FN:478,__fortplot_jpeg_fixed_MOD_write_sof0
FNDA:8,__fortplot_jpeg_fixed_MOD_write_sof0
FN:508,__fortplot_jpeg_fixed_MOD_write_dht
FNDA:8,__fortplot_jpeg_fixed_MOD_write_dht
FN:542,__fortplot_jpeg_fixed_MOD_write_sos
FNDA:8,__fortplot_jpeg_fixed_MOD_write_sos
FN:569,__fortplot_jpeg_fixed_MOD_validate_against_stb
FNDA:2,__fortplot_jpeg_fixed_MOD_validate_against_stb
FN:576,__fortplot_jpeg_fixed_MOD___copy_fortplot_jpeg_fixed_Bit_writer_t
FNDA:0,__fortplot_jpeg_fixed_MOD___copy_fortplot_jpeg_fixed_Bit_writer_t
FN:576,__fortplot_jpeg_fixed_MOD___final_fortplot_jpeg_fixed_Bit_writer_t
FNDA:0,__fortplot_jpeg_fixed_MOD___final_fortplot_jpeg_fixed_Bit_writer_t
DA:20,8
DA:25,8
DA:27,8
DA:30,8
DA:31,8
DA:34,8
DA:37,8
DA:40,200
DA:41,8
DA:44,8
DA:45,8
DA:46,8
DA:49,8
DA:50,1760
DA:52,8
DA:53,8
DA:55,8
DA:61,8
DA:62,8
DA:65,8
DA:68,8
DA:71,8
DA:74,8
DA:77,8
DA:78,8
DA:80,8
DA:85,8
DA:92,8
DA:95,8
DA:96,8
DA:97,8
DA:98,8
DA:101,18
DA:102,32
DA:104,126
DA:105,1022
DA:106,896
DA:108,896
DA:109,896
DA:110,896
DA:111,896
DA:114,0
DA:118,896
DA:119,896
DA:120,1008
DA:125,14
DA:126,14
DA:127,24
DA:132,8
DA:133,8
DA:137,8
DA:138,208
DA:140,8
DA:141,8
DA:143,42
DA:156,42
DA:159,42
DA:162,42
DA:165,42
DA:166,42
DA:168,42
DA:170,42
DA:171,14
DA:173,28
DA:176,42
DA:177,38
DA:181,42
DA:182,242
DA:183,240
DA:186,2686
DA:187,2646
DA:188,2446
DA:189,2446
DA:192,240
DA:194,40
DA:195,12
DA:197,28
DA:199,40
DA:203,200
DA:205,0
DA:206,0
DA:207,0
DA:209,0
DA:211,0
DA:214,200
DA:215,200
DA:216,200
DA:218,200
DA:219,92
DA:220,108
DA:221,108
DA:224,200
DA:225,200
DA:228,200
DA:230,42
DA:232,42
DA:239,378
DA:240,378
DA:244,378
DA:245,378
DA:247,42
DA:249,672
DA:256,6048
DA:257,5376
DA:258,48384
DA:259,48384
DA:262,5376
DA:263,672
DA:265,4704
DA:268,6048
DA:270,672
DA:272,42
DA:282,42
DA:285,378
DA:286,3066
DA:287,3024
DA:290,42
DA:292,50
DA:310,50
DA:312,50
DA:315,50
DA:316,0
DA:318,50
DA:322,50
DA:323,1606
DA:325,2044
DA:327,50
DA:329,42
DA:345,42
DA:347,2730
DA:348,2730
DA:350,42
DA:352,242
DA:356,242
DA:357,4
DA:359,238
DA:360,1156
DA:361,918
DA:364,242
DA:366,528
DA:372,528
DA:373,528
DA:376,720
DA:377,192
DA:380,192
DA:381,0
DA:384,192
DA:385,192
DA:388,192
DA:389,0
DA:390,0
DA:393,192
DA:394,192
DA:396,528
DA:398,38
DA:403,38
DA:404,18
DA:406,20
DA:409,38
DA:410,38
DA:412,200
DA:417,200
DA:418,126
DA:420,74
DA:423,200
DA:424,200
DA:426,0
DA:428,0
DA:430,0
DA:431,0
DA:432,0
DA:433,0
DA:437,8
DA:441,8
DA:442,8
DA:443,48
DA:444,8
DA:445,8
DA:446,8
DA:447,8
DA:448,8
DA:449,8
DA:450,8
DA:452,8
DA:461,8
DA:462,8
DA:463,8
DA:466,8
DA:467,8
DA:468,72
DA:469,584
DA:470,512
DA:471,576
DA:475,8
DA:476,8
DA:478,8
DA:483,8
DA:484,8
DA:485,8
DA:486,8
DA:487,8
DA:488,8
DA:491,8
DA:492,8
DA:493,8
DA:496,8
DA:497,8
DA:498,8
DA:501,8
DA:502,8
DA:503,8
DA:505,8
DA:506,8
DA:508,8
DA:514,8
DA:515,8
DA:516,8
DA:519,136
DA:522,104
DA:524,8
DA:527,8
DA:528,8
DA:529,8
DA:532,136
DA:535,56
DA:537,8
DA:540,8
DA:542,8
DA:546,8
DA:547,8
DA:548,8
DA:551,8
DA:552,8
DA:555,8
DA:556,8
DA:559,8
DA:560,8
DA:562,8
DA:563,8
DA:564,8
DA:566,8
DA:567,8
DA:569,2
DA:571,2
DA:572,2
DA:573,2
DA:574,2
DA:576,0
DA:576,0
end_of_record
TN:
SF:/proj/plasma/CODE/ert/fortplotlib/src/fortplot_streamline_integrator.f90
FN:57,__fortplot_streamline_integrator_MOD_dopri5_integrate
FNDA:10,__fortplot_streamline_integrator_MOD_dopri5_integrate
FN:176,__fortplot_streamline_integrator_MOD_dopri5_step
FNDA:406,__fortplot_streamline_integrator_MOD_dopri5_step
FN:237,__fortplot_streamline_integrator_MOD_calculate_error_estimate
FNDA:406,__fortplot_streamline_integrator_MOD_calculate_error_estimate
FN:257,__fortplot_streamline_integrator_MOD_resize_arrays
FNDA:0,__fortplot_streamline_integrator_MOD_resize_arrays
FN:290,__fortplot_streamline_integrator_MOD_trim_arrays
FNDA:10,__fortplot_streamline_integrator_MOD_trim_arrays
FN:318,__fortplot_streamline_integrator_MOD___copy_10B4796
FNDA:0,__fortplot_streamline_integrator_MOD___copy_10B4796
DA:57,10
DA:85,10
DA:86,10
DA:88,10
DA:89,10
DA:90,10
DA:91,10
DA:92,10
DA:93,10
DA:94,10
DA:95,10
DA:98,10
DA:99,10
DA:100,10
DA:103,416
DA:105,416
DA:108,406
DA:112,406
DA:115,406
DA:118,406
DA:120,406
DA:122,346
DA:123,346
DA:124,346
DA:125,346
DA:126,346
DA:129,346
DA:130,0
DA:133,346
DA:134,346
DA:135,346
DA:138,346
DA:139,346
DA:142,60
DA:146,406
DA:147,400
DA:149,6
DA:153,406
DA:154,406
DA:155,406
DA:157,406
DA:160,812
DA:161,0
DA:162,0
DA:167,10
DA:168,0
DA:172,10
DA:176,406
DA:194,406
DA:195,406
DA:198,406
DA:199,406
DA:202,406
DA:203,406
DA:207,406
DA:209,406
DA:213,406
DA:215,406
DA:219,406
DA:221,406
DA:224,406
DA:225,406
DA:228,406
DA:229,406
DA:232,406
DA:233,406
DA:235,406
DA:237,406
DA:245,406
DA:246,406
DA:249,406
DA:250,406
DA:253,406
DA:255,406
DA:257,0
DA:262,0
DA:265,0
DA:266,0
DA:269,0
DA:272,0
DA:273,0
DA:274,0
DA:277,0
DA:278,0
DA:281,0
DA:282,0
DA:283,0
DA:285,0
DA:286,0
DA:288,0
DA:290,10
DA:295,10
DA:298,10
DA:301,376
DA:302,376
DA:303,376
DA:306,10
DA:307,10
DA:310,376
DA:311,376
DA:312,376
DA:314,10
DA:316,10
DA:318,0
end_of_record
TN:
SF:/proj/plasma/CODE/ert/fortplotlib/src/fortplot_streamline.f90
FN:14,__fortplot_streamline_MOD_calculate_seed_points
FNDA:6,__fortplot_streamline_MOD_calculate_seed_points
FN:46,__fortplot_streamline_MOD_integrate_streamline
FNDA:4,__fortplot_streamline_MOD_integrate_streamline
FN:86,__fortplot_streamline_MOD_integrate_streamline_dopri5
FNDA:0,__fortplot_streamline_MOD_integrate_streamline_dopri5
FN:156,u_func_wrapper.3
FNDA:0,u_func_wrapper.3
FN:161,v_func_wrapper.2
FNDA:0,v_func_wrapper.2
FN:168,__fortplot_streamline_MOD_calculate_seed_points_matplotlib
FNDA:6,__fortplot_streamline_MOD_calculate_seed_points_matplotlib
FN:234,__fortplot_streamline_MOD_integrate_streamline_bidirectional
FNDA:0,__fortplot_streamline_MOD_integrate_streamline_bidirectional
FN:291,u_func_neg.1
FNDA:0,u_func_neg.1
FN:296,v_func_neg.0
FNDA:0,v_func_neg.0
FN:303,__fortplot_streamline_MOD_rk4_step
FNDA:2198,__fortplot_streamline_MOD_rk4_step
FN:333,__fortplot_streamline_MOD_calculate_arrow_positions
FNDA:8,__fortplot_streamline_MOD_calculate_arrow_positions
FN:384,__fortplot_streamline_MOD_check_termination
FNDA:10,__fortplot_streamline_MOD_check_termination
FN:393,__fortplot_streamline_MOD_bilinear_interpolate
FNDA:2,__fortplot_streamline_MOD_bilinear_interpolate
DA:14,6
DA:23,6
DA:24,6
DA:26,6
DA:27,6
DA:29,6
DA:30,6
DA:32,6
DA:33,22
DA:34,80
DA:35,58
DA:36,58
DA:38,58
DA:39,74
DA:43,6
DA:44,6
DA:46,4
DA:64,4
DA:65,4
DA:67,4
DA:68,4
DA:69,4
DA:70,4
DA:72,2200
DA:73,2196
DA:75,2196
DA:77,2196
DA:78,2196
DA:79,2196
DA:80,4396
DA:83,4
DA:84,4
DA:86,0
DA:107,0
DA:112,0
DA:113,0
DA:116,0
DA:117,0
DA:118,0
DA:119,0
DA:120,0
DA:121,0
DA:122,0
DA:126,0
DA:127,0
DA:129,0
DA:136,0
DA:138,0
DA:140,0
DA:141,0
DA:142,0
DA:143,0
DA:144,0
DA:148,0
DA:149,0
DA:150,0
DA:152,0
DA:156,0
DA:158,0
DA:159,0
DA:161,0
DA:163,0
DA:164,0
DA:168,6
DA:177,6
DA:183,6
DA:189,54
DA:192,18
DA:195,6
DA:196,6
DA:198,6
DA:202,1206
DA:203,1200
DA:204,1200
DA:207,1206
DA:209,1200
DA:210,1200
DA:214,1200
DA:216,1200
DA:217,1200
DA:218,1200
DA:226,6
DA:227,2406
DA:228,2406
DA:231,6
DA:232,6
DA:234,0
DA:252,0
DA:257,0
DA:258,0
DA:260,0
DA:265,0
DA:269,0
DA:272,0
DA:273,0
DA:276,0
DA:277,0
DA:278,0
DA:282,0
DA:283,0
DA:284,0
DA:287,0
DA:291,0
DA:293,0
DA:294,0
DA:296,0
DA:298,0
DA:299,0
DA:303,2198
DA:317,2198
DA:318,2198
DA:320,2198
DA:321,2198
DA:323,2198
DA:324,2198
DA:326,2198
DA:327,2198
DA:329,2198
DA:330,2198
DA:331,2198
DA:333,8
DA:342,8
DA:343,418
DA:345,8
DA:347,8
DA:348,410
DA:350,410
DA:353,8
DA:355,8
DA:357,8
DA:358,8
DA:360,214
DA:362,206
DA:363,214
DA:364,36
DA:365,36
DA:366,36
DA:370,8
DA:371,8
DA:373,204
DA:375,196
DA:376,196
DA:377,30
DA:378,30
DA:379,30
DA:384,10
DA:390,10
DA:391,10
DA:393,2
DA:403,2
DA:404,2
DA:405,2
DA:406,2
DA:407,2
DA:408,2
DA:409,2
DA:413,2
DA:414,2
DA:415,2
DA:416,2
DA:417,2
DA:418,2
DA:419,2
DA:424,2
DA:425,0
DA:426,0
DA:428,2
DA:429,0
DA:430,0
DA:434,2
DA:435,2
DA:441,2
DA:442,2
end_of_record
TN:
SF:/proj/plasma/CODE/ert/fortplotlib/src/fortplot_pipe.f90
FN:37,__fortplot_pipe_MOD_open_ffmpeg_pipe
FNDA:4,__fortplot_pipe_MOD_open_ffmpeg_pipe
FN:48,__fortplot_pipe_MOD_write_png_to_pipe
FNDA:30,__fortplot_pipe_MOD_write_png_to_pipe
FN:55,__fortplot_pipe_MOD_close_ffmpeg_pipe
FNDA:4,__fortplot_pipe_MOD_close_ffmpeg_pipe
FN:61,__fortplot_pipe_MOD_check_ffmpeg_available
FNDA:4,__fortplot_pipe_MOD_check_ffmpeg_available
DA:37,4
DA:42,4
DA:44,4
DA:45,4
DA:46,8
DA:48,30
DA:52,30
DA:53,30
DA:55,4
DA:58,4
DA:59,4
DA:61,4
DA:64,4
DA:65,4
end_of_record
TN:
SF:/proj/plasma/CODE/ert/fortplotlib/src/fortplot_animation.f90
FN:37,__fortplot_animation_MOD_funcanimation
FNDA:6,__fortplot_animation_MOD_funcanimation
FN:60,__fortplot_animation_MOD_run
FNDA:0,__fortplot_animation_MOD_run
FN:83,__fortplot_animation_MOD_set_save_frames
FNDA:0,__fortplot_animation_MOD_set_save_frames
FN:91,__fortplot_animation_MOD_save_png_sequence
FNDA:0,__fortplot_animation_MOD_save_png_sequence
FN:100,__fortplot_animation_MOD_sleep_ms
FNDA:0,__fortplot_animation_MOD_sleep_ms
FN:108,__fortplot_animation_MOD_save
FNDA:6,__fortplot_animation_MOD_save
FN:139,__fortplot_animation_MOD_save_frame_sequence
FNDA:0,__fortplot_animation_MOD_save_frame_sequence
FN:155,__fortplot_animation_MOD_set_figure
FNDA:0,__fortplot_animation_MOD_set_figure
FN:162,__fortplot_animation_MOD_get_file_extension
FNDA:6,__fortplot_animation_MOD_get_file_extension
FN:175,__fortplot_animation_MOD_get_timestamp
FNDA:0,__fortplot_animation_MOD_get_timestamp
FN:186,__fortplot_animation_MOD_int_to_str
FNDA:0,__fortplot_animation_MOD_int_to_str
FN:195,__fortplot_animation_MOD_is_video_format
FNDA:6,__fortplot_animation_MOD_is_video_format
FN:204,__fortplot_animation_MOD_check_ffmpeg_available
FNDA:4,__fortplot_animation_MOD_check_ffmpeg_available
FN:211,__fortplot_animation_MOD_get_fps_or_default
FNDA:4,__fortplot_animation_MOD_get_fps_or_default
FN:222,__fortplot_animation_MOD_save_animation_with_ffmpeg_pipe
FNDA:4,__fortplot_animation_MOD_save_animation_with_ffmpeg_pipe
FN:262,__fortplot_animation_MOD_generate_png_frame_data
FNDA:30,__fortplot_animation_MOD_generate_png_frame_data
FN:277,__fortplot_animation_MOD_update_frame_data
FNDA:30,__fortplot_animation_MOD_update_frame_data
FN:284,__fortplot_animation_MOD_render_frame_to_png
FNDA:30,__fortplot_animation_MOD_render_frame_to_png
FN:296,__fortplot_animation_MOD_setup_png_backend
FNDA:30,__fortplot_animation_MOD_setup_png_backend
FN:308,__fortplot_animation_MOD_render_to_backend
FNDA:30,__fortplot_animation_MOD_render_to_backend
FN:314,__fortplot_animation_MOD_extract_png_data
FNDA:30,__fortplot_animation_MOD_extract_png_data
FN:328,__fortplot_animation_MOD_render_figure_components
FNDA:30,__fortplot_animation_MOD_render_figure_components
FN:338,__fortplot_animation_MOD_render_background
FNDA:30,__fortplot_animation_MOD_render_background
FN:344,__fortplot_animation_MOD_render_all_plots
FNDA:30,__fortplot_animation_MOD_render_all_plots
FN:353,__fortplot_animation_MOD_render_single_plot
FNDA:30,__fortplot_animation_MOD_render_single_plot
FN:367,__fortplot_animation_MOD_mark_as_rendered
FNDA:30,__fortplot_animation_MOD_mark_as_rendered
FN:373,__fortplot_animation_MOD_render_line_plot
FNDA:30,__fortplot_animation_MOD_render_line_plot
FN:383,__fortplot_animation_MOD_is_valid_line_data
FNDA:30,__fortplot_animation_MOD_is_valid_line_data
FN:390,__fortplot_animation_MOD_set_plot_color
FNDA:30,__fortplot_animation_MOD_set_plot_color
FN:397,__fortplot_animation_MOD_draw_line_segments
FNDA:30,__fortplot_animation_MOD_draw_line_segments
FN:413,__fortplot_animation_MOD_render_contour_plot
FNDA:0,__fortplot_animation_MOD_render_contour_plot
FN:419,__fortplot_animation_MOD_render_pcolormesh_plot
FNDA:0,__fortplot_animation_MOD_render_pcolormesh_plot
FN:425,__fortplot_animation_MOD_data_to_screen_coords
FNDA:300,__fortplot_animation_MOD_data_to_screen_coords
FN:437,__fortplot_animation_MOD_get_current_timestamp
FNDA:0,__fortplot_animation_MOD_get_current_timestamp
FN:445,__fortplot_animation_MOD___copy_fortplot_animation_Animation_t
FNDA:0,__fortplot_animation_MOD___copy_fortplot_animation_Animation_t
FN:445,__fortplot_animation_MOD___final_fortplot_animation_Animation_t
FNDA:0,__fortplot_animation_MOD___final_fortplot_animation_Animation_t
DA:37,6
DA:44,6
DA:45,6
DA:47,6
DA:48,6
DA:50,0
DA:53,6
DA:54,6
DA:57,6
DA:58,12
DA:60,0
DA:64,0
DA:65,0
DA:66,0
DA:69,0
DA:71,0
DA:72,0
DA:75,0
DA:76,0
DA:80,0
DA:83,0
DA:87,0
DA:88,0
DA:89,0
DA:91,0
DA:96,0
DA:97,0
DA:98,0
DA:100,0
DA:106,0
DA:108,6
DA:114,6
DA:117,6
DA:119,6
DA:120,2
DA:121,2
DA:122,2
DA:125,4
DA:126,0
DA:127,0
DA:128,0
DA:131,4
DA:133,4
DA:135,4
DA:137,12
DA:139,0
DA:145,0
DA:146,0
DA:147,0
DA:148,0
DA:149,0
DA:153,0
DA:155,0
DA:159,0
DA:160,0
DA:162,6
DA:167,6
DA:168,6
DA:169,6
DA:171,0
DA:173,6
DA:175,0
DA:180,0
DA:182,0
DA:183,0
DA:184,0
DA:186,0
DA:191,0
DA:192,0
DA:193,0
DA:195,6
DA:201,6
DA:202,6
DA:204,4
DA:208,4
DA:209,4
DA:211,4
DA:215,4
DA:216,2
DA:218,2
DA:220,4
DA:222,4
DA:229,4
DA:231,8
DA:232,4
DA:233,0
DA:234,0
DA:235,0
DA:238,34
DA:239,30
DA:240,30
DA:241,0
DA:242,0
DA:243,0
DA:244,0
DA:247,30
DA:248,30
DA:249,0
DA:250,0
DA:251,0
DA:252,0
DA:255,64
DA:258,4
DA:259,4
DA:260,8
DA:262,60
DA:268,30
DA:269,0
DA:270,0
DA:273,30
DA:274,30
DA:277,30
DA:281,30
DA:282,30
DA:284,30
DA:289,30
DA:291,30
DA:292,30
DA:293,30
DA:294,30
DA:296,30
DA:300,30
DA:302,58
DA:303,30
DA:304,30
DA:305,30
DA:306,30
DA:308,30
DA:311,30
DA:312,30
DA:314,30
DA:321,0
DA:322,60
DA:324,0
DA:326,30
DA:328,30
DA:331,30
DA:333,30
DA:334,30
DA:335,30
DA:338,30
DA:341,30
DA:342,30
DA:344,30
DA:348,60
DA:349,60
DA:351,30
DA:353,30
DA:357,60
DA:359,30
DA:361,0
DA:363,30
DA:365,30
DA:367,30
DA:370,30
DA:371,30
DA:373,30
DA:377,30
DA:379,30
DA:380,30
DA:383,30
DA:387,30
DA:388,30
DA:390,30
DA:394,30
DA:395,30
DA:397,30
DA:403,30
DA:405,300
DA:406,270
DA:407,270
DA:408,270
DA:409,570
DA:411,30
DA:413,0
DA:417,0
DA:419,0
DA:423,0
DA:425,300
DA:433,300
DA:434,300
DA:435,300
DA:437,0
DA:441,0
DA:442,0
DA:443,0
DA:445,0
DA:445,0
DA:445,60
end_of_record
