TN:
SF:/proj/plasma/CODE/ert/fortplotlib/src/fortplot.f90
FN:61,__fortplot_MOD_plot
FN:75,__fortplot_MOD_contour
FN:91,__fortplot_MOD_contour_filled
FN:111,__fortplot_MOD_pcolormesh
FN:139,__fortplot_MOD_streamplot
FN:162,__fortplot_MOD_show_data
FN:184,__fortplot_MOD_show_figure
FN:198,__fortplot_MOD_figure
FN:212,__fortplot_MOD_xlabel
FN:218,__fortplot_MOD_ylabel
FN:224,__fortplot_MOD_title
FN:230,__fortplot_MOD_legend
FN:237,__fortplot_MOD_savefig
FN:243,__fortplot_MOD_add_plot
FN:251,__fortplot_MOD_add_contour
FN:260,__fortplot_MOD_add_contour_filled
FN:271,__fortplot_MOD_add_pcolormesh
FN:283,__fortplot_MOD_set_xscale
FN:290,__fortplot_MOD_set_yscale
FN:297,__fortplot_MOD_is_gui_available
FN:375,__fortplot_MOD_show_viewer_implementation
FN:440,__fortplot_MOD_show_viewer
FNDA:14,__fortplot_MOD_xlabel
FNDA:0,__fortplot_MOD_legend
FNDA:0,__fortplot_MOD_show_figure
FNDA:14,__fortplot_MOD_savefig
FNDA:0,__fortplot_MOD_add_contour
FNDA:0,__fortplot_MOD_show_viewer_implementation
FNDA:14,__fortplot_MOD_title
FNDA:14,__fortplot_MOD_figure
FNDA:0,__fortplot_MOD_add_pcolormesh
FNDA:0,__fortplot_MOD_streamplot
FNDA:0,__fortplot_MOD_pcolormesh
FNDA:0,__fortplot_MOD_is_gui_available
FNDA:0,__fortplot_MOD_set_xscale
FNDA:14,__fortplot_MOD_ylabel
FNDA:0,__fortplot_MOD_add_plot
FNDA:0,__fortplot_MOD_contour_filled
FNDA:0,__fortplot_MOD_add_contour_filled
FNDA:0,__fortplot_MOD_show_viewer
FNDA:0,__fortplot_MOD_set_yscale
FNDA:0,__fortplot_MOD_contour
FNDA:0,__fortplot_MOD_show_data
FNDA:14,__fortplot_MOD_plot
FNF:22
FNH:6
DA:61,14
DA:72,14
DA:73,14
DA:75,0
DA:88,0
DA:89,0
DA:91,0
DA:108,0
DA:109,0
DA:111,0
DA:136,0
DA:137,0
DA:139,0
DA:159,0
DA:160,0
DA:162,0
DA:174,0
DA:176,0
DA:177,0
DA:178,0
DA:180,0
DA:181,0
DA:182,0
DA:184,0
DA:190,0
DA:191,0
DA:194,0
DA:196,0
DA:198,14
DA:205,14
DA:206,13
DA:208,1
DA:210,14
DA:212,14
DA:215,14
DA:216,14
DA:218,14
DA:221,14
DA:222,14
DA:224,14
DA:227,14
DA:228,14
DA:230,0
DA:234,0
DA:235,0
DA:237,14
DA:240,14
DA:241,14
DA:243,0
DA:248,0
DA:249,0
DA:251,0
DA:257,0
DA:258,0
DA:260,0
DA:268,0
DA:269,0
DA:271,0
DA:280,0
DA:281,0
DA:283,0
DA:287,0
DA:288,0
DA:290,0
DA:294,0
DA:295,0
DA:297,0
DA:305,0
DA:309,0
DA:310,0
DA:311,0
DA:312,0
DA:316,0
DA:317,0
DA:318,0
DA:319,0
DA:323,0
DA:324,0
DA:325,0
DA:326,0
DA:327,0
DA:328,0
DA:330,0
DA:335,0
DA:336,0
DA:338,0
DA:339,0
DA:340,0
DA:344,0
DA:345,0
DA:346,0
DA:349,0
DA:352,0
DA:353,0
DA:354,0
DA:355,0
DA:359,0
DA:360,0
DA:361,0
DA:362,0
DA:366,0
DA:367,0
DA:368,0
DA:369,0
DA:370,0
DA:373,0
DA:375,0
DA:387,0
DA:388,0
DA:391,0
DA:393,0
DA:395,0
DA:397,0
DA:401,0
DA:405,0
DA:407,0
DA:409,0
DA:412,0
DA:416,0
DA:418,0
DA:419,0
DA:420,0
DA:422,0
DA:423,0
DA:424,0
DA:428,0
DA:430,0
DA:432,0
DA:434,0
DA:436,0
DA:438,0
DA:440,0
DA:453,0
DA:454,0
LF:134
LH:20
end_of_record
TN:
SF:/proj/plasma/CODE/ert/fortplotlib/src/fortplot_animation.f90
FN:37,__fortplot_animation_MOD_funcanimation
FN:60,__fortplot_animation_MOD_run
FN:83,__fortplot_animation_MOD_set_save_frames
FN:91,__fortplot_animation_MOD_save_png_sequence
FN:100,__fortplot_animation_MOD_sleep_ms
FN:108,__fortplot_animation_MOD_save
FN:139,__fortplot_animation_MOD_save_frame_sequence
FN:155,__fortplot_animation_MOD_set_figure
FN:162,__fortplot_animation_MOD_get_file_extension
FN:175,__fortplot_animation_MOD_get_timestamp
FN:186,__fortplot_animation_MOD_int_to_str
FN:195,__fortplot_animation_MOD_is_video_format
FN:204,__fortplot_animation_MOD_check_ffmpeg_available
FN:211,__fortplot_animation_MOD_get_fps_or_default
FN:222,__fortplot_animation_MOD_save_animation_with_ffmpeg_pipe
FN:262,__fortplot_animation_MOD_generate_png_frame_data
FN:277,__fortplot_animation_MOD_update_frame_data
FN:284,__fortplot_animation_MOD_render_frame_to_png
FN:296,__fortplot_animation_MOD_setup_png_backend
FN:308,__fortplot_animation_MOD_render_to_backend
FN:314,__fortplot_animation_MOD_extract_png_data
FN:328,__fortplot_animation_MOD_render_figure_components
FN:338,__fortplot_animation_MOD_render_background
FN:344,__fortplot_animation_MOD_render_all_plots
FN:353,__fortplot_animation_MOD_render_single_plot
FN:367,__fortplot_animation_MOD_mark_as_rendered
FN:373,__fortplot_animation_MOD_render_line_plot
FN:383,__fortplot_animation_MOD_is_valid_line_data
FN:390,__fortplot_animation_MOD_set_plot_color
FN:397,__fortplot_animation_MOD_draw_line_segments
FN:413,__fortplot_animation_MOD_render_contour_plot
FN:419,__fortplot_animation_MOD_render_pcolormesh_plot
FN:425,__fortplot_animation_MOD_data_to_screen_coords
FN:437,__fortplot_animation_MOD_get_current_timestamp
FN:445,__fortplot_animation_MOD___copy_fortplot_animation_Animation_t
FN:445,__fortplot_animation_MOD___final_fortplot_animation_Animation_t
FNDA:2,__fortplot_animation_MOD_check_ffmpeg_available
FNDA:15,__fortplot_animation_MOD_render_frame_to_png
FNDA:0,__fortplot_animation_MOD_sleep_ms
FNDA:15,__fortplot_animation_MOD_generate_png_frame_data
FNDA:3,__fortplot_animation_MOD_get_file_extension
FNDA:15,__fortplot_animation_MOD_draw_line_segments
FNDA:15,__fortplot_animation_MOD_update_frame_data
FNDA:3,__fortplot_animation_MOD_save
FNDA:0,__fortplot_animation_MOD___final_fortplot_animation_Animation_t
FNDA:15,__fortplot_animation_MOD_render_figure_components
FNDA:0,__fortplot_animation_MOD_set_save_frames
FNDA:2,__fortplot_animation_MOD_save_animation_with_ffmpeg_pipe
FNDA:0,__fortplot_animation_MOD_save_frame_sequence
FNDA:3,__fortplot_animation_MOD_funcanimation
FNDA:15,__fortplot_animation_MOD_render_line_plot
FNDA:0,__fortplot_animation_MOD_render_contour_plot
FNDA:15,__fortplot_animation_MOD_mark_as_rendered
FNDA:0,__fortplot_animation_MOD_render_pcolormesh_plot
FNDA:0,__fortplot_animation_MOD_get_current_timestamp
FNDA:150,__fortplot_animation_MOD_data_to_screen_coords
FNDA:15,__fortplot_animation_MOD_render_all_plots
FNDA:15,__fortplot_animation_MOD_extract_png_data
FNDA:15,__fortplot_animation_MOD_render_background
FNDA:0,__fortplot_animation_MOD___copy_fortplot_animation_Animation_t
FNDA:3,__fortplot_animation_MOD_is_video_format
FNDA:0,__fortplot_animation_MOD_save_png_sequence
FNDA:0,__fortplot_animation_MOD_set_figure
FNDA:2,__fortplot_animation_MOD_get_fps_or_default
FNDA:15,__fortplot_animation_MOD_render_single_plot
FNDA:15,__fortplot_animation_MOD_setup_png_backend
FNDA:0,__fortplot_animation_MOD_int_to_str
FNDA:0,__fortplot_animation_MOD_get_timestamp
FNDA:0,__fortplot_animation_MOD_run
FNDA:15,__fortplot_animation_MOD_is_valid_line_data
FNDA:15,__fortplot_animation_MOD_render_to_backend
FNDA:15,__fortplot_animation_MOD_set_plot_color
FNF:36
FNH:23
DA:37,3
DA:44,3
DA:45,3
DA:47,3
DA:48,3
DA:50,0
DA:53,3
DA:54,3
DA:57,3
DA:58,6
DA:60,0
DA:64,0
DA:65,0
DA:66,0
DA:69,0
DA:71,0
DA:72,0
DA:75,0
DA:76,0
DA:80,0
DA:83,0
DA:87,0
DA:88,0
DA:89,0
DA:91,0
DA:96,0
DA:97,0
DA:98,0
DA:100,0
DA:106,0
DA:108,3
DA:114,3
DA:117,3
DA:119,3
DA:120,1
DA:121,1
DA:122,1
DA:125,2
DA:126,0
DA:127,0
DA:128,0
DA:131,2
DA:133,2
DA:135,2
DA:137,6
DA:139,0
DA:145,0
DA:146,0
DA:147,0
DA:148,0
DA:149,0
DA:153,0
DA:155,0
DA:159,0
DA:160,0
DA:162,3
DA:167,3
DA:168,3
DA:169,3
DA:171,0
DA:173,3
DA:175,0
DA:180,0
DA:182,0
DA:183,0
DA:184,0
DA:186,0
DA:191,0
DA:192,0
DA:193,0
DA:195,3
DA:201,3
DA:202,3
DA:204,2
DA:208,2
DA:209,2
DA:211,2
DA:215,2
DA:216,1
DA:218,1
DA:220,2
DA:222,2
DA:229,2
DA:231,4
DA:232,2
DA:233,0
DA:234,0
DA:235,0
DA:238,17
DA:239,15
DA:240,15
DA:241,0
DA:242,0
DA:243,0
DA:244,0
DA:247,15
DA:248,15
DA:249,0
DA:250,0
DA:251,0
DA:252,0
DA:255,32
DA:258,2
DA:259,2
DA:260,4
DA:262,30
DA:268,15
DA:269,0
DA:270,0
DA:273,15
DA:274,15
DA:277,15
DA:281,15
DA:282,15
DA:284,15
DA:289,15
DA:291,15
DA:292,15
DA:293,15
DA:294,15
DA:296,15
DA:300,15
DA:302,29
DA:303,15
DA:304,15
DA:305,15
DA:306,15
DA:308,15
DA:311,15
DA:312,15
DA:314,15
DA:321,0
DA:322,30
DA:324,0
DA:326,15
DA:328,15
DA:331,15
DA:333,15
DA:334,15
DA:335,15
DA:338,15
DA:341,15
DA:342,15
DA:344,15
DA:348,30
DA:349,30
DA:351,15
DA:353,15
DA:357,30
DA:359,15
DA:361,0
DA:363,15
DA:365,15
DA:367,15
DA:370,15
DA:371,15
DA:373,15
DA:377,15
DA:379,15
DA:380,15
DA:383,15
DA:387,15
DA:388,15
DA:390,15
DA:394,15
DA:395,15
DA:397,15
DA:403,15
DA:405,150
DA:406,135
DA:407,135
DA:408,135
DA:409,285
DA:411,15
DA:413,0
DA:417,0
DA:419,0
DA:423,0
DA:425,150
DA:433,150
DA:434,150
DA:435,150
DA:437,0
DA:441,0
DA:442,0
DA:443,0
DA:445,30
LF:187
LH:119
end_of_record
TN:
SF:/proj/plasma/CODE/ert/fortplotlib/src/fortplot_ascii.f90
FN:54,__fortplot_ascii_MOD_create_ascii_canvas
FN:83,__fortplot_ascii_MOD_ascii_draw_line
FN:149,__fortplot_ascii_MOD_ascii_set_color
FN:158,__fortplot_ascii_MOD_ascii_set_line_width
FN:167,__fortplot_ascii_MOD_ascii_draw_text
FN:207,__fortplot_ascii_MOD_ascii_set_title
FN:216,__fortplot_ascii_MOD_ascii_finalize
FN:232,__fortplot_ascii_MOD_output_to_terminal
FN:256,__fortplot_ascii_MOD_output_to_file
FN:282,__fortplot_ascii_MOD_get_char_density
FN:313,__fortplot_ascii_MOD_get_blend_char
FN:344,__fortplot_ascii_MOD_render_text_elements_to_canvas
FN:383,__fortplot_ascii_MOD_print_centered_title
FN:400,__fortplot_ascii_MOD_write_centered_title
FN:418,__fortplot_ascii_MOD_ascii_draw_marker
FN:464,__fortplot_ascii_MOD_ascii_set_marker_colors
FN:473,__fortplot_ascii_MOD_ascii_set_marker_colors_with_alpha
FN:483,__fortplot_ascii_MOD___final_fortplot_ascii_Ascii_context
FN:483,__fortplot_ascii_MOD___final_fortplot_ascii_Text_element_t
FN:483,__fortplot_ascii_MOD___copy_fortplot_ascii_Ascii_context
FN:483,__fortplot_ascii_MOD___copy_fortplot_ascii_Text_element_t
FNDA:6,__fortplot_ascii_MOD___final_fortplot_ascii_Ascii_context
FNDA:7,__fortplot_ascii_MOD_create_ascii_canvas
FNDA:0,__fortplot_ascii_MOD_ascii_set_marker_colors_with_alpha
FNDA:1,__fortplot_ascii_MOD_print_centered_title
FNDA:6,__fortplot_ascii_MOD_output_to_file
FNDA:7,__fortplot_ascii_MOD_render_text_elements_to_canvas
FNDA:4,__fortplot_ascii_MOD_ascii_set_title
FNDA:0,__fortplot_ascii_MOD_ascii_set_marker_colors
FNDA:9,__fortplot_ascii_MOD_ascii_set_line_width
FNDA:0,__fortplot_ascii_MOD___final_fortplot_ascii_Text_element_t
FNDA:3,__fortplot_ascii_MOD_ascii_draw_text
FNDA:3,__fortplot_ascii_MOD_write_centered_title
FNDA:383,__fortplot_ascii_MOD_ascii_draw_marker
FNDA:1,__fortplot_ascii_MOD_output_to_terminal
FNDA:383,__fortplot_ascii_MOD_ascii_draw_line
FNDA:0,__fortplot_ascii_MOD___copy_fortplot_ascii_Text_element_t
FNDA:142,__fortplot_ascii_MOD_get_char_density
FNDA:7,__fortplot_ascii_MOD___copy_fortplot_ascii_Ascii_context
FNDA:7,__fortplot_ascii_MOD_ascii_finalize
FNDA:46,__fortplot_ascii_MOD_get_blend_char
FNDA:20,__fortplot_ascii_MOD_ascii_set_color
FNF:21
FNH:17
DA:54,7
DA:62,7
DA:63,7
DA:65,7
DA:67,7
DA:68,7
DA:70,7
DA:71,17367
DA:74,147
DA:75,7
DA:76,7
DA:78,7
DA:79,7
DA:80,7
DA:81,14
DA:83,383
DA:93,383
DA:94,0
DA:97,383
DA:98,0
DA:99,383
DA:100,369
DA:101,14
DA:102,0
DA:103,14
DA:104,0
DA:105,14
DA:106,0
DA:107,14
DA:108,0
DA:110,14
DA:113,383
DA:114,383
DA:115,383
DA:117,383
DA:119,383
DA:120,383
DA:121,383
DA:123,383
DA:124,383
DA:126,583183
DA:128,582800
DA:129,582800
DA:136,582800
DA:137,4077
DA:138,1074
DA:139,3003
DA:140,46
DA:144,582800
DA:145,583183
DA:149,20
DA:153,20
DA:154,20
DA:155,20
DA:156,20
DA:158,9
DA:165,9
DA:167,3
DA:174,3
DA:175,0
DA:179,3
DA:180,3
DA:184,3
DA:186,3
DA:187,3
DA:190,0
DA:191,0
DA:195,3
DA:196,3
DA:198,3
DA:199,3
DA:200,3
DA:201,3
DA:202,3
DA:203,3
DA:205,3
DA:207,4
DA:212,4
DA:213,4
DA:214,4
DA:216,7
DA:222,7
DA:223,1
DA:225,6
DA:226,6
DA:227,6
DA:228,6
DA:230,7
DA:232,1
DA:237,1
DA:239,1
DA:240,1
DA:241,1
DA:244,81
DA:245,31
DA:246,30
DA:247,2430
DA:248,2430
DA:250,31
DA:253,81
DA:254,1
DA:256,6
DA:262,6
DA:264,6
DA:265,3
DA:266,3
DA:270,486
DA:271,186
DA:272,180
DA:273,14580
DA:274,14580
DA:276,186
DA:279,486
DA:280,6
DA:282,142
DA:285,28
DA:287,28
DA:289,44
DA:291,0
DA:293,7
DA:295,0
DA:297,0
DA:299,0
DA:301,1
DA:303,45
DA:305,1
DA:307,0
DA:309,142
DA:311,142
DA:313,46
DA:316,2
DA:318,4
DA:319,2
DA:321,0
DA:324,0
DA:325,0
DA:327,0
DA:330,0
DA:331,0
DA:333,0
DA:336,46
DA:337,43
DA:339,1
DA:342,46
DA:344,7
DA:351,10
DA:352,3
DA:355,37
DA:356,27
DA:360,30
DA:362,27
DA:365,27
DA:366,10
DA:367,17
DA:368,0
DA:369,17
DA:370,0
DA:374,27
DA:376,27
DA:381,7
DA:383,1
DA:388,1
DA:390,1
DA:391,1
DA:392,0
DA:394,1
DA:395,24
DA:396,1
DA:398,2
DA:400,3
DA:406,3
DA:408,3
DA:409,3
DA:410,0
DA:412,3
DA:413,92
DA:414,3
DA:416,6
DA:418,383
DA:426,383
DA:427,383
DA:430,9
DA:432,9
DA:434,0
DA:436,0
DA:438,0
DA:440,0
DA:442,0
DA:444,0
DA:446,0
DA:448,0
DA:450,0
DA:452,0
DA:454,0
DA:456,392
DA:459,383
DA:460,383
DA:462,383
DA:464,0
DA:471,0
DA:473,0
DA:481,0
DA:483,279
LF:203
LH:163
end_of_record
TN:
SF:/proj/plasma/CODE/ert/fortplotlib/src/fortplot_colormap.f90
FN:13,__fortplot_colormap_MOD_get_colormap_color
FN:42,__fortplot_colormap_MOD_colormap_value_to_color
FN:59,__fortplot_colormap_MOD_viridis_colormap
FN:72,__fortplot_colormap_MOD_plasma_colormap
FN:84,__fortplot_colormap_MOD_inferno_colormap
FN:97,__fortplot_colormap_MOD_coolwarm_colormap
FN:109,__fortplot_colormap_MOD_jet_colormap
FN:121,__fortplot_colormap_MOD_crest_colormap
FN:137,__fortplot_colormap_MOD_interpolate_colormap
FNDA:0,__fortplot_colormap_MOD_jet_colormap
FNDA:0,__fortplot_colormap_MOD_get_colormap_color
FNDA:0,__fortplot_colormap_MOD_inferno_colormap
FNDA:0,__fortplot_colormap_MOD_viridis_colormap
FNDA:0,__fortplot_colormap_MOD_colormap_value_to_color
FNDA:0,__fortplot_colormap_MOD_crest_colormap
FNDA:0,__fortplot_colormap_MOD_coolwarm_colormap
FNDA:0,__fortplot_colormap_MOD_plasma_colormap
FNDA:0,__fortplot_colormap_MOD_interpolate_colormap
FNF:9
FNH:0
DA:13,0
DA:22,0
DA:24,0
DA:26,0
DA:28,0
DA:30,0
DA:32,0
DA:34,0
DA:36,0
DA:38,0
DA:40,0
DA:42,0
DA:50,0
DA:51,0
DA:53,0
DA:56,0
DA:57,0
DA:59,0
DA:69,0
DA:70,0
DA:72,0
DA:81,0
DA:82,0
DA:84,0
DA:93,0
DA:94,0
DA:97,0
DA:106,0
DA:107,0
DA:109,0
DA:118,0
DA:119,0
DA:121,0
DA:131,0
DA:132,0
DA:137,0
DA:146,0
DA:148,0
DA:149,0
DA:150,0
DA:154,0
DA:155,0
DA:157,0
DA:158,0
DA:159,0
DA:160,0
DA:162,0
DA:163,0
DA:165,0
DA:166,0
DA:167,0
LF:51
LH:0
end_of_record
TN:
SF:/proj/plasma/CODE/ert/fortplotlib/src/fortplot_context.f90
FN:85,__fortplot_context_MOD_setup_canvas
FNDA:141,__fortplot_context_MOD_setup_canvas
FNF:1
FNH:1
DA:85,141
DA:89,141
DA:90,141
DA:91,141
DA:92,141
DA:93,141
DA:94,141
DA:95,141
LF:8
LH:8
end_of_record
TN:
SF:/proj/plasma/CODE/ert/fortplotlib/src/fortplot_figure_core.f90
FN:138,__fortplot_figure_core_MOD_initialize
FN:162,__fortplot_figure_core_MOD_add_plot
FN:189,__fortplot_figure_core_MOD_add_contour
FN:207,__fortplot_figure_core_MOD_add_contour_filled
FN:226,__fortplot_figure_core_MOD_add_pcolormesh
FN:247,__fortplot_figure_core_MOD_streamplot
FN:296,add_trajectories_to_figure.0
FN:340,__fortplot_figure_core_MOD_savefig
FN:360,__fortplot_figure_core_MOD_show
FN:376,__fortplot_figure_core_MOD_set_xlabel
FN:382,__fortplot_figure_core_MOD_set_ylabel
FN:388,__fortplot_figure_core_MOD_set_title
FN:394,__fortplot_figure_core_MOD_set_xscale
FN:403,__fortplot_figure_core_MOD_set_yscale
FN:412,__fortplot_figure_core_MOD_set_xlim
FN:421,__fortplot_figure_core_MOD_set_ylim
FN:430,__fortplot_figure_core_MOD_set_line_width
FN:438,__fortplot_figure_core_MOD_destroy
FN:448,__fortplot_figure_core_MOD_add_line_plot_data
FN:495,__fortplot_figure_core_MOD_add_contour_plot_data
FN:539,__fortplot_figure_core_MOD_add_colored_contour_plot_data
FN:596,__fortplot_figure_core_MOD_add_pcolormesh_plot_data
FN:642,__fortplot_figure_core_MOD_update_data_ranges_pcolormesh
FN:673,__fortplot_figure_core_MOD_update_data_ranges
FN:682,__fortplot_figure_core_MOD_render_figure
FN:719,__fortplot_figure_core_MOD_generate_default_contour_levels
FN:742,__fortplot_figure_core_MOD_calculate_figure_data_ranges
FN:865,__fortplot_figure_core_MOD_setup_coordinate_system
FN:879,__fortplot_figure_core_MOD_render_figure_background
FN:885,__fortplot_figure_core_MOD_render_figure_axes
FN:917,__fortplot_figure_core_MOD_render_all_plots
FN:937,__fortplot_figure_core_MOD_render_streamlines
FN:951,__fortplot_figure_core_MOD_render_streamline
FN:971,__fortplot_figure_core_MOD_render_line_plot
FN:999,__fortplot_figure_core_MOD_render_markers
FN:1021,__fortplot_figure_core_MOD_render_contour_plot
FN:1060,__fortplot_figure_core_MOD_render_pcolormesh_plot
FN:1104,__fortplot_figure_core_MOD_render_default_contour_levels
FN:1129,__fortplot_figure_core_MOD_trace_contour_level
FN:1146,__fortplot_figure_core_MOD_process_contour_cell
FN:1165,__fortplot_figure_core_MOD_get_cell_coordinates
FN:1181,__fortplot_figure_core_MOD_get_cell_values
FN:1193,__fortplot_figure_core_MOD_calculate_marching_squares_config
FN:1205,__fortplot_figure_core_MOD_get_contour_lines
FN:1220,__fortplot_figure_core_MOD_interpolate_edge_crossings
FN:1264,__fortplot_figure_core_MOD_apply_marching_squares_lookup
FN:1304,__fortplot_figure_core_MOD_draw_contour_lines
FN:1323,__fortplot_figure_core_MOD_draw_line_with_style
FN:1338,__fortplot_figure_core_MOD_render_solid_line
FN:1356,__fortplot_figure_core_MOD_render_patterned_line
FN:1450,__fortplot_figure_core_MOD_render_segment_with_pattern
FN:1510,__fortplot_figure_core_MOD_figure_legend
FN:1542,__fortplot_figure_core_MOD_clear_streamlines
FN:1551,__fortplot_figure_core_MOD_transform_quad_to_screen
FN:1566,__fortplot_figure_core_MOD_draw_filled_quad
FN:1588,__fortplot_figure_core_MOD_draw_quad_edges
FN:1601,__fortplot_figure_core_MOD_set_ydata
FN:1630,__fortplot_figure_core_MOD___final_fortplot_figure_core_Plot_data_t
FN:1630,__fortplot_figure_core_MOD___copy_fortplot_figure_core_Plot_data_t
FN:1630,__fortplot_figure_core_MOD___copy_fortplot_figure_core_Figure_t
FN:1630,__fortplot_figure_core_MOD___final_fortplot_figure_core_Figure_t
FNDA:0,__fortplot_figure_core_MOD_get_cell_coordinates
FNDA:49,__fortplot_figure_core_MOD_render_figure_background
FNDA:49,__fortplot_figure_core_MOD_setup_coordinate_system
FNDA:0,__fortplot_figure_core_MOD_calculate_marching_squares_config
FNDA:1,__fortplot_figure_core_MOD_add_contour
FNDA:1,__fortplot_figure_core_MOD_generate_default_contour_levels
FNDA:33,__fortplot_figure_core_MOD_set_title
FNDA:43,__fortplot_figure_core_MOD___final_fortplot_figure_core_Figure_t
FNDA:705,__fortplot_figure_core_MOD_render_line_plot
FNDA:924,__fortplot_figure_core_MOD_calculate_figure_data_ranges
FNDA:0,__fortplot_figure_core_MOD_render_streamline
FNDA:67,__fortplot_figure_core_MOD_initialize
FNDA:4,__fortplot_figure_core_MOD_set_xlim
FNDA:704,__fortplot_figure_core_MOD_render_solid_line
FNDA:0,__fortplot_figure_core_MOD_render_segment_with_pattern
FNDA:0,__fortplot_figure_core_MOD_draw_contour_lines
FNDA:875,__fortplot_figure_core_MOD_update_data_ranges
FNDA:874,__fortplot_figure_core_MOD_add_line_plot_data
FNDA:48,__fortplot_figure_core_MOD_savefig
FNDA:2,__fortplot_figure_core_MOD_set_xscale
FNDA:49,__fortplot_figure_core_MOD_render_figure_axes
FNDA:0,__fortplot_figure_core_MOD_render_contour_plot
FNDA:15,__fortplot_figure_core_MOD_figure_legend
FNDA:0,__fortplot_figure_core_MOD_render_streamlines
FNDA:21,__fortplot_figure_core_MOD_set_xlabel
FNDA:4,__fortplot_figure_core_MOD_set_ylim
FNDA:0,__fortplot_figure_core_MOD___copy_fortplot_figure_core_Figure_t
FNDA:0,__fortplot_figure_core_MOD_render_default_contour_levels
FNDA:3,__fortplot_figure_core_MOD_add_pcolormesh_plot_data
FNDA:3,__fortplot_figure_core_MOD_add_pcolormesh
FNDA:0,__fortplot_figure_core_MOD_set_line_width
FNDA:704,__fortplot_figure_core_MOD_draw_line_with_style
FNDA:0,__fortplot_figure_core_MOD_get_contour_lines
FNDA:0,__fortplot_figure_core_MOD_trace_contour_level
FNDA:0,__fortplot_figure_core_MOD___copy_fortplot_figure_core_Plot_data_t
FNDA:0,__fortplot_figure_core_MOD_draw_filled_quad
FNDA:49,__fortplot_figure_core_MOD_render_all_plots
FNDA:3,__fortplot_figure_core_MOD_update_data_ranges_pcolormesh
FNDA:874,__fortplot_figure_core_MOD_add_plot
FNDA:0,__fortplot_figure_core_MOD_clear_streamlines
FNDA:0,__fortplot_figure_core_MOD_transform_quad_to_screen
FNDA:0,__fortplot_figure_core_MOD_process_contour_cell
FNDA:49,__fortplot_figure_core_MOD_render_figure
FNDA:21,__fortplot_figure_core_MOD_set_ylabel
FNDA:0,__fortplot_figure_core_MOD_interpolate_edge_crossings
FNDA:43,__fortplot_figure_core_MOD_destroy
FNDA:1,__fortplot_figure_core_MOD_add_contour_plot_data
FNDA:0,__fortplot_figure_core_MOD_get_cell_values
FNDA:0,__fortplot_figure_core_MOD_apply_marching_squares_lookup
FNDA:6,__fortplot_figure_core_MOD_set_yscale
FNDA:0,__fortplot_figure_core_MOD_add_colored_contour_plot_data
FNDA:0,__fortplot_figure_core_MOD___final_fortplot_figure_core_Plot_data_t
FNDA:0,__fortplot_figure_core_MOD_render_pcolormesh_plot
FNDA:0,__fortplot_figure_core_MOD_draw_quad_edges
FNDA:0,__fortplot_figure_core_MOD_add_contour_filled
FNDA:705,__fortplot_figure_core_MOD_render_markers
FNDA:0,__fortplot_figure_core_MOD_render_patterned_line
FNDA:1,__fortplot_figure_core_MOD_show
FNDA:11,add_trajectories_to_figure.0
FNDA:12,__fortplot_figure_core_MOD_streamplot
FNDA:17,__fortplot_figure_core_MOD_set_ydata
FNF:61
FNH:35
DA:138,67
DA:144,66
DA:145,67
DA:147,67
DA:148,24696
DA:150,67
DA:151,67
DA:154,67
DA:157,67
DA:158,0
DA:160,67
DA:162,874
DA:171,874
DA:172,0
DA:173,0
DA:176,874
DA:178,874
DA:180,3
DA:181,3
DA:184,871
DA:186,874
DA:187,874
DA:189,1
DA:196,1
DA:197,0
DA:198,0
DA:201,1
DA:203,1
DA:204,1
DA:205,1
DA:207,0
DA:215,0
DA:216,0
DA:217,0
DA:220,0
DA:222,0
DA:223,0
DA:224,0
DA:226,3
DA:243,3
DA:244,3
DA:245,3
DA:247,12
DA:260,12
DA:262,12
DA:264,12
DA:265,1
DA:266,1
DA:269,11
DA:270,0
DA:271,0
DA:274,11
DA:275,11
DA:278,11
DA:279,167
DA:280,167
DA:282,11
DA:283,165
DA:284,165
DA:288,11
DA:292,23
DA:296,11
DA:306,11
DA:310,11
DA:311,11
DA:313,824
DA:314,813
DA:316,824
DA:317,813
DA:322,18646
DA:325,17833
DA:327,18646
DA:331,813
DA:333,813
DA:336,11
DA:340,96
DA:346,96
DA:349,69
DA:350,48
DA:353,48
DA:354,48
DA:355,48
DA:357,48
DA:358,48
DA:360,1
DA:365,1
DA:366,1
DA:369,1
DA:370,1
DA:371,1
DA:372,1
DA:376,21
DA:379,21
DA:380,21
DA:382,21
DA:385,21
DA:386,21
DA:388,33
DA:391,33
DA:392,33
DA:394,2
DA:399,2
DA:400,2
DA:401,2
DA:403,6
DA:408,6
DA:409,6
DA:410,6
DA:412,4
DA:416,4
DA:417,4
DA:418,4
DA:419,4
DA:421,4
DA:425,4
DA:426,4
DA:427,4
DA:428,4
DA:430,0
DA:435,0
DA:436,0
DA:438,43
DA:442,19582
DA:443,63
DA:444,43
DA:448,874
DA:457,874
DA:458,874
DA:461,874
DA:462,874
DA:463,874
DA:464,874
DA:465,20752
DA:466,20752
DA:469,874
DA:470,41
DA:472,833
DA:475,874
DA:476,816
DA:478,58
DA:481,874
DA:482,874
DA:484,0
DA:487,874
DA:488,3252
DA:490,61
DA:491,244
DA:493,874
DA:495,1
DA:504,1
DA:505,1
DA:508,1
DA:509,1
DA:510,1
DA:511,1
DA:512,1
DA:513,1
DA:515,5
DA:516,5
DA:517,14
DA:520,1
DA:523,1
DA:524,0
DA:526,1
DA:530,1
DA:531,0
DA:532,0
DA:533,0
DA:535,1
DA:537,1
DA:539,0
DA:549,0
DA:550,0
DA:553,0
DA:554,0
DA:555,0
DA:556,0
DA:557,0
DA:558,0
DA:560,0
DA:561,0
DA:562,0
DA:565,0
DA:567,0
DA:568,0
DA:570,0
DA:573,0
DA:574,0
DA:576,0
DA:580,0
DA:581,0
DA:583,0
DA:587,0
DA:588,0
DA:589,0
DA:590,0
DA:592,0
DA:594,0
DA:596,3
DA:607,3
DA:608,0
DA:611,3
DA:612,3
DA:615,3
DA:618,3
DA:619,0
DA:620,0
DA:622,3
DA:623,0
DA:624,0
DA:628,3
DA:629,0
DA:630,0
DA:634,3
DA:635,0
DA:639,3
DA:640,3
DA:642,3
DA:649,3
DA:652,56
DA:653,56
DA:654,56
DA:655,56
DA:658,3
DA:659,3
DA:660,3
DA:661,3
DA:662,3
DA:664,0
DA:665,0
DA:666,0
DA:667,0
DA:670,3
DA:671,3
DA:673,875
DA:679,875
DA:680,875
DA:682,49
DA:686,49
DA:689,49
DA:692,49
DA:693,49
DA:696,49
DA:701,41
DA:702,16
DA:709,49
DA:710,16
DA:713,49
DA:719,1
DA:725,1
DA:727,13
DA:728,13
DA:731,1
DA:732,1
DA:733,1
DA:735,1
DA:737,11
DA:738,10
DA:742,924
DA:749,924
DA:751,924
DA:753,44147
DA:754,44147
DA:755,43222
DA:757,19599
DA:758,19599
DA:759,19599
DA:760,19599
DA:763,923
DA:764,923
DA:765,923
DA:766,923
DA:767,923
DA:770,1050471
DA:771,1050471
DA:772,1050471
DA:773,1050471
DA:777,1050471
DA:779,1050471
DA:781,1050471
DA:783,1050471
DA:785,1
DA:786,1
DA:788,5
DA:789,5
DA:790,5
DA:791,5
DA:794,1
DA:795,1
DA:796,1
DA:797,1
DA:798,1
DA:801,0
DA:802,0
DA:803,0
DA:804,0
DA:808,0
DA:810,0
DA:812,0
DA:814,0
DA:816,0
DA:817,0
DA:819,0
DA:820,0
DA:821,0
DA:822,0
DA:825,0
DA:826,0
DA:827,0
DA:828,0
DA:829,0
DA:832,0
DA:833,0
DA:834,0
DA:835,0
DA:839,0
DA:841,0
DA:843,0
DA:845,0
DA:850,924
DA:851,924
DA:852,924
DA:853,924
DA:854,924
DA:857,924
DA:858,924
DA:859,924
DA:860,924
DA:861,924
DA:865,49
DA:868,49
DA:869,49
DA:873,49
DA:874,49
DA:875,49
DA:876,49
DA:877,49
DA:879,49
DA:883,49
DA:885,49
DA:891,49
DA:898,41
DA:902,1
DA:905,7
DA:906,4
DA:908,7
DA:909,14
DA:912,0
DA:913,0
DA:915,49
DA:917,49
DA:922,754
DA:924,705
DA:926,754
DA:927,705
DA:928,0
DA:929,0
DA:930,0
DA:931,0
DA:935,49
DA:937,0
DA:942,0
DA:944,0
DA:947,0
DA:949,0
DA:951,0
DA:959,0
DA:961,0
DA:962,0
DA:963,0
DA:964,0
DA:967,0
DA:969,0
DA:971,705
DA:977,705
DA:979,705
DA:980,705
DA:981,705
DA:984,705
DA:987,705
DA:989,704
DA:992,704
DA:996,705
DA:997,705
DA:999,705
DA:1003,705
DA:1007,705
DA:1008,705
DA:1010,705
DA:1011,705
DA:1013,14920
DA:1014,14215
DA:1015,14215
DA:1016,14920
DA:1019,705
DA:1021,0
DA:1030,0
DA:1031,0
DA:1034,0
DA:1035,0
DA:1038,0
DA:1039,0
DA:1040,0
DA:1043,0
DA:1045,0
DA:1047,0
DA:1048,0
DA:1051,0
DA:1056,0
DA:1060,0
DA:1071,0
DA:1072,0
DA:1075,0
DA:1076,0
DA:1078,0
DA:1081,0
DA:1084,0
DA:1086,0
DA:1089,0
DA:1090,0
DA:1093,0
DA:1096,0
DA:1098,0
DA:1102,0
DA:1104,0
DA:1115,0
DA:1117,0
DA:1119,0
DA:1121,0
DA:1122,0
DA:1125,0
DA:1127,0
DA:1129,0
DA:1136,0
DA:1137,0
DA:1139,0
DA:1140,0
DA:1141,0
DA:1144,0
DA:1146,0
DA:1157,0
DA:1158,0
DA:1159,0
DA:1161,0
DA:1162,0
DA:1163,0
DA:1165,0
DA:1171,0
DA:1172,0
DA:1173,0
DA:1174,0
DA:1175,0
DA:1176,0
DA:1177,0
DA:1178,0
DA:1179,0
DA:1181,0
DA:1187,0
DA:1188,0
DA:1189,0
DA:1190,0
DA:1191,0
DA:1193,0
DA:1198,0
DA:1199,0
DA:1200,0
DA:1201,0
DA:1202,0
DA:1203,0
DA:1205,0
DA:1216,0
DA:1217,0
DA:1218,0
DA:1220,0
DA:1228,0
DA:1229,0
DA:1230,0
DA:1232,0
DA:1233,0
DA:1237,0
DA:1238,0
DA:1239,0
DA:1241,0
DA:1242,0
DA:1246,0
DA:1247,0
DA:1248,0
DA:1250,0
DA:1251,0
DA:1255,0
DA:1256,0
DA:1257,0
DA:1259,0
DA:1260,0
DA:1262,0
DA:1264,0
DA:1271,0
DA:1272,0
DA:1274,0
DA:1276,0
DA:1277,0
DA:1279,0
DA:1280,0
DA:1282,0
DA:1283,0
DA:1285,0
DA:1286,0
DA:1288,0
DA:1289,0
DA:1291,0
DA:1292,0
DA:1294,0
DA:1295,0
DA:1297,0
DA:1298,0
DA:1300,0
DA:1302,0
DA:1304,0
DA:1312,0
DA:1314,0
DA:1315,0
DA:1316,0
DA:1317,0
DA:1319,0
DA:1321,0
DA:1323,704
DA:1329,704
DA:1331,704
DA:1334,0
DA:1336,704
DA:1338,704
DA:1345,14210
DA:1347,13506
DA:1348,13506
DA:1349,13506
DA:1350,13506
DA:1352,14210
DA:1354,704
DA:1356,0
DA:1372,0
DA:1375,0
DA:1376,0
DA:1378,0
DA:1379,0
DA:1380,0
DA:1383,0
DA:1384,0
DA:1385,0
DA:1388,0
DA:1389,0
DA:1390,0
DA:1393,0
DA:1396,0
DA:1397,0
DA:1398,0
DA:1402,0
DA:1403,0
DA:1404,0
DA:1408,0
DA:1409,0
DA:1410,0
DA:1411,0
DA:1412,0
DA:1416,0
DA:1417,0
DA:1418,0
DA:1422,0
DA:1425,0
DA:1426,0
DA:1427,0
DA:1429,0
DA:1430,0
DA:1431,0
DA:1432,0
DA:1433,0
DA:1435,0
DA:1436,0
DA:1437,0
DA:1439,0
DA:1443,0
DA:1447,0
DA:1448,0
DA:1450,0
DA:1451,0
DA:1465,0
DA:1466,0
DA:1467,0
DA:1468,0
DA:1470,0
DA:1472,0
DA:1474,0
DA:1476,0
DA:1478,0
DA:1479,0
DA:1480,0
DA:1481,0
DA:1482,0
DA:1483,0
DA:1487,0
DA:1488,0
DA:1489,0
DA:1490,0
DA:1491,0
DA:1494,0
DA:1496,0
DA:1497,0
DA:1498,0
DA:1499,0
DA:1500,0
DA:1501,0
DA:1504,0
DA:1505,0
DA:1508,0
DA:1510,15
DA:1517,15
DA:1518,10
DA:1519,10
DA:1523,15
DA:1524,7
DA:1528,54
DA:1529,54
DA:1530,39
DA:1534,39
DA:1539,15
DA:1540,15
DA:1542,0
DA:1546,0
DA:1547,0
DA:1549,0
DA:1551,0
DA:1560,0
DA:1561,0
DA:1562,0
DA:1564,0
DA:1566,0
DA:1576,0
DA:1578,0
DA:1581,0
DA:1582,0
DA:1583,0
DA:1584,0
DA:1586,0
DA:1588,0
DA:1595,0
DA:1596,0
DA:1597,0
DA:1598,0
DA:1599,0
DA:1601,17
DA:1606,17
DA:1607,1
DA:1608,1
DA:1611,16
DA:1612,0
DA:1613,0
DA:1616,16
DA:1617,0
DA:1618,0
DA:1621,16
DA:1622,0
DA:1623,0
DA:1624,0
DA:1627,187
DA:1630,223
LF:664
LH:319
end_of_record
TN:
SF:/proj/plasma/CODE/ert/fortplotlib/src/fortplot_format_parser.f90
FN:10,__fortplot_format_parser_MOD_parse_format_string
FN:58,__fortplot_format_parser_MOD_is_marker_char
FN:71,__fortplot_format_parser_MOD_contains_format_chars
FNDA:24,__fortplot_format_parser_MOD_parse_format_string
FNDA:874,__fortplot_format_parser_MOD_contains_format_chars
FNDA:850,__fortplot_format_parser_MOD_is_marker_char
FNF:3
FNH:3
DA:10,24
DA:20,24
DA:21,24
DA:22,24
DA:23,24
DA:25,24
DA:26,24
DA:27,24
DA:30,58
DA:31,34
DA:34,58
DA:35,20
DA:36,20
DA:38,14
DA:39,14
DA:40,10
DA:41,10
DA:44,4
DA:49,24
DA:50,24
DA:53,24
DA:54,13
DA:56,24
DA:58,850
DA:63,23
DA:65,23
DA:67,850
DA:69,850
DA:71,874
DA:79,874
DA:81,1687
DA:82,816
DA:83,1687
DA:84,3
DA:85,3
DA:88,1745
LF:36
LH:36
end_of_record
TN:
SF:/proj/plasma/CODE/ert/fortplotlib/src/fortplot_jpeg.f90
FN:49,__fortplot_jpeg_MOD_initialize_huffman_tables
FN:99,__fortplot_jpeg_MOD_create_jpeg_canvas
FN:118,__fortplot_jpeg_MOD_jpeg_set_quality
FN:128,__fortplot_jpeg_MOD_jpeg_finalize
FN:136,__fortplot_jpeg_MOD_generate_jpeg_data
FN:172,__fortplot_jpeg_MOD_write_jpeg_file
FN:191,__fortplot_jpeg_MOD_get_jpeg_data
FN:201,__fortplot_jpeg_MOD_calculate_jpeg_buffer_size
FN:209,__fortplot_jpeg_MOD_write_jpeg_soi
FN:218,__fortplot_jpeg_MOD_write_jpeg_app0
FN:244,__fortplot_jpeg_MOD_write_jpeg_dqt
FN:261,__fortplot_jpeg_MOD_write_standard_qtable
FN:287,__fortplot_jpeg_MOD_write_jpeg_sof0
FN:323,__fortplot_jpeg_MOD_write_be16
FN:331,__fortplot_jpeg_MOD_write_jpeg_dht
FN:342,__fortplot_jpeg_MOD_write_dc_huffman_table
FN:386,__fortplot_jpeg_MOD_write_ac_huffman_table
FN:479,__fortplot_jpeg_MOD_write_jpeg_sos
FN:506,__fortplot_jpeg_MOD_encode_jpeg_scan_data_stb_style
FN:545,__fortplot_jpeg_MOD_append_scan_data
FN:558,__fortplot_jpeg_MOD_write_jpeg_eoi
FN:569,__fortplot_jpeg_MOD_calculate_average_luminance
FN:591,__fortplot_jpeg_MOD_create_minimal_valid_scan_data
FN:622,__fortplot_jpeg_MOD_fix_forbidden_sequences
FN:639,__fortplot_jpeg_MOD_rgb_to_ycbcr
FN:662,__fortplot_jpeg_MOD_extract_rgb_pixel
FN:680,__fortplot_jpeg_MOD_extract_8x8_block
FN:696,__fortplot_jpeg_MOD_apply_dct_8x8
FN:729,__fortplot_jpeg_MOD_zigzag_reorder
FN:749,__fortplot_jpeg_MOD_quantize_block
FN:764,__fortplot_jpeg_MOD_get_quantization_table
FN:790,__fortplot_jpeg_MOD_encode_blocks_stb_style
FN:824,__fortplot_jpeg_MOD_process_du_stb_style
FN:912,__fortplot_jpeg_MOD_get_dc_category
FN:947,__fortplot_jpeg_MOD_get_ac_category
FN:956,__fortplot_jpeg_MOD_stb_write_bits
FN:987,__fortplot_jpeg_MOD_write_byte_to_output
FN:1000,__fortplot_jpeg_MOD_expand_output_buffer
FN:1017,__fortplot_jpeg_MOD_get_stb_quantization_tables
FN:1060,__fortplot_jpeg_MOD_apply_dct_and_quantize_stb_style
FN:1081,__fortplot_jpeg_MOD_apply_stb_dct_8x8
FN:1097,__fortplot_jpeg_MOD_stb_dct_1d
FN:1145,__fortplot_jpeg_MOD_get_uvdc_code
FN:1158,__fortplot_jpeg_MOD_get_uvdc_bits
FN:1171,__fortplot_jpeg_MOD_encode_ac_symbol_stb_style
FN:1184,__fortplot_jpeg_MOD_encode_yac_symbol
FN:1201,__fortplot_jpeg_MOD_encode_uvac_symbol
FN:1216,__fortplot_jpeg_MOD_write_dc_value_bits_stb_style
FN:1231,__fortplot_jpeg_MOD_write_ac_value_bits_stb_style
FN:1238,__fortplot_jpeg_MOD_extract_subsampled_8x8_block
FN:1255,__fortplot_jpeg_MOD_write_dc_value_bits
FN:1274,__fortplot_jpeg_MOD_write_ac_value_bits
FN:1283,__fortplot_jpeg_MOD_pack_scan_data
FN:1295,__fortplot_jpeg_MOD___final_fortplot_jpeg_Bit_writer_t
FN:1295,__fortplot_jpeg_MOD___copy_fortplot_jpeg_Bit_writer_t
FN:1295,__fortplot_jpeg_MOD___copy_fortplot_jpeg_Jpeg_context
FNDA:0,__fortplot_jpeg_MOD_write_dc_value_bits
FNDA:309,__fortplot_jpeg_MOD_apply_dct_and_quantize_stb_style
FNDA:0,__fortplot_jpeg_MOD___final_fortplot_jpeg_Bit_writer_t
FNDA:5,__fortplot_jpeg_MOD_write_jpeg_file
FNDA:26,__fortplot_jpeg_MOD_write_be16
FNDA:0,__fortplot_jpeg_MOD_expand_output_buffer
FNDA:13,__fortplot_jpeg_MOD_write_jpeg_soi
FNDA:13,__fortplot_jpeg_MOD_write_jpeg_eoi
FNDA:0,__fortplot_jpeg_MOD_pack_scan_data
FNDA:901,__fortplot_jpeg_MOD_write_dc_value_bits_stb_style
FNDA:13,__fortplot_jpeg_MOD_write_jpeg_app0
FNDA:7,__fortplot_jpeg_MOD_create_jpeg_canvas
FNDA:0,__fortplot_jpeg_MOD_write_ac_value_bits
FNDA:0,__fortplot_jpeg_MOD_fix_forbidden_sequences
FNDA:15,__fortplot_jpeg_MOD_initialize_huffman_tables
FNDA:13,__fortplot_jpeg_MOD_generate_jpeg_data
FNDA:13,__fortplot_jpeg_MOD_encode_jpeg_scan_data_stb_style
FNDA:0,__fortplot_jpeg_MOD_get_quantization_table
FNDA:901,__fortplot_jpeg_MOD_get_dc_category
FNDA:345,__fortplot_jpeg_MOD_encode_yac_symbol
FNDA:13,__fortplot_jpeg_MOD_encode_blocks_stb_style
FNDA:16,__fortplot_jpeg_MOD_get_uvdc_code
FNDA:2385,__fortplot_jpeg_MOD_stb_write_bits
FNDA:11089,__fortplot_jpeg_MOD_extract_rgb_pixel
FNDA:870,__fortplot_jpeg_MOD_get_ac_category
FNDA:13,__fortplot_jpeg_MOD_calculate_jpeg_buffer_size
FNDA:0,__fortplot_jpeg_MOD_create_minimal_valid_scan_data
FNDA:13,__fortplot_jpeg_MOD_get_stb_quantization_tables
FNDA:0,__fortplot_jpeg_MOD___copy_fortplot_jpeg_Bit_writer_t
FNDA:13,__fortplot_jpeg_MOD_write_jpeg_sof0
FNDA:309,__fortplot_jpeg_MOD_apply_stb_dct_8x8
FNDA:13,__fortplot_jpeg_MOD_write_jpeg_dht
FNDA:0,__fortplot_jpeg_MOD___copy_fortplot_jpeg_Jpeg_context
FNDA:122,__fortplot_jpeg_MOD_extract_subsampled_8x8_block
FNDA:8,__fortplot_jpeg_MOD_get_jpeg_data
FNDA:870,__fortplot_jpeg_MOD_encode_ac_symbol_stb_style
FNDA:13,__fortplot_jpeg_MOD_write_jpeg_sos
FNDA:870,__fortplot_jpeg_MOD_write_ac_value_bits_stb_style
FNDA:309,__fortplot_jpeg_MOD_process_du_stb_style
FNDA:4944,__fortplot_jpeg_MOD_stb_dct_1d
FNDA:2142,__fortplot_jpeg_MOD_write_byte_to_output
FNDA:26,__fortplot_jpeg_MOD_write_dc_huffman_table
FNDA:0,__fortplot_jpeg_MOD_zigzag_reorder
FNDA:0,__fortplot_jpeg_MOD_jpeg_set_quality
FNDA:187,__fortplot_jpeg_MOD_extract_8x8_block
FNDA:13,__fortplot_jpeg_MOD_write_jpeg_dqt
FNDA:525,__fortplot_jpeg_MOD_encode_uvac_symbol
FNDA:0,__fortplot_jpeg_MOD_apply_dct_8x8
FNDA:0,__fortplot_jpeg_MOD_calculate_average_luminance
FNDA:13,__fortplot_jpeg_MOD_rgb_to_ycbcr
FNDA:5,__fortplot_jpeg_MOD_jpeg_finalize
FNDA:0,__fortplot_jpeg_MOD_quantize_block
FNDA:26,__fortplot_jpeg_MOD_write_ac_huffman_table
FNDA:13,__fortplot_jpeg_MOD_write_standard_qtable
FNDA:16,__fortplot_jpeg_MOD_get_uvdc_bits
FNDA:13,__fortplot_jpeg_MOD_append_scan_data
FNF:56
FNH:41
DA:49,15
DA:50,15
DA:53,30
DA:54,30
DA:55,30
DA:56,30
DA:57,30
DA:58,30
DA:59,30
DA:60,30
DA:61,30
DA:62,30
DA:63,30
DA:64,30
DA:67,30
DA:68,30
DA:69,30
DA:70,30
DA:71,30
DA:72,30
DA:73,30
DA:74,30
DA:75,30
DA:76,30
DA:77,30
DA:78,30
DA:81,30
DA:82,30
DA:83,30
DA:84,30
DA:85,30
DA:86,30
DA:89,30
DA:90,30
DA:91,30
DA:92,30
DA:93,30
DA:94,30
DA:96,10
DA:99,7
DA:105,7
DA:108,7
DA:111,7
DA:112,5
DA:114,2
DA:116,14
DA:118,0
DA:123,0
DA:124,0
DA:128,5
DA:132,5
DA:133,5
DA:136,13
DA:142,13
DA:145,13
DA:146,13
DA:148,13
DA:151,13
DA:152,13
DA:153,13
DA:154,13
DA:155,13
DA:156,13
DA:159,13
DA:160,13
DA:163,13
DA:166,18753
DA:168,13
DA:169,13
DA:172,5
DA:177,5
DA:180,5
DA:182,5
DA:183,5
DA:184,5
DA:186,5
DA:187,5
DA:188,10
DA:191,8
DA:196,8
DA:197,8
DA:201,13
DA:206,13
DA:207,13
DA:209,13
DA:213,13
DA:214,13
DA:215,13
DA:216,13
DA:218,13
DA:223,13
DA:224,13
DA:225,13
DA:226,13
DA:227,13
DA:228,13
DA:229,13
DA:230,13
DA:231,13
DA:232,13
DA:233,13
DA:234,13
DA:235,13
DA:236,13
DA:237,13
DA:238,13
DA:239,13
DA:240,13
DA:241,13
DA:242,13
DA:244,13
DA:250,13
DA:251,13
DA:252,13
DA:253,13
DA:254,13
DA:257,13
DA:258,13
DA:259,13
DA:261,13
DA:273,13
DA:274,13
DA:275,0
DA:277,13
DA:281,845
DA:282,832
DA:283,845
DA:285,13
DA:287,13
DA:293,13
DA:294,13
DA:295,13
DA:296,13
DA:297,13
DA:300,13
DA:301,13
DA:303,13
DA:306,13
DA:307,13
DA:308,13
DA:311,13
DA:312,13
DA:313,13
DA:316,13
DA:317,13
DA:318,13
DA:320,13
DA:321,13
DA:323,26
DA:327,26
DA:328,26
DA:329,26
DA:331,13
DA:336,13
DA:337,13
DA:338,13
DA:339,13
DA:340,13
DA:342,26
DA:363,26
DA:364,26
DA:365,26
DA:367,26
DA:368,13
DA:369,13
DA:370,13
DA:371,13
DA:372,221
DA:373,169
DA:374,13
DA:376,13
DA:377,13
DA:378,13
DA:379,13
DA:380,221
DA:381,169
DA:382,13
DA:384,26
DA:386,26
DA:459,26
DA:460,26
DA:462,26
DA:463,13
DA:464,13
DA:465,13
DA:466,221
DA:467,2119
DA:468,13
DA:470,13
DA:471,13
DA:472,13
DA:473,221
DA:474,2119
DA:475,13
DA:477,26
DA:479,13
DA:484,13
DA:485,13
DA:486,13
DA:487,13
DA:488,13
DA:491,13
DA:492,13
DA:493,13
DA:494,13
DA:495,13
DA:496,13
DA:498,13
DA:499,13
DA:500,13
DA:502,13
DA:503,13
DA:506,13
DA:511,13
DA:512,13
DA:516,13
DA:517,13
DA:518,13
DA:519,13
DA:522,13
DA:525,13
DA:526,13
DA:527,13
DA:530,13
DA:533,13
DA:534,11
DA:538,13
DA:539,2168
DA:541,13
DA:542,13
DA:543,13
DA:545,13
DA:552,2155
DA:553,2155
DA:555,13
DA:556,13
DA:558,13
DA:562,13
DA:563,13
DA:564,13
DA:565,13
DA:569,0
DA:577,0
DA:578,0
DA:580,0
DA:581,0
DA:582,0
DA:583,0
DA:584,0
DA:588,0
DA:589,0
DA:591,0
DA:601,0
DA:604,0
DA:605,0
DA:608,0
DA:611,0
DA:614,0
DA:619,0
DA:620,0
DA:622,0
DA:629,0
DA:630,0
DA:632,0
DA:633,0
DA:637,0
DA:639,13
DA:647,13
DA:649,218
DA:650,11307
DA:652,11089
DA:655,11089
DA:656,11089
DA:657,11294
DA:660,13
DA:662,11089
DA:670,11089
DA:672,11089
DA:673,11089
DA:674,11089
DA:675,11089
DA:680,187
DA:687,1683
DA:688,13651
DA:689,11968
DA:690,11968
DA:691,13464
DA:694,187
DA:696,0
DA:706,0
DA:707,0
DA:708,0
DA:710,0
DA:711,0
DA:713,0
DA:718,0
DA:719,0
DA:721,0
DA:726,0
DA:727,0
DA:729,0
DA:742,0
DA:743,0
DA:744,0
DA:745,0
DA:747,0
DA:749,0
DA:756,0
DA:759,0
DA:760,0
DA:762,0
DA:764,0
DA:778,0
DA:780,0
DA:781,0
DA:782,0
DA:784,0
DA:790,13
DA:802,13
DA:805,40
DA:806,227
DA:808,187
DA:809,187
DA:812,214
DA:813,61
DA:814,61
DA:816,61
DA:817,61
DA:821,13
DA:824,309
DA:839,309
DA:842,309
DA:843,309
DA:845,278
DA:846,172
DA:848,106
DA:851,31
DA:852,31
DA:853,31
DA:854,15
DA:857,16
DA:859,31
DA:864,309
DA:867,309
DA:868,18264
DA:869,17955
DA:872,309
DA:874,283
DA:875,283
DA:879,26
DA:880,896
DA:881,870
DA:882,1512
DA:883,642
DA:885,870
DA:888,870
DA:889,0
DA:890,0
DA:893,870
DA:894,870
DA:896,870
DA:897,870
DA:898,870
DA:902,26
DA:903,11
DA:912,901
DA:918,901
DA:920,901
DA:921,0
DA:922,901
DA:923,220
DA:924,681
DA:925,242
DA:926,439
DA:927,215
DA:928,224
DA:929,114
DA:930,110
DA:931,66
DA:932,44
DA:933,27
DA:934,17
DA:935,3
DA:936,14
DA:937,9
DA:938,5
DA:939,5
DA:940,0
DA:941,0
DA:943,0
DA:945,901
DA:947,870
DA:952,870
DA:953,870
DA:956,2385
DA:963,2385
DA:966,2385
DA:969,4224
DA:971,1839
DA:974,1839
DA:977,1839
DA:978,303
DA:982,1839
DA:983,1839
DA:985,2385
DA:987,2142
DA:992,2142
DA:993,0
DA:996,2142
DA:997,2142
DA:998,2142
DA:1000,0
DA:1002,0
DA:1005,0
DA:1006,0
DA:1007,0
DA:1008,0
DA:1010,0
DA:1011,0
DA:1012,0
DA:1013,0
DA:1014,0
DA:1017,13
DA:1035,13
DA:1036,13
DA:1037,0
DA:1039,13
DA:1043,845
DA:1044,832
DA:1045,832
DA:1046,832
DA:1047,845
DA:1051,117
DA:1052,949
DA:1053,832
DA:1054,832
DA:1055,936
DA:1058,13
DA:1060,309
DA:1069,309
DA:1070,309
DA:1073,2781
DA:1074,22557
DA:1075,19776
DA:1076,22248
DA:1079,309
DA:1081,309
DA:1087,2781
DA:1088,2781
DA:1092,2781
DA:1093,2781
DA:1095,309
DA:1097,4944
DA:1103,4944
DA:1104,4944
DA:1106,4944
DA:1107,4944
DA:1108,4944
DA:1109,4944
DA:1110,4944
DA:1111,4944
DA:1112,4944
DA:1113,4944
DA:1116,4944
DA:1117,4944
DA:1118,4944
DA:1119,4944
DA:1121,4944
DA:1122,4944
DA:1123,4944
DA:1124,4944
DA:1127,4944
DA:1128,4944
DA:1129,4944
DA:1130,4944
DA:1132,4944
DA:1133,4944
DA:1134,4944
DA:1136,4944
DA:1137,4944
DA:1139,4944
DA:1140,4944
DA:1141,4944
DA:1142,4944
DA:1143,4944
DA:1145,16
DA:1151,16
DA:1152,16
DA:1154,0
DA:1156,16
DA:1158,16
DA:1164,16
DA:1165,16
DA:1167,0
DA:1169,16
DA:1171,870
DA:1177,870
DA:1178,345
DA:1180,525
DA:1182,870
DA:1184,345
DA:1189,345
DA:1191,0
DA:1193,40
DA:1195,72
DA:1197,345
DA:1199,345
DA:1201,525
DA:1206,525
DA:1208,0
DA:1210,143
DA:1212,525
DA:1214,525
DA:1216,901
DA:1222,901
DA:1223,434
DA:1225,467
DA:1228,901
DA:1229,901
DA:1231,870
DA:1235,870
DA:1236,870
DA:1238,122
DA:1246,1098
DA:1247,8906
DA:1248,7808
DA:1249,7808
DA:1250,8784
DA:1253,122
DA:1255,0
DA:1263,0
DA:1264,0
DA:1266,0
DA:1270,0
DA:1271,0
DA:1272,0
DA:1274,0
DA:1280,0
DA:1281,0
DA:1283,0
DA:1290,0
DA:1291,0
DA:1293,0
DA:1295,0
LF:544
LH:448
end_of_record
TN:
SF:/proj/plasma/CODE/ert/fortplotlib/src/fortplot_jpeg_fixed.f90
FN:20,__fortplot_jpeg_fixed_MOD_encode_jpeg_fixed
FN:55,__fortplot_jpeg_fixed_MOD_write_jpeg_header
FN:80,__fortplot_jpeg_fixed_MOD_encode_scan_data_fixed
FN:143,__fortplot_jpeg_fixed_MOD_encode_block
FN:232,__fortplot_jpeg_fixed_MOD_apply_dct_2d
FN:249,__fortplot_jpeg_fixed_MOD_dct_1d
FN:272,__fortplot_jpeg_fixed_MOD_quantize_block
FN:292,__fortplot_jpeg_fixed_MOD_get_quantization_table
FN:329,__fortplot_jpeg_fixed_MOD_zigzag_scan
FN:352,__fortplot_jpeg_fixed_MOD_get_category
FN:366,__fortplot_jpeg_fixed_MOD_write_bits
FN:398,__fortplot_jpeg_fixed_MOD_write_dc_value
FN:412,__fortplot_jpeg_fixed_MOD_write_ac_value
FN:426,__fortplot_jpeg_fixed_MOD_expand_buffer
FN:437,__fortplot_jpeg_fixed_MOD_write_app0
FN:452,__fortplot_jpeg_fixed_MOD_write_dqt
FN:478,__fortplot_jpeg_fixed_MOD_write_sof0
FN:508,__fortplot_jpeg_fixed_MOD_write_dht
FN:542,__fortplot_jpeg_fixed_MOD_write_sos
FN:569,__fortplot_jpeg_fixed_MOD_validate_against_stb
FN:576,__fortplot_jpeg_fixed_MOD___final_fortplot_jpeg_fixed_Bit_writer_t
FN:576,__fortplot_jpeg_fixed_MOD___copy_fortplot_jpeg_fixed_Bit_writer_t
FNDA:21,__fortplot_jpeg_fixed_MOD_quantize_block
FNDA:0,__fortplot_jpeg_fixed_MOD_expand_buffer
FNDA:264,__fortplot_jpeg_fixed_MOD_write_bits
FNDA:4,__fortplot_jpeg_fixed_MOD_write_jpeg_header
FNDA:4,__fortplot_jpeg_fixed_MOD_encode_scan_data_fixed
FNDA:4,__fortplot_jpeg_fixed_MOD_write_app0
FNDA:121,__fortplot_jpeg_fixed_MOD_get_category
FNDA:0,__fortplot_jpeg_fixed_MOD___copy_fortplot_jpeg_fixed_Bit_writer_t
FNDA:19,__fortplot_jpeg_fixed_MOD_write_dc_value
FNDA:4,__fortplot_jpeg_fixed_MOD_write_sos
FNDA:336,__fortplot_jpeg_fixed_MOD_dct_1d
FNDA:100,__fortplot_jpeg_fixed_MOD_write_ac_value
FNDA:4,__fortplot_jpeg_fixed_MOD_encode_jpeg_fixed
FNDA:25,__fortplot_jpeg_fixed_MOD_get_quantization_table
FNDA:4,__fortplot_jpeg_fixed_MOD_write_dht
FNDA:1,__fortplot_jpeg_fixed_MOD_validate_against_stb
FNDA:21,__fortplot_jpeg_fixed_MOD_encode_block
FNDA:21,__fortplot_jpeg_fixed_MOD_zigzag_scan
FNDA:0,__fortplot_jpeg_fixed_MOD___final_fortplot_jpeg_fixed_Bit_writer_t
FNDA:4,__fortplot_jpeg_fixed_MOD_write_sof0
FNDA:21,__fortplot_jpeg_fixed_MOD_apply_dct_2d
FNDA:4,__fortplot_jpeg_fixed_MOD_write_dqt
FNF:22
FNH:19
DA:20,4
DA:25,4
DA:27,4
DA:30,4
DA:31,4
DA:34,4
DA:37,4
DA:40,100
DA:41,4
DA:44,4
DA:45,4
DA:46,4
DA:49,4
DA:50,880
DA:52,4
DA:53,4
DA:55,4
DA:61,4
DA:62,4
DA:65,4
DA:68,4
DA:71,4
DA:74,4
DA:77,4
DA:78,4
DA:80,4
DA:85,4
DA:92,4
DA:95,4
DA:96,4
DA:97,4
DA:98,4
DA:101,9
DA:102,16
DA:104,63
DA:105,511
DA:106,448
DA:108,448
DA:109,448
DA:110,448
DA:111,448
DA:114,0
DA:118,448
DA:119,448
DA:120,504
DA:125,7
DA:126,7
DA:127,12
DA:132,4
DA:133,4
DA:137,4
DA:138,104
DA:140,4
DA:141,4
DA:143,21
DA:156,21
DA:159,21
DA:162,21
DA:165,21
DA:166,21
DA:168,21
DA:170,21
DA:171,7
DA:173,14
DA:176,21
DA:177,19
DA:181,21
DA:182,121
DA:183,120
DA:186,1343
DA:187,1323
DA:188,1223
DA:189,1223
DA:192,120
DA:194,20
DA:195,6
DA:197,14
DA:199,20
DA:203,100
DA:205,0
DA:206,0
DA:207,0
DA:209,0
DA:211,0
DA:214,100
DA:215,100
DA:216,100
DA:218,100
DA:219,46
DA:220,54
DA:221,54
DA:224,100
DA:225,100
DA:228,100
DA:230,21
DA:232,21
DA:239,189
DA:240,189
DA:244,189
DA:245,189
DA:247,21
DA:249,336
DA:256,3024
DA:257,2688
DA:258,24192
DA:259,24192
DA:262,2688
DA:263,336
DA:265,2352
DA:268,3024
DA:270,336
DA:272,21
DA:282,21
DA:285,189
DA:286,1533
DA:287,1512
DA:290,21
DA:292,25
DA:310,25
DA:312,25
DA:315,25
DA:316,0
DA:318,25
DA:322,25
DA:323,803
DA:325,1022
DA:327,25
DA:329,21
DA:345,21
DA:347,1365
DA:348,1365
DA:350,21
DA:352,121
DA:356,121
DA:357,2
DA:359,119
DA:360,578
DA:361,459
DA:364,121
DA:366,264
DA:372,264
DA:373,264
DA:376,360
DA:377,96
DA:380,96
DA:381,0
DA:384,96
DA:385,96
DA:388,96
DA:389,0
DA:390,0
DA:393,96
DA:394,96
DA:396,264
DA:398,19
DA:403,19
DA:404,9
DA:406,10
DA:409,19
DA:410,19
DA:412,100
DA:417,100
DA:418,63
DA:420,37
DA:423,100
DA:424,100
DA:426,0
DA:428,0
DA:430,0
DA:431,0
DA:432,0
DA:433,0
DA:437,4
DA:441,4
DA:442,4
DA:443,24
DA:444,4
DA:445,4
DA:446,4
DA:447,4
DA:448,4
DA:449,4
DA:450,4
DA:452,4
DA:461,4
DA:462,4
DA:463,4
DA:466,4
DA:467,4
DA:468,36
DA:469,292
DA:470,256
DA:471,288
DA:475,4
DA:476,4
DA:478,4
DA:483,4
DA:484,4
DA:485,4
DA:486,4
DA:487,4
DA:488,4
DA:491,4
DA:492,4
DA:493,4
DA:496,4
DA:497,4
DA:498,4
DA:501,4
DA:502,4
DA:503,4
DA:505,4
DA:506,4
DA:508,4
DA:514,4
DA:515,4
DA:516,4
DA:519,68
DA:522,52
DA:524,4
DA:527,4
DA:528,4
DA:529,4
DA:532,68
DA:535,28
DA:537,4
DA:540,4
DA:542,4
DA:546,4
DA:547,4
DA:548,4
DA:551,4
DA:552,4
DA:555,4
DA:556,4
DA:559,4
DA:560,4
DA:562,4
DA:563,4
DA:564,4
DA:566,4
DA:567,4
DA:569,1
DA:571,1
DA:572,1
DA:573,1
DA:574,1
DA:576,0
LF:248
LH:231
end_of_record
TN:
SF:/proj/plasma/CODE/ert/fortplotlib/src/fortplot_label_positioning.f90
FN:34,__fortplot_label_positioning_MOD_calculate_x_label_position
FN:58,__fortplot_label_positioning_MOD_calculate_y_label_position
FN:85,__fortplot_label_positioning_MOD_calculate_x_tick_label_position
FN:123,__fortplot_label_positioning_MOD_calculate_y_tick_label_position
FN:162,__fortplot_label_positioning_MOD_calculate_x_axis_label_position
FN:183,__fortplot_label_positioning_MOD_calculate_y_axis_label_position
FN:214,__fortplot_label_positioning_MOD_calculate_x_tick_label_position_pdf
FN:255,__fortplot_label_positioning_MOD_calculate_y_tick_label_position_pdf
FNDA:5,__fortplot_label_positioning_MOD_calculate_x_label_position
FNDA:5,__fortplot_label_positioning_MOD_calculate_y_tick_label_position_pdf
FNDA:5,__fortplot_label_positioning_MOD_calculate_x_tick_label_position_pdf
FNDA:34,__fortplot_label_positioning_MOD_calculate_y_axis_label_position
FNDA:3,__fortplot_label_positioning_MOD_calculate_y_label_position
FNDA:207,__fortplot_label_positioning_MOD_calculate_y_tick_label_position
FNDA:18,__fortplot_label_positioning_MOD_calculate_x_axis_label_position
FNDA:207,__fortplot_label_positioning_MOD_calculate_x_tick_label_position
FNF:8
FNH:8
DA:34,5
DA:42,5
DA:45,5
DA:47,0
DA:48,0
DA:52,5
DA:55,5
DA:56,5
DA:58,3
DA:66,3
DA:69,3
DA:71,0
DA:72,0
DA:77,3
DA:82,3
DA:83,3
DA:85,414
DA:96,207
DA:97,207
DA:98,17
DA:99,17
DA:103,207
DA:106,207
DA:109,207
DA:111,207
DA:113,207
DA:116,207
DA:119,0
DA:121,207
DA:123,414
DA:134,207
DA:135,207
DA:136,13
DA:137,13
DA:141,207
DA:144,207
DA:146,207
DA:154,207
DA:155,207
DA:158,0
DA:160,207
DA:162,18
DA:170,18
DA:171,18
DA:172,0
DA:173,0
DA:177,18
DA:180,18
DA:181,18
DA:183,34
DA:191,34
DA:192,34
DA:193,0
DA:194,0
DA:199,34
DA:202,34
DA:205,34
DA:207,28
DA:211,34
DA:212,34
DA:214,10
DA:225,5
DA:226,5
DA:227,0
DA:228,0
DA:232,5
DA:235,5
DA:238,5
DA:240,5
DA:242,5
DA:248,5
DA:251,0
DA:253,5
DA:255,10
DA:266,5
DA:267,5
DA:268,0
DA:269,0
DA:273,5
DA:276,5
DA:278,5
DA:286,5
DA:287,5
DA:290,0
DA:292,5
LF:85
LH:69
end_of_record
TN:
SF:/proj/plasma/CODE/ert/fortplotlib/src/fortplot_layout.f90
FN:31,__fortplot_layout_MOD_calculate_plot_area
FN:52,__fortplot_layout_MOD___copy_fortplot_layout_Plot_margins_t
FN:52,__fortplot_layout_MOD___copy_fortplot_layout_Plot_area_t
FNDA:0,__fortplot_layout_MOD___copy_fortplot_layout_Plot_margins_t
FNDA:75,__fortplot_layout_MOD_calculate_plot_area
FNDA:0,__fortplot_layout_MOD___copy_fortplot_layout_Plot_area_t
FNF:3
FNH:1
DA:31,75
DA:41,75
DA:42,75
DA:43,75
DA:47,75
DA:48,75
DA:49,75
DA:50,75
DA:52,0
LF:9
LH:8
end_of_record
TN:
SF:/proj/plasma/CODE/ert/fortplotlib/src/fortplot_legend.f90
FN:50,__fortplot_legend_MOD_create_legend
FN:59,__fortplot_legend_MOD_legend_add_entry
FN:95,__fortplot_legend_MOD_legend_set_position
FN:114,__fortplot_legend_MOD_legend_render
FN:140,__fortplot_legend_MOD_render_ascii_legend
FN:176,__fortplot_legend_MOD_render_standard_legend
FN:264,__fortplot_legend_MOD_calculate_legend_position
FN:335,__fortplot_legend_MOD_draw_legend_box
FN:353,__fortplot_legend_MOD_draw_legend_border
FN:375,__fortplot_legend_MOD_get_ascii_marker_char
FN:411,__fortplot_legend_MOD___copy_fortplot_legend_Legend_entry_t
FN:411,__fortplot_legend_MOD___copy_fortplot_legend_Legend_t
FN:411,__fortplot_legend_MOD___final_fortplot_legend_Legend_t
FN:411,__fortplot_legend_MOD___final_fortplot_legend_Legend_entry_t
FNDA:0,__fortplot_legend_MOD___final_fortplot_legend_Legend_t
FNDA:0,__fortplot_legend_MOD___final_fortplot_legend_Legend_entry_t
FNDA:0,__fortplot_legend_MOD___copy_fortplot_legend_Legend_t
FNDA:7,__fortplot_legend_MOD_legend_set_position
FNDA:0,__fortplot_legend_MOD_get_ascii_marker_char
FNDA:39,__fortplot_legend_MOD_legend_add_entry
FNDA:15,__fortplot_legend_MOD_draw_legend_box
FNDA:15,__fortplot_legend_MOD_render_standard_legend
FNDA:0,__fortplot_legend_MOD_create_legend
FNDA:16,__fortplot_legend_MOD_calculate_legend_position
FNDA:16,__fortplot_legend_MOD_legend_render
FNDA:0,__fortplot_legend_MOD___copy_fortplot_legend_Legend_entry_t
FNDA:1,__fortplot_legend_MOD_render_ascii_legend
FNDA:15,__fortplot_legend_MOD_draw_legend_border
FNF:14
FNH:8
DA:50,0
DA:54,0
DA:55,0
DA:56,0
DA:59,39
DA:65,39
DA:69,39
DA:70,219
DA:72,39
DA:73,170
DA:77,39
DA:78,156
DA:79,39
DA:80,39
DA:82,0
DA:84,39
DA:85,39
DA:87,0
DA:91,219
DA:92,39
DA:93,78
DA:95,7
DA:100,7
DA:102,2
DA:104,2
DA:106,1
DA:108,2
DA:110,14
DA:112,7
DA:114,16
DA:124,16
DA:127,16
DA:133,1
DA:136,15
DA:138,16
DA:140,1
DA:149,4
DA:151,3
DA:152,3
DA:155,3
DA:160,3
DA:164,3
DA:167,0
DA:170,3
DA:172,4
DA:174,1
DA:176,15
DA:188,15
DA:192,15
DA:193,82
DA:194,82
DA:198,15
DA:199,15
DA:203,15
DA:206,15
DA:207,15
DA:210,15
DA:211,15
DA:212,15
DA:213,15
DA:216,15
DA:217,15
DA:220,15
DA:221,15
DA:223,82
DA:225,67
DA:226,67
DA:227,67
DA:230,67
DA:232,67
DA:237,67
DA:238,67
DA:239,67
DA:240,67
DA:244,0
DA:248,67
DA:249,67
DA:252,67
DA:257,67
DA:258,82
DA:261,15
DA:262,15
DA:264,16
DA:275,16
DA:282,1
DA:283,1
DA:284,1
DA:285,1
DA:287,1
DA:289,0
DA:290,0
DA:292,1
DA:293,1
DA:295,0
DA:296,0
DA:298,0
DA:299,0
DA:301,0
DA:302,1
DA:309,15
DA:310,15
DA:311,82
DA:312,82
DA:315,15
DA:316,15
DA:320,15
DA:323,15
DA:324,15
DA:326,15
DA:329,0
DA:330,0
DA:333,16
DA:335,15
DA:344,15
DA:345,15
DA:347,780
DA:348,765
DA:349,780
DA:351,15
DA:353,15
DA:363,14
DA:365,1
DA:369,15
DA:370,15
DA:371,15
DA:372,15
DA:373,15
DA:375,0
DA:381,0
DA:383,0
DA:385,0
DA:387,0
DA:389,0
DA:391,0
DA:393,0
DA:395,0
DA:397,0
DA:399,0
DA:401,0
DA:403,0
DA:405,0
DA:407,0
DA:409,0
DA:411,47
LF:144
LH:111
end_of_record
TN:
SF:/proj/plasma/CODE/ert/fortplotlib/src/fortplot_legend_layout.f90
FN:29,__fortplot_legend_layout_MOD_calculate_legend_box
FN:56,__fortplot_legend_layout_MOD_calculate_optimal_legend_dimensions
FN:113,__fortplot_legend_layout_MOD_get_actual_text_dimensions
FN:137,__fortplot_legend_layout_MOD_get_legend_margins
FN:149,__fortplot_legend_layout_MOD_calculate_legend_position
FN:182,__fortplot_legend_layout_MOD___copy_fortplot_legend_layout_Legend_box_t
FNDA:0,__fortplot_legend_layout_MOD___copy_fortplot_legend_layout_Legend_box_t
FNDA:30,__fortplot_legend_layout_MOD_calculate_optimal_legend_dimensions
FNDA:30,__fortplot_legend_layout_MOD_calculate_legend_box
FNDA:30,__fortplot_legend_layout_MOD_get_legend_margins
FNDA:30,__fortplot_legend_layout_MOD_calculate_legend_position
FNDA:0,__fortplot_legend_layout_MOD_get_actual_text_dimensions
FNF:6
FNH:4
DA:29,30
DA:38,30
DA:39,0
DA:40,0
DA:41,0
DA:46,30
DA:49,30
DA:52,30
DA:54,30
DA:56,30
DA:68,30
DA:72,30
DA:75,30
DA:76,30
DA:78,30
DA:79,30
DA:80,30
DA:82,164
DA:83,134
DA:84,134
DA:86,134
DA:87,134
DA:88,134
DA:89,134
DA:92,0
DA:94,134
DA:95,164
DA:99,30
DA:100,30
DA:101,30
DA:104,30
DA:108,30
DA:109,30
DA:111,30
DA:113,0
DA:122,0
DA:124,0
DA:125,0
DA:126,0
DA:127,0
DA:128,0
DA:131,0
DA:132,0
DA:135,0
DA:137,30
DA:144,30
DA:145,30
DA:147,30
DA:149,30
DA:162,34
DA:164,4
DA:165,4
DA:167,20
DA:168,20
DA:170,2
DA:171,2
DA:173,4
DA:174,4
DA:176,0
DA:177,30
DA:180,30
DA:182,0
LF:62
LH:46
end_of_record
TN:
SF:/proj/plasma/CODE/ert/fortplotlib/src/fortplot_margins.f90
FN:20,__fortplot_margins_MOD_get_axis_tick_positions
FN:49,__fortplot_margins_MOD_draw_basic_axes_frame
FNDA:0,__fortplot_margins_MOD_draw_basic_axes_frame
FNDA:42,__fortplot_margins_MOD_get_axis_tick_positions
FNF:2
FNH:1
DA:20,42
DA:21,42
DA:31,42
DA:32,42
DA:34,42
DA:35,42
DA:36,252
DA:37,252
DA:41,42
DA:42,42
DA:43,252
DA:44,252
DA:47,42
DA:49,0
DA:62,0
DA:63,0
DA:64,0
DA:65,0
DA:68,0
DA:69,0
DA:70,0
DA:71,0
DA:72,0
LF:23
LH:13
end_of_record
TN:
SF:/proj/plasma/CODE/ert/fortplotlib/src/fortplot_markers.f90
FN:24,__fortplot_markers_MOD_get_marker_size
FNDA:13901,__fortplot_markers_MOD_get_marker_size
FNF:1
FNH:1
DA:24,13901
DA:30,2
DA:32,2
DA:34,0
DA:36,0
DA:38,0
DA:40,13903
DA:42,27802
LF:8
LH:5
end_of_record
TN:
SF:/proj/plasma/CODE/ert/fortplotlib/src/fortplot_pcolormesh.f90
FN:58,__fortplot_pcolormesh_MOD_initialize_regular_grid
FN:114,__fortplot_pcolormesh_MOD_initialize_irregular_grid
FN:160,__fortplot_pcolormesh_MOD_get_data_range
FN:172,__fortplot_pcolormesh_MOD_get_quad_vertices
FN:197,__fortplot_pcolormesh_MOD_validate_pcolormesh_grid
FN:220,__fortplot_pcolormesh_MOD_create_regular_mesh_grid
FN:239,__fortplot_pcolormesh_MOD___final_fortplot_pcolormesh_Pcolormesh_t
FN:239,__fortplot_pcolormesh_MOD___copy_fortplot_pcolormesh_Pcolormesh_t
FNDA:0,__fortplot_pcolormesh_MOD___final_fortplot_pcolormesh_Pcolormesh_t
FNDA:0,__fortplot_pcolormesh_MOD___copy_fortplot_pcolormesh_Pcolormesh_t
FNDA:0,__fortplot_pcolormesh_MOD_validate_pcolormesh_grid
FNDA:6,__fortplot_pcolormesh_MOD_get_data_range
FNDA:0,__fortplot_pcolormesh_MOD_create_regular_mesh_grid
FNDA:3,__fortplot_pcolormesh_MOD_initialize_regular_grid
FNDA:0,__fortplot_pcolormesh_MOD_initialize_irregular_grid
FNDA:0,__fortplot_pcolormesh_MOD_get_quad_vertices
FNF:8
FNH:2
DA:58,3
DA:75,3
DA:76,3
DA:78,3
DA:79,0
DA:81,3
DA:82,0
DA:86,3
DA:87,3
DA:88,3
DA:90,3
DA:91,3
DA:92,3
DA:95,13
DA:96,54
DA:97,41
DA:98,51
DA:103,37
DA:106,3
DA:107,2
DA:111,3
DA:112,3
DA:114,0
DA:128,0
DA:129,0
DA:131,0
DA:132,0
DA:134,0
DA:135,0
DA:139,0
DA:140,0
DA:141,0
DA:143,0
DA:144,0
DA:145,0
DA:147,0
DA:148,0
DA:149,0
DA:152,0
DA:153,0
DA:157,0
DA:158,0
DA:160,6
DA:164,6
DA:165,68
DA:167,6
DA:168,68
DA:170,6
DA:172,0
DA:184,0
DA:185,0
DA:187,0
DA:188,0
DA:190,0
DA:191,0
DA:193,0
DA:194,0
DA:195,0
DA:197,0
DA:208,0
DA:209,0
DA:211,0
DA:212,0
DA:215,0
DA:216,0
DA:218,0
DA:220,0
DA:228,0
DA:229,0
DA:231,0
DA:232,0
DA:233,0
DA:234,0
DA:237,0
DA:239,0
LF:75
LH:26
end_of_record
TN:
SF:/proj/plasma/CODE/ert/fortplotlib/src/fortplot_pdf.f90
FN:50,__fortplot_pdf_MOD_create_pdf_canvas
FN:62,__fortplot_pdf_MOD_initialize_pdf_stream
FN:74,__fortplot_pdf_MOD_draw_pdf_line
FN:84,__fortplot_pdf_MOD_set_pdf_color
FN:91,__fortplot_pdf_MOD_set_pdf_line_width
FN:99,__fortplot_pdf_MOD_draw_pdf_text
FN:118,__fortplot_pdf_MOD_draw_pdf_text_direct
FN:135,__fortplot_pdf_MOD_draw_pdf_text_bold
FN:147,__fortplot_pdf_MOD_write_pdf_file
FN:157,__fortplot_pdf_MOD_normalize_to_pdf_coords
FN:169,__fortplot_pdf_MOD_draw_vector_line
FN:182,__fortplot_pdf_MOD_finalize_pdf_stream
FN:188,__fortplot_pdf_MOD_create_pdf_document
FN:198,__fortplot_pdf_MOD_write_pdf_structure
FN:208,__fortplot_pdf_MOD_write_all_objects
FN:220,__fortplot_pdf_MOD_write_xref_and_trailer
FN:250,__fortplot_pdf_MOD_write_catalog_object
FN:259,__fortplot_pdf_MOD_write_pages_object
FN:270,__fortplot_pdf_MOD_write_page_object
FN:285,__fortplot_pdf_MOD_write_content_object
FN:301,__fortplot_pdf_MOD_write_font_object
FN:311,__fortplot_pdf_MOD_get_position
FN:317,__fortplot_pdf_MOD_write_string_to_unit
FN:332,__fortplot_pdf_MOD_draw_pdf_axes_and_labels
FN:373,__fortplot_pdf_MOD_draw_pdf_frame
FN:391,__fortplot_pdf_MOD_draw_pdf_tick_marks
FN:419,__fortplot_pdf_MOD_draw_pdf_tick_labels
FN:469,__fortplot_pdf_MOD_draw_pdf_title_and_labels
FN:505,__fortplot_pdf_MOD_draw_vertical_text_pdf
FN:534,__fortplot_pdf_MOD_pdf_save_graphics_state
FN:540,__fortplot_pdf_MOD_pdf_restore_graphics_state
FN:547,__fortplot_pdf_MOD_draw_bold_text_isolated
FN:578,__fortplot_pdf_MOD_pdf_write_command
FN:584,__fortplot_pdf_MOD_pdf_write_move
FN:592,__fortplot_pdf_MOD_pdf_write_line
FN:600,__fortplot_pdf_MOD_pdf_write_stroke
FN:605,__fortplot_pdf_MOD_pdf_write_color
FN:613,__fortplot_pdf_MOD_pdf_write_fill_color
FN:621,__fortplot_pdf_MOD_pdf_write_line_width
FN:629,__fortplot_pdf_MOD_pdf_save_state
FN:634,__fortplot_pdf_MOD_pdf_restore_state
FN:639,__fortplot_pdf_MOD_draw_pdf_marker
FN:650,__fortplot_pdf_MOD_draw_pdf_marker_by_style
FN:671,__fortplot_pdf_MOD_pdf_set_marker_colors
FN:680,__fortplot_pdf_MOD_pdf_set_marker_colors_with_alpha
FN:690,__fortplot_pdf_MOD_draw_pdf_circle_with_outline
FN:735,__fortplot_pdf_MOD_draw_pdf_square_with_outline
FN:758,__fortplot_pdf_MOD_draw_pdf_diamond_with_outline
FN:787,__fortplot_pdf_MOD_draw_pdf_x_marker
FN:812,__fortplot_pdf_MOD___final_fortplot_pdf_Pdf_stream_writer
FN:812,__fortplot_pdf_MOD___copy_fortplot_pdf_Pdf_context
FN:812,__fortplot_pdf_MOD___final_fortplot_pdf_Pdf_context
FN:812,__fortplot_pdf_MOD___copy_fortplot_pdf_Pdf_stream_writer
FNDA:0,__fortplot_pdf_MOD_pdf_save_state
FNDA:32,__fortplot_pdf_MOD_write_string_to_unit
FNDA:1,__fortplot_pdf_MOD_create_pdf_document
FNDA:13,__fortplot_pdf_MOD_set_pdf_color
FNDA:79,__fortplot_pdf_MOD_draw_pdf_line
FNDA:0,__fortplot_pdf_MOD_pdf_set_marker_colors
FNDA:1,__fortplot_pdf_MOD_draw_pdf_title_and_labels
FNDA:1,__fortplot_pdf_MOD_write_pages_object
FNDA:1,__fortplot_pdf_MOD_finalize_pdf_stream
FNDA:14,__fortplot_pdf_MOD_draw_vector_line
FNDA:27,__fortplot_pdf_MOD_draw_pdf_marker_by_style
FNDA:1,__fortplot_pdf_MOD_draw_pdf_tick_labels
FNDA:0,__fortplot_pdf_MOD_draw_vertical_text_pdf
FNDA:1,__fortplot_pdf_MOD_draw_pdf_tick_marks
FNDA:1,__fortplot_pdf_MOD_write_page_object
FNDA:0,__fortplot_pdf_MOD___final_fortplot_pdf_Pdf_stream_writer
FNDA:1,__fortplot_pdf_MOD_write_pdf_structure
FNDA:0,__fortplot_pdf_MOD_pdf_restore_state
FNDA:1,__fortplot_pdf_MOD_write_font_object
FNDA:2,__fortplot_pdf_MOD_pdf_write_line_width
FNDA:0,__fortplot_pdf_MOD_pdf_restore_graphics_state
FNDA:1,__fortplot_pdf_MOD_write_pdf_file
FNDA:27,__fortplot_pdf_MOD_draw_pdf_marker
FNDA:1,__fortplot_pdf_MOD___copy_fortplot_pdf_Pdf_context
FNDA:1,__fortplot_pdf_MOD_draw_pdf_frame
FNDA:0,__fortplot_pdf_MOD_pdf_set_marker_colors_with_alpha
FNDA:1,__fortplot_pdf_MOD_initialize_pdf_stream
FNDA:79,__fortplot_pdf_MOD_pdf_write_stroke
FNDA:0,__fortplot_pdf_MOD_draw_bold_text_isolated
FNDA:1,__fortplot_pdf_MOD___final_fortplot_pdf_Pdf_context
FNDA:6,__fortplot_pdf_MOD_get_position
FNDA:1,__fortplot_pdf_MOD_write_xref_and_trailer
FNDA:0,__fortplot_pdf_MOD_draw_pdf_circle_with_outline
FNDA:1,__fortplot_pdf_MOD_draw_pdf_text_direct
FNDA:188,__fortplot_pdf_MOD_normalize_to_pdf_coords
FNDA:1,__fortplot_pdf_MOD_draw_pdf_axes_and_labels
FNDA:1,__fortplot_pdf_MOD_write_catalog_object
FNDA:1,__fortplot_pdf_MOD_create_pdf_canvas
FNDA:1,__fortplot_pdf_MOD_write_all_objects
FNDA:0,__fortplot_pdf_MOD_pdf_save_graphics_state
FNDA:0,__fortplot_pdf_MOD___copy_fortplot_pdf_Pdf_stream_writer
FNDA:0,__fortplot_pdf_MOD_pdf_write_fill_color
FNDA:0,__fortplot_pdf_MOD_pdf_write_command
FNDA:3,__fortplot_pdf_MOD_draw_pdf_text
FNDA:0,__fortplot_pdf_MOD_draw_pdf_diamond_with_outline
FNDA:0,__fortplot_pdf_MOD_draw_pdf_square_with_outline
FNDA:12,__fortplot_pdf_MOD_pdf_write_color
FNDA:0,__fortplot_pdf_MOD_draw_pdf_text_bold
FNDA:4,__fortplot_pdf_MOD_set_pdf_line_width
FNDA:0,__fortplot_pdf_MOD_draw_pdf_x_marker
FNDA:1,__fortplot_pdf_MOD_write_content_object
FNDA:79,__fortplot_pdf_MOD_pdf_write_line
FNDA:79,__fortplot_pdf_MOD_pdf_write_move
FNF:53
FNH:36
DA:50,1
DA:54,1
DA:55,1
DA:58,1
DA:59,1
DA:60,2
DA:62,1
DA:65,1
DA:67,1
DA:68,1
DA:69,1
DA:70,1
DA:71,1
DA:72,1
DA:74,158
DA:79,79
DA:80,79
DA:81,79
DA:82,79
DA:84,13
DA:88,13
DA:89,13
DA:91,4
DA:96,4
DA:97,4
DA:99,3
DA:106,3
DA:108,3
DA:109,3
DA:110,3
DA:111,3
DA:112,3
DA:113,3
DA:114,3
DA:115,3
DA:116,3
DA:118,1
DA:125,1
DA:126,1
DA:127,1
DA:128,1
DA:129,1
DA:130,1
DA:131,1
DA:132,1
DA:133,1
DA:135,0
DA:142,0
DA:143,0
DA:144,0
DA:145,0
DA:147,2
DA:152,1
DA:153,1
DA:154,1
DA:155,1
DA:157,188
DA:164,188
DA:166,188
DA:167,188
DA:169,14
DA:174,14
DA:175,14
DA:177,14
DA:178,14
DA:179,14
DA:180,14
DA:182,1
DA:184,1
DA:185,1
DA:188,1
DA:193,1
DA:194,1
DA:195,1
DA:196,1
DA:198,2
DA:203,1
DA:204,1
DA:205,1
DA:206,1
DA:208,1
DA:213,1
DA:214,1
DA:215,1
DA:216,1
DA:217,1
DA:218,1
DA:220,1
DA:226,1
DA:227,1
DA:228,1
DA:229,1
DA:231,1
DA:232,1
DA:233,1
DA:234,1
DA:235,1
DA:236,1
DA:237,1
DA:238,1
DA:239,1
DA:240,1
DA:242,1
DA:243,1
DA:244,1
DA:245,1
DA:246,1
DA:247,1
DA:248,1
DA:250,1
DA:253,1
DA:254,1
DA:255,1
DA:256,1
DA:257,1
DA:259,1
DA:264,1
DA:265,1
DA:266,1
DA:267,1
DA:268,1
DA:270,1
DA:276,1
DA:277,1
DA:278,1
DA:280,1
DA:281,1
DA:282,1
DA:283,1
DA:285,1
DA:291,1
DA:292,1
DA:293,1
DA:294,1
DA:295,1
DA:296,1
DA:297,1
DA:298,1
DA:299,1
DA:301,1
DA:305,1
DA:306,1
DA:307,1
DA:308,1
DA:309,1
DA:311,6
DA:313,6
DA:314,6
DA:315,6
DA:317,32
DA:321,32
DA:323,32
DA:324,20499
DA:325,20499
DA:327,32
DA:328,32
DA:329,32
DA:330,64
DA:332,1
DA:346,1
DA:349,1
DA:352,1
DA:355,1
DA:356,1
DA:358,0
DA:361,1
DA:362,1
DA:364,0
DA:366,1
DA:367,1
DA:370,1
DA:371,1
DA:373,1
DA:379,1
DA:380,1
DA:381,1
DA:382,1
DA:385,1
DA:386,1
DA:387,1
DA:388,1
DA:389,1
DA:391,1
DA:400,1
DA:401,1
DA:402,1
DA:403,1
DA:406,6
DA:407,6
DA:411,6
DA:414,5
DA:415,6
DA:417,1
DA:419,1
DA:429,1
DA:430,1
DA:433,6
DA:436,5
DA:438,5
DA:439,5
DA:440,5
DA:441,5
DA:442,5
DA:443,5
DA:444,5
DA:445,6
DA:449,6
DA:452,5
DA:456,5
DA:458,5
DA:459,5
DA:460,5
DA:461,5
DA:462,5
DA:463,5
DA:464,5
DA:465,6
DA:467,1
DA:469,1
DA:476,1
DA:478,1
DA:479,1
DA:480,0
DA:482,1
DA:485,1
DA:486,1
DA:490,1
DA:493,0
DA:495,0
DA:496,0
DA:500,1
DA:501,0
DA:503,1
DA:505,0
DA:514,0
DA:516,0
DA:519,0
DA:520,0
DA:521,0
DA:524,0
DA:525,0
DA:527,0
DA:528,0
DA:529,0
DA:530,0
DA:534,0
DA:537,0
DA:538,0
DA:540,0
DA:543,0
DA:544,0
DA:547,0
DA:556,0
DA:557,0
DA:559,0
DA:561,0
DA:563,0
DA:564,0
DA:565,0
DA:566,0
DA:567,0
DA:568,0
DA:569,0
DA:570,0
DA:571,0
DA:572,0
DA:573,0
DA:574,0
DA:578,0
DA:581,0
DA:582,0
DA:584,79
DA:588,79
DA:589,79
DA:590,79
DA:592,79
DA:596,79
DA:597,79
DA:598,79
DA:600,79
DA:602,79
DA:603,79
DA:605,12
DA:609,12
DA:610,12
DA:611,12
DA:613,0
DA:617,0
DA:618,0
DA:619,0
DA:621,2
DA:625,2
DA:626,2
DA:627,2
DA:629,0
DA:631,0
DA:632,0
DA:634,0
DA:636,0
DA:637,0
DA:639,27
DA:645,27
DA:647,27
DA:648,27
DA:650,27
DA:657,27
DA:659,0
DA:661,0
DA:663,0
DA:665,0
DA:667,27
DA:669,27
DA:671,0
DA:678,0
DA:680,0
DA:688,0
DA:690,0
DA:696,0
DA:699,0
DA:700,0
DA:704,0
DA:705,0
DA:706,0
DA:710,0
DA:711,0
DA:712,0
DA:716,0
DA:717,0
DA:718,0
DA:722,0
DA:723,0
DA:724,0
DA:729,0
DA:730,0
DA:731,0
DA:732,0
DA:733,0
DA:735,0
DA:741,0
DA:742,0
DA:746,0
DA:747,0
DA:752,0
DA:753,0
DA:754,0
DA:755,0
DA:756,0
DA:758,0
DA:764,0
DA:765,0
DA:768,0
DA:769,0
DA:770,0
DA:771,0
DA:772,0
DA:773,0
DA:774,0
DA:775,0
DA:776,0
DA:781,0
DA:782,0
DA:783,0
DA:784,0
DA:785,0
DA:787,0
DA:793,0
DA:794,0
DA:795,0
DA:798,0
DA:799,0
DA:800,0
DA:801,0
DA:802,0
DA:804,0
DA:805,0
DA:806,0
DA:807,0
DA:808,0
DA:809,0
DA:810,0
DA:812,3
LF:381
LH:249
end_of_record
TN:
SF:/proj/plasma/CODE/ert/fortplotlib/src/fortplot_pipe.f90
FN:37,__fortplot_pipe_MOD_open_ffmpeg_pipe
FN:48,__fortplot_pipe_MOD_write_png_to_pipe
FN:55,__fortplot_pipe_MOD_close_ffmpeg_pipe
FN:61,__fortplot_pipe_MOD_check_ffmpeg_available
FNDA:2,__fortplot_pipe_MOD_close_ffmpeg_pipe
FNDA:2,__fortplot_pipe_MOD_open_ffmpeg_pipe
FNDA:15,__fortplot_pipe_MOD_write_png_to_pipe
FNDA:2,__fortplot_pipe_MOD_check_ffmpeg_available
FNF:4
FNH:4
DA:37,2
DA:42,2
DA:44,2
DA:45,2
DA:46,4
DA:48,15
DA:52,15
DA:53,15
DA:55,2
DA:58,2
DA:59,2
DA:61,2
DA:64,2
DA:65,2
LF:14
LH:14
end_of_record
TN:
SF:/proj/plasma/CODE/ert/fortplotlib/src/fortplot_png.f90
FN:20,__fortplot_png_MOD_create_png_canvas
FN:30,__fortplot_png_MOD_png_finalize
FN:38,__fortplot_png_MOD_generate_png_data
FN:63,__fortplot_png_MOD_build_png_buffer
FN:105,__fortplot_png_MOD_write_png_file
FN:124,__fortplot_png_MOD_get_png_data
FN:133,__fortplot_png_MOD_write_chunk_to_buffer
FN:169,__fortplot_png_MOD_calculate_chunk_crc
FN:187,__fortplot_png_MOD_write_ihdr_chunk
FN:206,__fortplot_png_MOD_write_idat_chunk
FN:212,__fortplot_png_MOD_write_iend_chunk
FN:218,__fortplot_png_MOD_write_chunk
FN:256,__fortplot_png_MOD_to_big_endian
FN:270,__fortplot_png_MOD_calculate_crc32
FN:280,__fortplot_png_MOD___copy_fortplot_png_Png_context
FNDA:0,__fortplot_png_MOD_calculate_crc32
FNDA:44,__fortplot_png_MOD_png_finalize
FNDA:0,__fortplot_png_MOD_write_ihdr_chunk
FNDA:0,__fortplot_png_MOD_write_idat_chunk
FNDA:0,__fortplot_png_MOD_write_chunk
FNDA:0,__fortplot_png_MOD_write_iend_chunk
FNDA:50,__fortplot_png_MOD_write_png_file
FNDA:195,__fortplot_png_MOD_write_chunk_to_buffer
FNDA:65,__fortplot_png_MOD_generate_png_data
FNDA:65,__fortplot_png_MOD_build_png_buffer
FNDA:15,__fortplot_png_MOD_get_png_data
FNDA:195,__fortplot_png_MOD_calculate_chunk_crc
FNDA:71,__fortplot_png_MOD___copy_fortplot_png_Png_context
FNDA:59,__fortplot_png_MOD_create_png_canvas
FNDA:520,__fortplot_png_MOD_to_big_endian
FNF:15
FNH:10
DA:20,59
DA:25,59
DA:26,59
DA:30,44
DA:34,44
DA:35,44
DA:38,65
DA:46,65
DA:49,65
DA:50,1438562
DA:52,65
DA:53,0
DA:54,0
DA:57,65
DA:59,65
DA:60,65
DA:63,65
DA:76,65
DA:77,65
DA:79,65
DA:82,585
DA:83,65
DA:86,65
DA:87,65
DA:88,325
DA:89,325
DA:90,65
DA:91,65
DA:92,260
DA:95,65
DA:98,65
DA:101,65
DA:102,65
DA:105,50
DA:110,50
DA:113,50
DA:115,50
DA:116,50
DA:117,50
DA:119,50
DA:120,50
DA:121,100
DA:124,15
DA:129,15
DA:130,15
DA:133,195
DA:144,975
DA:147,195
DA:148,975
DA:149,195
DA:152,975
DA:153,195
DA:156,195
DA:157,1439472
DA:158,130
DA:162,195
DA:163,195
DA:164,975
DA:165,195
DA:166,195
DA:169,195
DA:174,195
DA:176,195
DA:177,975
DA:178,195
DA:179,1439472
DA:182,195
DA:183,195
DA:184,195
DA:187,0
DA:192,0
DA:193,0
DA:195,0
DA:196,0
DA:197,0
DA:198,0
DA:199,0
DA:200,0
DA:201,0
DA:203,0
DA:204,0
DA:206,0
DA:209,0
DA:210,0
DA:212,0
DA:215,0
DA:216,0
DA:218,0
DA:226,0
DA:231,0
DA:233,0
DA:234,0
DA:237,0
DA:238,0
DA:239,0
DA:240,0
DA:243,0
DA:244,0
DA:246,0
DA:247,0
DA:248,0
DA:249,0
DA:251,0
DA:253,0
DA:254,0
DA:256,520
DA:261,520
DA:262,520
DA:263,520
DA:264,520
DA:266,520
DA:267,520
DA:270,0
DA:275,0
DA:276,0
DA:280,71
LF:116
LH:75
end_of_record
TN:
SF:/proj/plasma/CODE/ert/fortplotlib/src/fortplot_raster.f90
FN:59,__fortplot_raster_MOD_create_raster_image
FN:69,__fortplot_raster_MOD_destroy_raster_image
FN:74,__fortplot_raster_MOD_raster_set_color
FN:83,__fortplot_raster_MOD_raster_get_color_bytes
FN:92,__fortplot_raster_MOD_initialize_white_background
FN:110,__fortplot_raster_MOD_color_to_byte
FN:123,__fortplot_raster_MOD_draw_line_distance_aa
FN:172,__fortplot_raster_MOD_distance_point_to_line_segment
FN:194,__fortplot_raster_MOD_blend_pixel
FN:243,__fortplot_raster_MOD_composite_image
FN:272,__fortplot_raster_MOD_composite_bitmap_to_raster
FN:305,__fortplot_raster_MOD_ipart
FN:310,__fortplot_raster_MOD_fpart
FN:315,__fortplot_raster_MOD_rfpart
FN:320,__fortplot_raster_MOD_render_text_to_bitmap
FN:348,__fortplot_raster_MOD_rotate_bitmap_90_ccw
FN:362,__fortplot_raster_MOD_rotate_bitmap_90_cw
FN:376,__fortplot_raster_MOD_bitmap_to_png_buffer
FN:395,__fortplot_raster_MOD_create_raster_canvas
FN:408,__fortplot_raster_MOD_raster_draw_line
FN:429,__fortplot_raster_MOD_raster_set_color_context
FN:436,__fortplot_raster_MOD_raster_set_line_width
FN:452,__fortplot_raster_MOD_raster_draw_text
FN:470,__fortplot_raster_MOD_raster_save_dummy
FN:480,__fortplot_raster_MOD_raster_draw_marker
FN:497,__fortplot_raster_MOD_draw_raster_marker_by_style
FN:530,__fortplot_raster_MOD_raster_set_marker_colors
FN:545,__fortplot_raster_MOD_raster_set_marker_colors_with_alpha
FN:561,__fortplot_raster_MOD_raster_fill_quad
FN:583,__fortplot_raster_MOD_draw_circle_with_edge_face
FN:652,__fortplot_raster_MOD_draw_circle_antialiased
FN:670,__fortplot_raster_MOD_draw_circle_outline_antialiased
FN:703,__fortplot_raster_MOD_draw_square_with_edge_face
FN:750,__fortplot_raster_MOD_calculate_square_distance
FN:784,__fortplot_raster_MOD_draw_diamond_with_edge_face
FN:831,__fortplot_raster_MOD_calculate_diamond_distance
FN:865,__fortplot_raster_MOD_draw_x_marker
FN:895,__fortplot_raster_MOD_draw_axes_and_labels
FN:942,__fortplot_raster_MOD_draw_raster_frame
FN:976,__fortplot_raster_MOD_draw_raster_tick_marks
FN:1002,__fortplot_raster_MOD_draw_raster_tick_labels
FN:1031,__fortplot_raster_MOD_draw_raster_title_and_xlabel
FN:1063,__fortplot_raster_MOD_draw_rotated_ylabel_raster
FN:1104,__fortplot_raster_MOD_draw_filled_quad_raster
FN:1140,__fortplot_raster_MOD_fill_triangle
FN:1181,__fortplot_raster_MOD_fill_horizontal_line
FN:1202,__fortplot_raster_MOD_initialize_raster_backend
FN:1223,__fortplot_raster_MOD___copy_fortplot_raster_Raster_context
FN:1223,__fortplot_raster_MOD___final_fortplot_raster_Raster_image_t
FN:1223,__fortplot_raster_MOD___final_fortplot_raster_Raster_context
FN:1223,__fortplot_raster_MOD___copy_fortplot_raster_Raster_image_t
FNDA:0,__fortplot_raster_MOD_composite_image
FNDA:114,__fortplot_raster_MOD_initialize_white_background
FNDA:41,__fortplot_raster_MOD_draw_axes_and_labels
FNDA:2,__fortplot_raster_MOD_draw_circle_outline_antialiased
FNDA:33,__fortplot_raster_MOD_rotate_bitmap_90_ccw
FNDA:67,__fortplot_raster_MOD_create_raster_image
FNDA:2935091,__fortplot_raster_MOD_distance_point_to_line_segment
FNDA:920,__fortplot_raster_MOD_raster_set_color_context
FNDA:13874,__fortplot_raster_MOD_raster_draw_marker
FNDA:41,__fortplot_raster_MOD_draw_raster_frame
FNDA:14085,__fortplot_raster_MOD_raster_draw_line
FNDA:0,__fortplot_raster_MOD___copy_fortplot_raster_Raster_context
FNDA:0,__fortplot_raster_MOD_fill_triangle
FNDA:706,__fortplot_raster_MOD_raster_set_line_width
FNDA:2,__fortplot_raster_MOD_draw_circle_antialiased
FNDA:0,__fortplot_raster_MOD_draw_filled_quad_raster
FNDA:0,__fortplot_raster_MOD_calculate_square_distance
FNDA:4,__fortplot_raster_MOD_rotate_bitmap_90_cw
FNDA:41,__fortplot_raster_MOD_draw_raster_title_and_xlabel
FNDA:0,__fortplot_raster_MOD_fill_horizontal_line
FNDA:0,__fortplot_raster_MOD_draw_square_with_edge_face
FNDA:864850,__fortplot_raster_MOD_blend_pixel
FNDA:84078,__fortplot_raster_MOD_color_to_byte
FNDA:0,__fortplot_raster_MOD___copy_fortplot_raster_Raster_image_t
FNDA:28024,__fortplot_raster_MOD_raster_get_color_bytes
FNDA:14659,__fortplot_raster_MOD_draw_line_distance_aa
FNDA:32,__fortplot_raster_MOD_composite_bitmap_to_raster
FNDA:32,__fortplot_raster_MOD_draw_rotated_ylabel_raster
FNDA:0,__fortplot_raster_MOD_rfpart
FNDA:0,__fortplot_raster_MOD_draw_diamond_with_edge_face
FNDA:40,__fortplot_raster_MOD_render_text_to_bitmap
FNDA:0,__fortplot_raster_MOD_calculate_diamond_distance
FNDA:0,__fortplot_raster_MOD_destroy_raster_image
FNDA:65,__fortplot_raster_MOD_raster_draw_text
FNDA:0,__fortplot_raster_MOD_raster_save_dummy
FNDA:0,__fortplot_raster_MOD_draw_x_marker
FNDA:66,__fortplot_raster_MOD_initialize_raster_backend
FNDA:41,__fortplot_raster_MOD_draw_raster_tick_labels
FNDA:0,__fortplot_raster_MOD_ipart
FNDA:961,__fortplot_raster_MOD_raster_set_color
FNDA:0,__fortplot_raster_MOD_fpart
FNDA:67,__fortplot_raster_MOD_create_raster_canvas
FNDA:0,__fortplot_raster_MOD___final_fortplot_raster_Raster_image_t
FNDA:1,__fortplot_raster_MOD_raster_set_marker_colors
FNDA:6,__fortplot_raster_MOD_bitmap_to_png_buffer
FNDA:41,__fortplot_raster_MOD_draw_raster_tick_marks
FNDA:0,__fortplot_raster_MOD_raster_set_marker_colors_with_alpha
FNDA:48,__fortplot_raster_MOD___final_fortplot_raster_Raster_context
FNDA:0,__fortplot_raster_MOD_raster_fill_quad
FNDA:2,__fortplot_raster_MOD_draw_circle_with_edge_face
FNDA:13874,__fortplot_raster_MOD_draw_raster_marker_by_style
FNF:51
FNH:32
DA:59,67
DA:63,67
DA:64,67
DA:65,67
DA:66,67
DA:67,134
DA:69,0
DA:71,0
DA:72,0
DA:74,961
DA:78,961
DA:79,961
DA:80,961
DA:81,961
DA:83,28024
DA:87,28024
DA:88,28024
DA:89,28024
DA:90,28024
DA:92,114
DA:97,114
DA:98,23530
DA:99,23416
DA:100,23416
DA:101,11593408
DA:102,11569878
DA:103,11569878
DA:104,11569878
DA:105,11593294
DA:108,114
DA:110,84078
DA:115,84078
DA:116,84078
DA:117,29510
DA:119,54568
DA:121,84078
DA:123,14659
DA:135,14659
DA:137,14659
DA:138,14659
DA:139,14659
DA:141,14659
DA:143,14217
DA:144,14217
DA:146,14217
DA:147,14217
DA:148,14217
DA:149,14217
DA:151,182541
DA:152,3117632
DA:153,2935091
DA:154,2935091
DA:156,2935091
DA:157,2935091
DA:158,263566
DA:159,2671525
DA:160,600872
DA:162,2070653
DA:165,3103415
DA:166,864424
DA:172,2935091
DA:176,2935091
DA:177,2935091
DA:178,2935091
DA:180,2935091
DA:181,0
DA:182,0
DA:185,2935091
DA:186,2935091
DA:188,2935091
DA:189,2935091
DA:191,2935091
DA:192,2935091
DA:194,864850
DA:203,864850
DA:204,864850
DA:206,864850
DA:208,864850
DA:209,263696
DA:210,263696
DA:211,263696
DA:213,601154
DA:215,601154
DA:216,601154
DA:217,601154
DA:218,601154
DA:219,601154
DA:220,601154
DA:222,601154
DA:223,601154
DA:224,601154
DA:225,601154
DA:226,601154
DA:227,601154
DA:229,601154
DA:230,601154
DA:231,601154
DA:233,601154
DA:234,601154
DA:235,601154
DA:237,601154
DA:238,601154
DA:239,601154
DA:243,0
DA:251,0
DA:252,0
DA:253,0
DA:254,0
DA:257,0
DA:259,0
DA:260,0
DA:263,0
DA:265,0
DA:270,0
DA:272,32
DA:273,32
DA:281,1142
DA:282,22232
DA:283,21090
DA:284,21090
DA:288,22200
DA:292,16300
DA:295,6208
DA:296,6208
DA:297,6208
DA:298,6208
DA:303,32
DA:305,0
DA:307,0
DA:308,0
DA:310,0
DA:312,0
DA:313,0
DA:315,0
DA:317,0
DA:318,0
DA:320,40
DA:328,40
DA:331,40
DA:332,40
DA:333,40
DA:336,834
DA:337,28271
DA:338,27437
DA:339,27437
DA:340,27437
DA:341,28231
DA:345,40
DA:346,80
DA:348,33
DA:355,672
DA:356,24149
DA:357,94547
DA:360,33
DA:362,4
DA:369,158
DA:370,7283
DA:371,28654
DA:374,4
DA:376,6
DA:383,6
DA:385,315
DA:386,13263
DA:387,12948
DA:388,12948
DA:389,12948
DA:390,13257
DA:393,6
DA:395,67
DA:399,67
DA:401,67
DA:404,67
DA:405,67
DA:406,134
DA:408,14085
DA:416,14085
DA:418,14085
DA:419,14085
DA:421,14085
DA:423,14085
DA:426,14085
DA:427,14085
DA:429,920
DA:433,920
DA:434,920
DA:436,706
DA:443,706
DA:445,692
DA:448,14
DA:450,706
DA:452,65
DA:461,65
DA:463,65
DA:465,65
DA:467,65
DA:468,65
DA:470,0
DA:476,0
DA:477,0
DA:478,0
DA:480,13874
DA:488,13874
DA:490,13874
DA:492,13874
DA:494,13874
DA:495,13874
DA:497,13874
DA:504,13874
DA:506,2
DA:511,2
DA:513,2
DA:518,0
DA:523,0
DA:526,13876
DA:528,13874
DA:530,1
DA:535,1
DA:536,1
DA:537,1
DA:538,1
DA:539,1
DA:540,1
DA:541,1
DA:542,1
DA:543,1
DA:545,0
DA:551,0
DA:552,0
DA:553,0
DA:554,0
DA:555,0
DA:556,0
DA:557,0
DA:558,0
DA:559,0
DA:561,0
DA:571,0
DA:573,0
DA:575,0
DA:580,0
DA:581,0
DA:583,2
DA:598,2
DA:599,2
DA:600,2
DA:601,2
DA:602,2
DA:603,2
DA:605,2
DA:606,2
DA:607,2
DA:608,2
DA:610,28
DA:611,366
DA:612,338
DA:615,338
DA:616,58
DA:617,280
DA:619,104
DA:620,104
DA:622,176
DA:626,338
DA:628,176
DA:629,48
DA:632,128
DA:633,128
DA:636,162
DA:640,338
DA:642,138
DA:644,364
DA:646,168
DA:650,2
DA:652,2
DA:661,2
DA:662,2
DA:663,2
DA:667,2
DA:668,2
DA:670,2
DA:680,2
DA:681,2
DA:682,2
DA:683,2
DA:685,28
DA:686,366
DA:687,338
DA:690,364
DA:691,136
DA:692,136
DA:693,136
DA:696,120
DA:701,2
DA:703,0
DA:718,0
DA:719,0
DA:720,0
DA:721,0
DA:722,0
DA:723,0
DA:725,0
DA:726,0
DA:727,0
DA:728,0
DA:729,0
DA:731,0
DA:732,0
DA:735,0
DA:738,0
DA:740,0
DA:742,0
DA:744,0
DA:748,0
DA:750,0
DA:756,0
DA:757,0
DA:758,0
DA:761,0
DA:762,0
DA:763,0
DA:765,0
DA:766,0
DA:768,0
DA:772,0
DA:773,0
DA:774,0
DA:776,0
DA:777,0
DA:780,0
DA:782,0
DA:784,0
DA:799,0
DA:800,0
DA:801,0
DA:802,0
DA:803,0
DA:804,0
DA:806,0
DA:807,0
DA:808,0
DA:809,0
DA:810,0
DA:812,0
DA:813,0
DA:816,0
DA:819,0
DA:821,0
DA:823,0
DA:825,0
DA:829,0
DA:831,0
DA:837,0
DA:838,0
DA:839,0
DA:842,0
DA:843,0
DA:844,0
DA:846,0
DA:847,0
DA:849,0
DA:853,0
DA:854,0
DA:855,0
DA:857,0
DA:858,0
DA:861,0
DA:863,0
DA:865,0
DA:874,0
DA:875,0
DA:876,0
DA:878,0
DA:879,0
DA:886,0
DA:892,0
DA:893,0
DA:895,41
DA:910,41
DA:913,41
DA:916,41
DA:919,41
DA:920,41
DA:922,0
DA:925,41
DA:926,41
DA:928,0
DA:930,41
DA:931,41
DA:934,41
DA:937,41
DA:938,16
DA:940,41
DA:942,41
DA:952,41
DA:959,41
DA:966,41
DA:973,41
DA:974,41
DA:976,41
DA:984,246
DA:990,246
DA:994,246
DA:998,246
DA:1000,41
DA:1002,41
DA:1012,246
DA:1015,205
DA:1018,246
DA:1022,246
DA:1024,205
DA:1027,246
DA:1029,41
DA:1031,41
DA:1038,41
DA:1040,27
DA:1041,27
DA:1042,0
DA:1044,27
DA:1046,27
DA:1049,27
DA:1053,41
DA:1056,16
DA:1059,16
DA:1061,41
DA:1063,32
DA:1070,32
DA:1073,32
DA:1074,32
DA:1076,32
DA:1077,32
DA:1078,32
DA:1081,32
DA:1082,65222
DA:1086,32
DA:1089,32
DA:1090,32
DA:1094,32
DA:1099,32
DA:1101,32
DA:1102,64
DA:1104,0
DA:1116,0
DA:1117,0
DA:1118,0
DA:1122,0
DA:1124,0
DA:1125,0
DA:1128,0
DA:1129,0
DA:1131,0
DA:1132,0
DA:1136,0
DA:1138,0
DA:1140,0
DA:1152,0
DA:1153,0
DA:1154,0
DA:1155,0
DA:1158,0
DA:1160,0
DA:1163,0
DA:1164,0
DA:1166,0
DA:1167,0
DA:1168,0
DA:1171,0
DA:1172,0
DA:1173,0
DA:1174,0
DA:1175,0
DA:1181,0
DA:1189,0
DA:1190,0
DA:1192,0
DA:1193,0
DA:1194,0
DA:1195,0
DA:1196,0
DA:1197,0
DA:1200,0
DA:1202,66
DA:1209,66
DA:1212,66
DA:1215,66
DA:1218,66
DA:1219,66
DA:1220,66
DA:1221,66
DA:1223,96
LF:488
LH:315
end_of_record
TN:
SF:/proj/plasma/CODE/ert/fortplotlib/src/fortplot_scales.f90
FN:17,__fortplot_scales_MOD_apply_scale_transform
FN:42,__fortplot_scales_MOD_apply_inverse_scale_transform
FN:67,__fortplot_scales_MOD_transform_x_coordinate
FN:87,__fortplot_scales_MOD_transform_y_coordinate
FN:117,__fortplot_scales_MOD_apply_log_transform
FN:130,__fortplot_scales_MOD_apply_inverse_log_transform
FN:138,__fortplot_scales_MOD_apply_symlog_transform
FN:156,__fortplot_scales_MOD_apply_inverse_symlog_transform
FNDA:0,__fortplot_scales_MOD_apply_inverse_scale_transform
FNDA:912,__fortplot_scales_MOD_apply_symlog_transform
FNDA:255,__fortplot_scales_MOD_transform_x_coordinate
FNDA:255,__fortplot_scales_MOD_transform_y_coordinate
FNDA:0,__fortplot_scales_MOD_apply_inverse_log_transform
FNDA:0,__fortplot_scales_MOD_apply_inverse_symlog_transform
FNDA:256894,__fortplot_scales_MOD_apply_scale_transform
FNDA:466,__fortplot_scales_MOD_apply_log_transform
FNF:8
FNH:5
DA:17,256894
DA:30,256894
DA:32,255516
DA:34,466
DA:36,912
DA:38,513788
DA:40,513788
DA:42,0
DA:55,0
DA:57,0
DA:59,0
DA:61,0
DA:63,0
DA:65,0
DA:67,255
DA:80,255
DA:81,255
DA:83,0
DA:85,255
DA:87,255
DA:103,255
DA:104,255
DA:106,255
DA:107,255
DA:108,254
DA:110,1
DA:113,0
DA:115,255
DA:117,466
DA:122,466
DA:123,466
DA:126,0
DA:128,466
DA:130,0
DA:135,0
DA:136,0
DA:138,912
DA:144,912
DA:146,31
DA:147,881
DA:149,550
DA:152,331
DA:154,912
DA:156,0
DA:161,0
DA:163,0
DA:164,0
DA:166,0
DA:169,0
DA:171,0
LF:50
LH:30
end_of_record
TN:
SF:/proj/plasma/CODE/ert/fortplotlib/src/fortplot_stb_truetype.f90
FN:128,__fortplot_stb_truetype_MOD_stb_init_font
FN:148,__fortplot_stb_truetype_MOD_stb_cleanup_font
FN:163,__fortplot_stb_truetype_MOD_stb_scale_for_pixel_height
FN:178,__fortplot_stb_truetype_MOD_stb_get_font_vmetrics
FN:199,__fortplot_stb_truetype_MOD_stb_get_codepoint_hmetrics
FN:219,__fortplot_stb_truetype_MOD_stb_find_glyph_index
FN:234,__fortplot_stb_truetype_MOD_stb_get_codepoint_bitmap_box
FN:256,__fortplot_stb_truetype_MOD_stb_get_codepoint_bitmap
FN:281,__fortplot_stb_truetype_MOD_stb_make_codepoint_bitmap
FN:298,__fortplot_stb_truetype_MOD_stb_free_bitmap
FN:308,__fortplot_stb_truetype_MOD___copy_fortplot_stb_truetype_Stb_fontinfo_t
FNDA:604,__fortplot_stb_truetype_MOD_stb_get_font_vmetrics
FNDA:2002,__fortplot_stb_truetype_MOD_stb_get_codepoint_bitmap
FNDA:1901,__fortplot_stb_truetype_MOD_stb_free_bitmap
FNDA:4889,__fortplot_stb_truetype_MOD_stb_get_codepoint_hmetrics
FNDA:11,__fortplot_stb_truetype_MOD_stb_cleanup_font
FNDA:1,__fortplot_stb_truetype_MOD_stb_find_glyph_index
FNDA:0,__fortplot_stb_truetype_MOD_stb_make_codepoint_bitmap
FNDA:32,__fortplot_stb_truetype_MOD_stb_scale_for_pixel_height
FNDA:1,__fortplot_stb_truetype_MOD_stb_get_codepoint_bitmap_box
FNDA:37,__fortplot_stb_truetype_MOD_stb_init_font
FNDA:0,__fortplot_stb_truetype_MOD___copy_fortplot_stb_truetype_Stb_fontinfo_t
FNF:11
FNH:9
DA:128,37
DA:136,37
DA:137,37
DA:138,37
DA:139,37
DA:142,37
DA:144,37
DA:146,74
DA:148,11
DA:152,11
DA:153,11
DA:156,11
DA:157,11
DA:158,11
DA:159,11
DA:161,11
DA:163,32
DA:169,32
DA:170,0
DA:171,0
DA:174,32
DA:176,32
DA:178,1208
DA:184,604
DA:185,0
DA:186,0
DA:187,0
DA:188,0
DA:191,604
DA:193,604
DA:194,604
DA:195,604
DA:199,9778
DA:206,4889
DA:207,0
DA:208,0
DA:209,0
DA:212,4889
DA:214,4889
DA:215,4889
DA:219,1
DA:225,1
DA:226,0
DA:227,0
DA:230,1
DA:232,1
DA:234,2
DA:242,1
DA:243,0
DA:244,0
DA:249,1
DA:251,1
DA:252,1
DA:256,2002
DA:265,2002
DA:266,0
DA:267,0
DA:268,0
DA:274,2002
DA:276,2002
DA:277,2002
DA:279,2002
DA:281,0
DA:289,0
DA:294,0
DA:298,1901
DA:302,1901
DA:303,1901
DA:306,1901
DA:308,0
LF:70
LH:50
end_of_record
TN:
SF:/proj/plasma/CODE/ert/fortplotlib/src/fortplot_streamline.f90
FN:14,__fortplot_streamline_MOD_calculate_seed_points
[...]
DA:282,259
DA:283,259
DA:286,5212
DA:287,21850
DA:288,259
DA:289,259
DA:295,131132
DA:296,16
DA:298,0
LF:123
LH:116
end_of_record
TN:
SF:/proj/plasma/CODE/ert/fortplotlib/src/fortplot_streamplot_matplotlib.f90
FN:14,__fortplot_streamplot_matplotlib_MOD_streamplot_matplotlib
FN:94,__fortplot_streamplot_matplotlib_MOD_integrate_matplotlib_style
FN:165,__fortplot_streamplot_matplotlib_MOD_integrate_direction
FN:261,__fortplot_streamplot_matplotlib_MOD_rescale_velocity_to_grid_coordinates
FN:294,__fortplot_streamplot_matplotlib_MOD_interpolate_velocity_prescaled
FN:355,__fortplot_streamplot_matplotlib_MOD_interpolate_velocity
FN:407,__fortplot_streamplot_matplotlib_MOD_start_trajectory_in_mask
FN:423,__fortplot_streamplot_matplotlib_MOD_reset_trajectory_start
FN:434,__fortplot_streamplot_matplotlib_MOD_update_trajectory_in_mask
FN:444,__fortplot_streamplot_matplotlib_MOD_update_trajectory_in_mask_with_broken_streams
FN:465,__fortplot_streamplot_matplotlib_MOD_calculate_trajectory_length
FNDA:11,__fortplot_streamplot_matplotlib_MOD_rescale_velocity_to_grid_coordinates
FNDA:0,__fortplot_streamplot_matplotlib_MOD_update_trajectory_in_mask
FNDA:8680,__fortplot_streamplot_matplotlib_MOD_integrate_direction
FNDA:28274,__fortplot_streamplot_matplotlib_MOD_update_trajectory_in_mask_with_broken_streams
FNDA:0,__fortplot_streamplot_matplotlib_MOD_interpolate_velocity
FNDA:0,__fortplot_streamplot_matplotlib_MOD_calculate_trajectory_length
FNDA:11,__fortplot_streamplot_matplotlib_MOD_streamplot_matplotlib
FNDA:4340,__fortplot_streamplot_matplotlib_MOD_reset_trajectory_start
FNDA:4340,__fortplot_streamplot_matplotlib_MOD_integrate_matplotlib_style
FNDA:60694,__fortplot_streamplot_matplotlib_MOD_interpolate_velocity_prescaled
FNDA:4340,__fortplot_streamplot_matplotlib_MOD_start_trajectory_in_mask
FNF:11
FNH:8
DA:14,11
DA:24,11
DA:27,11
DA:30,11
DA:35,11
DA:38,11
DA:39,11
DA:42,11
DA:46,99
DA:49,11
DA:52,33
DA:57,11
DA:58,11
DA:59,38254033
DA:60,19127
DA:61,11
DA:64,19127
DA:65,19116
DA:66,19116
DA:69,19127
DA:71,4340
DA:75,4340
DA:78,4340
DA:79,813
DA:82,18646
DA:83,18646
DA:84,813
DA:91,11
DA:92,11
DA:94,4340
DA:109,4340
DA:112,4340
DA:115,4340
DA:116,7819
DA:120,4340
DA:123,4340
DA:127,4340
DA:130,4340
DA:134,4340
DA:139,4340
DA:140,3479
DA:141,3479
DA:142,3479
DA:143,3479
DA:144,3479
DA:147,861
DA:150,7872
DA:151,7011
DA:152,7872
DA:156,11892
DA:157,11031
DA:158,11892
DA:161,861
DA:165,8680
DA:183,8680
DA:184,8680
DA:186,8680
DA:187,8680
DA:188,8680
DA:189,8680
DA:190,8680
DA:192,8680
DA:193,8680
DA:195,30347
DA:197,30347
DA:198,30347
DA:202,30347
DA:203,30347
DA:206,30347
DA:207,30347
DA:209,30347
DA:210,30347
DA:213,30347
DA:214,30347
DA:215,30347
DA:216,30347
DA:219,30347
DA:222,30347
DA:223,30185
DA:224,30185
DA:227,30185
DA:230,28274
DA:231,6752
DA:235,21522
DA:238,21505
DA:239,21505
DA:240,21505
DA:241,21505
DA:244,21505
DA:248,21667
DA:249,2182
DA:251,19485
DA:257,8680
DA:259,8680
DA:261,11
DA:269,11
DA:270,11
DA:272,11
DA:276,165
DA:277,3023
DA:278,2858
DA:279,3012
DA:284,165
DA:285,3023
DA:286,2858
DA:287,2858
DA:288,3012
DA:292,11
DA:294,60694
DA:306,60694
DA:307,60694
DA:310,60694
DA:311,0
DA:313,60694
DA:316,60694
DA:317,0
DA:319,60694
DA:323,60694
DA:324,60694
DA:327,60694
DA:328,60694
DA:329,60694
DA:330,60694
DA:331,60694
DA:332,60694
DA:333,60694
DA:336,60694
DA:337,60694
DA:338,60694
DA:339,60694
DA:340,60694
DA:341,60694
DA:342,60694
DA:345,60694
DA:346,60694
DA:347,60694
DA:348,60694
DA:349,60694
DA:350,60694
DA:351,60694
DA:353,60694
DA:355,0
DA:366,0
DA:367,0
DA:370,0
DA:371,0
DA:373,0
DA:376,0
DA:377,0
DA:379,0
DA:383,0
DA:384,0
DA:388,0
DA:389,0
DA:390,0
DA:391,0
DA:392,0
DA:393,0
DA:394,0
DA:397,0
DA:398,0
DA:399,0
DA:400,0
DA:401,0
DA:402,0
DA:403,0
DA:405,0
DA:407,4340
DA:414,4340
DA:415,4340
DA:416,4340
DA:417,4340
DA:419,0
DA:421,4340
DA:423,4340
DA:429,4340
DA:430,4340
DA:431,4340
DA:432,4340
DA:434,0
DA:440,0
DA:441,0
DA:442,0
DA:444,28274
DA:452,28274
DA:454,28274
DA:456,28274
DA:459,0
DA:460,0
DA:462,28274
DA:465,0
DA:473,0
DA:476,0
DA:478,0
DA:482,0
DA:484,0
DA:488,0
DA:490,0
LF:198
LH:155
end_of_record
TN:
SF:/proj/plasma/CODE/ert/fortplotlib/src/fortplot_text.f90
FN:23,__fortplot_text_MOD_init_text_system
FN:42,__fortplot_text_MOD_discover_and_init_font
FN:72,__fortplot_text_MOD_find_font_by_name
FN:93,__fortplot_text_MOD_check_helvetica_paths
FN:115,__fortplot_text_MOD_check_liberation_paths
FN:137,__fortplot_text_MOD_check_arial_paths
FN:160,__fortplot_text_MOD_check_dejavu_paths
FN:182,__fortplot_text_MOD_file_exists
FN:190,__fortplot_text_MOD_try_init_font
FN:205,__fortplot_text_MOD_cleanup_text_system
FN:214,__fortplot_text_MOD_calculate_text_width
FN:239,__fortplot_text_MOD_calculate_text_height
FN:261,__fortplot_text_MOD_render_text_to_image
FN:301,__fortplot_text_MOD_render_stb_glyph
FN:355,__fortplot_text_MOD_render_simple_character_block
FN:380,__fortplot_text_MOD_render_simple_placeholder
FN:404,__fortplot_text_MOD_render_character_bitmap
FN:436,__fortplot_text_MOD_get_character_pixel
FN:471,__fortplot_text_MOD_render_rotated_text_to_image
FN:517,__fortplot_text_MOD_get_font_metrics
FNDA:0,__fortplot_text_MOD_render_rotated_text_to_image
FNDA:178,__fortplot_text_MOD_calculate_text_height
FNDA:560,__fortplot_text_MOD_render_text_to_image
FNDA:120,__fortplot_text_MOD_file_exists
FNDA:60,__fortplot_text_MOD_init_text_system
FNDA:0,__fortplot_text_MOD_get_character_pixel
FNDA:0,__fortplot_text_MOD_render_character_bitmap
FNDA:702,__fortplot_text_MOD_calculate_text_width
FNDA:0,__fortplot_text_MOD_check_liberation_paths
FNDA:30,__fortplot_text_MOD_try_init_font
FNDA:0,__fortplot_text_MOD_check_dejavu_paths
FNDA:1900,__fortplot_text_MOD_render_stb_glyph
FNDA:30,__fortplot_text_MOD_discover_and_init_font
FNDA:0,__fortplot_text_MOD_check_arial_paths
FNDA:0,__fortplot_text_MOD_render_simple_character_block
FNDA:0,__fortplot_text_MOD_render_simple_placeholder
FNDA:30,__fortplot_text_MOD_find_font_by_name
FNDA:30,__fortplot_text_MOD_check_helvetica_paths
FNDA:425,__fortplot_text_MOD_get_font_metrics
FNDA:8,__fortplot_text_MOD_cleanup_text_system
FNF:20
FNH:12
DA:23,60
DA:27,60
DA:29,60
DA:30,30
DA:31,30
DA:34,30
DA:36,30
DA:37,0
DA:40,30
DA:42,30
DA:47,30
DA:50,30
DA:51,30
DA:52,30
DA:55,0
DA:56,0
DA:57,0
DA:60,0
DA:61,0
DA:62,0
DA:65,0
DA:66,0
DA:67,0
DA:70,0
DA:72,30
DA:78,30
DA:80,30
DA:82,30
DA:84,0
DA:86,0
DA:88,60
DA:91,60
DA:93,30
DA:99,30
DA:101,30
DA:102,30
DA:103,30
DA:104,30
DA:106,120
DA:107,120
DA:108,30
DA:109,30
DA:110,30
DA:115,0
DA:121,0
DA:123,0
DA:124,0
DA:125,0
DA:126,0
DA:128,0
DA:129,0
DA:130,0
DA:131,0
DA:132,0
DA:137,0
DA:143,0
DA:145,0
DA:146,0
DA:147,0
DA:148,0
DA:149,0
DA:151,0
DA:152,0
DA:153,0
DA:154,0
DA:155,0
DA:160,0
DA:166,0
DA:168,0
DA:169,0
DA:170,0
DA:171,0
DA:173,0
DA:174,0
DA:175,0
DA:176,0
DA:177,0
DA:182,120
DA:187,120
DA:188,240
DA:190,30
DA:195,30
DA:197,30
DA:198,30
DA:199,30
DA:200,30
DA:203,60
DA:205,8
DA:207,8
DA:208,8
DA:209,8
DA:210,8
DA:212,8
DA:214,702
DA:221,702
DA:222,17
DA:223,0
DA:224,0
DA:225,0
DA:229,702
DA:230,3589
DA:231,2887
DA:232,2887
DA:234,3589
DA:237,1404
DA:239,356
DA:245,178
DA:246,0
DA:247,0
DA:248,0
DA:253,178
DA:254,178
DA:257,178
DA:259,356
DA:261,560
DA:272,560
DA:273,1
DA:274,0
DA:275,0
DA:279,560
DA:280,560
DA:282,2561
DA:283,2001
DA:287,2001
DA:289,2001
DA:291,1900
DA:292,1900
DA:296,2001
DA:297,2561
DA:299,560
DA:301,1900
DA:309,1900
DA:314,1900
DA:315,0
DA:318,3800
DA:320,1900
DA:321,1900
DA:323,20116
DA:324,151618
DA:325,131502
DA:326,131502
DA:328,149718
DA:330,128726
DA:331,128726
DA:333,128726
DA:334,82716
DA:336,82716
DA:338,82716
DA:340,82716
DA:342,82716
DA:345,82716
DA:346,82716
DA:347,82716
DA:352,1900
DA:355,0
DA:362,0
DA:363,0
DA:364,0
DA:366,0
DA:367,0
DA:368,0
DA:369,0
DA:370,0
DA:371,0
DA:372,0
DA:373,0
DA:378,0
DA:380,0
DA:386,0
DA:389,0
DA:390,0
DA:391,0
DA:392,0
DA:393,0
DA:394,0
DA:395,0
DA:396,0
DA:401,0
DA:404,0
DA:413,0
DA:414,0
DA:415,0
DA:417,0
DA:419,0
DA:420,0
DA:421,0
DA:422,0
DA:423,0
DA:424,0
DA:425,0
DA:426,0
DA:427,0
DA:428,0
DA:434,0
DA:436,0
DA:440,0
DA:442,0
DA:445,0
DA:447,0
DA:451,0
DA:454,0
DA:458,0
DA:461,0
DA:463,0
DA:465,0
DA:467,0
DA:469,0
DA:471,0
DA:485,0
DA:486,0
DA:487,0
DA:491,0
DA:492,0
DA:493,0
DA:494,0
DA:498,0
DA:499,0
DA:502,0
DA:504,0
DA:506,0
DA:507,0
DA:511,0
DA:512,0
DA:513,0
DA:515,0
DA:517,425
DA:523,425
DA:524,425
DA:525,425
DA:526,425
DA:528,425
DA:529,0
DA:530,0
DA:534,425
DA:535,425
DA:536,425
DA:537,425
DA:538,425
DA:539,425
LF:239
LH:110
end_of_record
TN:
SF:/proj/plasma/CODE/ert/fortplotlib/src/fortplot_ticks.f90
FN:23,__fortplot_ticks_MOD_calculate_tick_labels
FN:55,__fortplot_ticks_MOD_format_tick_value
FN:86,__fortplot_ticks_MOD_calculate_tick_labels_log
FN:95,__fortplot_ticks_MOD_calculate_tick_labels_symlog
FN:105,__fortplot_ticks_MOD_calculate_nice_axis_limits
FN:127,__fortplot_ticks_MOD_remove_trailing_zeros
FN:150,__fortplot_ticks_MOD_ensure_leading_zero
FN:167,__fortplot_ticks_MOD_format_tick_value_consistent
FN:188,__fortplot_ticks_MOD_find_nice_tick_locations
FN:244,__fortplot_ticks_MOD_determine_decimal_places_from_step
FN:264,__fortplot_ticks_MOD_generate_log_tick_locations
FN:290,__fortplot_ticks_MOD_generate_log_major_ticks
FN:320,__fortplot_ticks_MOD_generate_log_subticks
FN:366,__fortplot_ticks_MOD_generate_symlog_tick_locations
FN:395,__fortplot_ticks_MOD_calculate_symlog_ticks
FN:433,__fortplot_ticks_MOD_add_positive_log_candidates
FN:453,__fortplot_ticks_MOD_add_negative_log_candidates
FN:473,__fortplot_ticks_MOD_add_linear_region_candidates
FN:499,__fortplot_ticks_MOD_sort_and_filter_candidates
FN:527,__fortplot_ticks_MOD_simple_sort
FN:546,__fortplot_ticks_MOD_generate_scale_aware_tick_labels
FN:574,__fortplot_ticks_MOD_format_tick_value_smart
FNDA:9,__fortplot_ticks_MOD_generate_log_major_ticks
FNDA:11,__fortplot_ticks_MOD_simple_sort
FNDA:11,__fortplot_ticks_MOD_sort_and_filter_candidates
FNDA:121,__fortplot_ticks_MOD_calculate_tick_labels
FNDA:151,__fortplot_ticks_MOD_format_tick_value
FNDA:11,__fortplot_ticks_MOD_calculate_symlog_ticks
FNDA:582,__fortplot_ticks_MOD_format_tick_value_smart
FNDA:0,__fortplot_ticks_MOD_format_tick_value_consistent
FNDA:11,__fortplot_ticks_MOD_calculate_tick_labels_symlog
FNDA:3,__fortplot_ticks_MOD_calculate_nice_axis_limits
FNDA:120,__fortplot_ticks_MOD_determine_decimal_places_from_step
FNDA:17,__fortplot_ticks_MOD_calculate_tick_labels_log
FNDA:10,__fortplot_ticks_MOD_add_negative_log_candidates
FNDA:11,__fortplot_ticks_MOD_add_linear_region_candidates
FNDA:17,__fortplot_ticks_MOD_generate_log_tick_locations
FNDA:10,__fortplot_ticks_MOD_add_positive_log_candidates
FNDA:84,__fortplot_ticks_MOD_generate_scale_aware_tick_labels
FNDA:123,__fortplot_ticks_MOD_find_nice_tick_locations
FNDA:483,__fortplot_ticks_MOD_remove_trailing_zeros
FNDA:554,__fortplot_ticks_MOD_ensure_leading_zero
FNDA:11,__fortplot_ticks_MOD_generate_symlog_tick_locations
FNDA:6,__fortplot_ticks_MOD_generate_log_subticks
FNF:22
FNH:21
DA:23,121
DA:32,121
DA:34,121
DA:39,120
DA:42,120
DA:45,702
DA:46,702
DA:50,554
DA:51,554
DA:55,151
DA:61,151
DA:63,151
DA:64,14
DA:65,137
DA:67,78
DA:68,59
DA:70,28
DA:71,28
DA:72,28
DA:73,31
DA:75,11
DA:76,11
DA:77,11
DA:80,20
DA:81,20
DA:82,20
DA:84,151
DA:86,17
DA:92,17
DA:93,17
DA:95,11
DA:102,11
DA:103,11
DA:105,3
DA:119,3
DA:123,3
DA:127,483
DA:132,483
DA:133,0
DA:136,1216
DA:137,1216
DA:138,733
DA:140,142
DA:145,483
DA:146,341
DA:148,483
DA:150,554
DA:153,554
DA:155,554
DA:156,554
DA:157,554
DA:158,68
DA:159,68
DA:160,486
DA:161,10
DA:162,10
DA:165,554
DA:167,0
DA:173,0
DA:174,0
DA:175,0
DA:177,0
DA:178,0
DA:180,0
DA:181,0
DA:183,0
DA:184,0
DA:186,0
DA:188,123
DA:190,123
DA:202,123
DA:203,123
DA:204,2
DA:205,2
DA:206,2
DA:210,121
DA:213,121
DA:214,121
DA:217,121
DA:218,29
DA:219,92
DA:220,17
DA:221,75
DA:222,60
DA:224,15
DA:227,121
DA:230,121
DA:231,121
DA:234,121
DA:235,121
DA:236,717
DA:237,695
DA:238,596
DA:239,596
DA:240,618
DA:244,120
DA:249,120
DA:250,73
DA:251,47
DA:252,37
DA:253,10
DA:254,4
DA:255,6
DA:256,1
DA:258,5
DA:260,120
DA:264,17
DA:274,17
DA:275,12
DA:276,2
DA:280,15
DA:281,15
DA:283,15
DA:284,6
DA:286,9
DA:290,9
DA:299,9
DA:300,9
DA:302,9
DA:303,55
DA:304,48
DA:306,46
DA:308,53
DA:309,46
DA:310,46
DA:315,17
DA:316,17
DA:318,9
DA:320,6
DA:331,6
DA:332,6
DA:334,15
DA:335,9
DA:338,9
DA:339,9
DA:340,8
DA:341,8
DA:345,52
DA:346,48
DA:348,43
DA:350,43
DA:351,4
DA:352,30
DA:353,30
DA:357,9
DA:361,8
DA:362,8
DA:364,6
DA:366,11
DA:367,11
DA:376,11
DA:377,0
DA:378,0
DA:382,11
DA:385,67
DA:386,67
DA:390,17
DA:391,17
DA:395,11
DA:396,11
DA:406,11
DA:407,11
DA:410,11
DA:411,11
DA:412,11
DA:416,11
DA:417,10
DA:421,11
DA:422,10
DA:426,11
DA:430,11
DA:431,11
DA:433,10
DA:442,10
DA:443,110
DA:444,100
DA:445,100
DA:446,14
DA:447,14
DA:449,100
DA:451,10
DA:453,10
DA:462,10
DA:463,110
DA:464,100
DA:465,100
DA:466,10
DA:467,10
DA:469,100
DA:471,10
DA:473,11
DA:482,11
DA:483,11
DA:485,11
DA:486,11
DA:487,11
DA:489,44
DA:490,33
DA:491,44
DA:492,22
DA:493,22
DA:497,11
DA:499,11
DA:500,11
DA:512,68
DA:513,11
DA:516,11
DA:517,68
DA:518,68
DA:519,57
DA:520,57
DA:521,57
DA:525,11
DA:527,11
DA:535,57
DA:536,191
DA:537,180
DA:538,69
DA:539,69
DA:540,69
DA:544,11
DA:546,84
DA:558,84
DA:559,84
DA:560,84
DA:561,84
DA:564,168
DA:566,1
DA:568,1
DA:570,168
DA:572,84
DA:574,582
DA:584,582
DA:587,582
DA:588,87
DA:589,87
DA:593,495
DA:595,32
DA:596,463
DA:598,39
DA:599,424
DA:601,88
DA:602,88
DA:603,336
DA:605,289
DA:606,289
DA:609,47
DA:610,47
DA:614,495
DA:615,0
DA:616,0
DA:618,0
DA:622,495
LF:253
LH:236
end_of_record
TN:
SF:/proj/plasma/CODE/ert/fortplotlib/src/fortplot_utils.f90
FN:22,__fortplot_utils_MOD_get_backend_from_filename
FN:55,__fortplot_utils_MOD_initialize_backend
FN:81,__fortplot_utils_MOD_to_lowercase
FNDA:49,__fortplot_utils_MOD_initialize_backend
FNDA:49,__fortplot_utils_MOD_to_lowercase
FNDA:49,__fortplot_utils_MOD_get_backend_from_filename
FNF:3
FNH:3
DA:22,49
DA:34,49
DA:36,49
DA:37,49
DA:38,98
DA:40,42
DA:42,0
DA:44,1
DA:46,6
DA:48,98
DA:51,0
DA:53,49
DA:55,49
DA:67,49
DA:69,41
DA:71,0
DA:73,1
DA:75,154
DA:77,98
DA:79,49
DA:81,49
DA:91,196
DA:92,147
DA:93,196
DA:95,0
DA:97,147
DA:100,49
LF:27
LH:23
end_of_record
TN:
SF:/proj/plasma/CODE/ert/fortplotlib/src/fortplot_vector.f90
FN:86,__fortplot_vector_MOD_initialize_vector_stream
FN:97,__fortplot_vector_MOD_add_to_vector_stream
FN:108,__fortplot_vector_MOD_draw_generic_vector_line
FN:117,__fortplot_vector_MOD_set_generic_vector_color
FN:134,__fortplot_vector_MOD_set_generic_vector_line_width
FN:144,__fortplot_vector_MOD___copy_fortplot_vector_Vector_graphics_state
FN:144,__fortplot_vector_MOD___final_fortplot_vector_Vector_stream_writer
FNDA:0,__fortplot_vector_MOD___final_fortplot_vector_Vector_stream_writer
FNDA:4,__fortplot_vector_MOD_set_generic_vector_line_width
FNDA:0,__fortplot_vector_MOD___copy_fortplot_vector_Vector_graphics_state
FNDA:369,__fortplot_vector_MOD_add_to_vector_stream
FNDA:79,__fortplot_vector_MOD_draw_generic_vector_line
FNDA:1,__fortplot_vector_MOD_initialize_vector_stream
FNDA:13,__fortplot_vector_MOD_set_generic_vector_color
FNF:7
FNH:5
DA:86,1
DA:89,1
DA:91,1
DA:92,1
DA:93,1
DA:94,1
DA:95,1
DA:97,369
DA:101,369
DA:102,369
DA:104,0
DA:106,369
DA:108,79
DA:112,79
DA:113,79
DA:114,79
DA:115,79
DA:117,13
DA:123,13
DA:126,12
DA:127,12
DA:128,12
DA:130,12
DA:132,13
DA:134,4
DA:138,4
DA:139,2
DA:140,2
DA:142,4
DA:144,369
LF:30
LH:29
end_of_record
TN:
SF:/proj/plasma/CODE/ert/fortplotlib/src/fortplot_zlib.f90
FN:90,__fortplot_zlib_MOD_crc32_calculate
FN:108,__fortplot_zlib_MOD_zlib_compress
FN:154,__fortplot_zlib_MOD_calculate_adler32
FN:175,__fortplot_zlib_MOD_deflate_compress
FN:261,__fortplot_zlib_MOD_init_fixed_huffman_tables
FN:309,__fortplot_zlib_MOD_calculate_hash
FN:324,__fortplot_zlib_MOD_update_hash_table
FN:337,__fortplot_zlib_MOD_find_longest_match
FN:384,__fortplot_zlib_MOD_write_bits
FN:409,__fortplot_zlib_MOD_encode_literal
FN:422,__fortplot_zlib_MOD_encode_length_distance
FN:453,__fortplot_zlib_MOD_get_length_code
FN:496,__fortplot_zlib_MOD_get_distance_code
FN:567,__fortplot_zlib_MOD_bit_reverse
FNDA:458490,__fortplot_zlib_MOD_encode_length_distance
FNDA:1665493,__fortplot_zlib_MOD_write_bits
FNDA:65,__fortplot_zlib_MOD_deflate_compress
FNDA:458490,__fortplot_zlib_MOD_get_distance_code
FNDA:717547,__fortplot_zlib_MOD_find_longest_match
FNDA:195,__fortplot_zlib_MOD_crc32_calculate
FNDA:33682000,__fortplot_zlib_MOD_calculate_hash
FNDA:1176102,__fortplot_zlib_MOD_bit_reverse
FNDA:65,__fortplot_zlib_MOD_calculate_adler32
FNDA:259057,__fortplot_zlib_MOD_encode_literal
FNDA:65,__fortplot_zlib_MOD_init_fixed_huffman_tables
FNDA:65,__fortplot_zlib_MOD_zlib_compress
FNDA:32964453,__fortplot_zlib_MOD_update_hash_table
FNDA:458490,__fortplot_zlib_MOD_get_length_code
FNF:14
FNH:14
DA:90,195
DA:98,195
DA:100,1440317
DA:101,1440122
DA:102,1440317
DA:105,195
DA:106,195
DA:108,65
DA:115,65
DA:121,65
DA:124,65
DA:125,65
DA:127,65
DA:130,65
DA:131,65
DA:132,65
DA:133,65
DA:136,1438172
DA:137,65
DA:140,65
DA:143,65
DA:144,65
DA:145,65
DA:146,65
DA:147,65
DA:148,65
DA:149,65
DA:151,65
DA:152,130
DA:154,65
DA:163,65
DA:164,65
DA:166,32964518
DA:168,32964453
DA:169,32964518
DA:172,65
DA:173,65
DA:175,65
DA:193,65
DA:199,65
DA:202,2129985
DA:203,2129985
DA:206,65
DA:207,65
DA:208,65
DA:211,65
DA:212,65
DA:214,65
DA:215,717612
DA:217,717547
DA:219,717547
DA:222,458490
DA:225,33163886
DA:226,33163886
DA:227,32705396
DA:228,32705396
DA:231,458490
DA:234,259057
DA:237,259057
DA:238,259057
DA:239,259057
DA:241,259057
DA:246,65
DA:249,65
DA:250,63
DA:254,65
DA:255,65
DA:256,1438172
DA:258,65
DA:259,65
DA:261,65
DA:270,65
DA:272,9425
DA:273,9360
DA:274,9360
DA:275,9425
DA:278,65
DA:280,7345
DA:281,7280
DA:282,7280
DA:283,7345
DA:286,65
DA:288,1625
DA:289,1560
DA:290,1560
DA:291,1625
DA:294,65
DA:296,455
DA:297,390
DA:298,390
DA:299,455
DA:303,2015
DA:304,1950
DA:305,2015
DA:307,65
DA:309,33682000
DA:315,33682000
DA:318,33681870
DA:320,130
DA:322,33682000
DA:324,32964453
DA:332,32964453
DA:333,32964453
DA:334,32964453
DA:335,32964453
DA:337,717547
DA:348,717547
DA:349,717547
DA:350,717547
DA:352,717547
DA:354,717547
DA:355,717547
DA:356,717547
DA:358,27420030
DA:359,27131438
DA:362,26779015
DA:363,921414033
DA:364,921414033
DA:365,894635018
DA:367,26702483
DA:371,26779015
DA:372,4109189
DA:373,4109189
DA:374,4109189
DA:378,26702483
DA:379,26702483
DA:380,26702483
DA:384,1665493
DA:392,13170143
DA:393,11504650
DA:395,11504650
DA:396,1438107
DA:399,11504650
DA:400,11504650
DA:402,13170143
DA:403,1438044
DA:404,1438044
DA:407,1665493
DA:409,259057
DA:418,259057
DA:419,259057
DA:420,259057
DA:422,458490
DA:423,458490
DA:435,458490
DA:438,458490
DA:439,458490
DA:440,158668
DA:444,458490
DA:447,458490
DA:448,458490
DA:449,330593
DA:451,458490
DA:453,458490
DA:458,458490
DA:459,0
DA:460,0
DA:461,0
DA:462,0
DA:465,458490
DA:466,223355
DA:467,223355
DA:468,223355
DA:469,235135
DA:470,28960
DA:471,28960
DA:472,28960
DA:473,206175
DA:474,28331
DA:475,28331
DA:476,28331
DA:477,177844
DA:478,32460
DA:479,32460
DA:480,32460
DA:481,145384
DA:482,45449
DA:483,45449
DA:484,45449
DA:485,99935
DA:486,23468
DA:487,23468
DA:488,23468
DA:490,76467
DA:491,76467
DA:492,76467
DA:496,458490
DA:501,458490
DA:502,0
DA:503,0
DA:504,0
DA:505,0
DA:508,458490
DA:509,127897
DA:510,127897
DA:511,127897
DA:512,330593
DA:513,447
DA:514,447
DA:515,447
DA:516,330146
DA:517,3422
DA:518,3422
DA:519,3422
DA:520,326724
DA:521,7731
DA:522,7731
DA:523,7731
DA:524,318993
DA:525,11649
DA:526,11649
DA:527,11649
DA:528,307344
DA:529,17370
DA:530,17370
DA:531,17370
DA:532,289974
DA:533,28917
DA:534,28917
DA:535,28917
DA:536,261057
DA:537,11924
DA:538,11924
DA:539,11924
DA:540,249133
DA:541,16819
DA:542,16819
DA:543,16819
DA:544,232314
DA:545,41431
DA:546,41431
DA:547,41431
DA:548,190883
DA:549,33492
DA:550,33492
DA:551,33492
DA:552,157391
DA:553,44365
DA:554,44365
DA:555,44365
DA:556,113026
DA:557,53002
DA:558,53002
DA:559,53002
DA:561,60024
DA:562,60024
DA:563,60024
DA:567,1176102
DA:573,1176102
DA:574,9030817
DA:575,9030817
DA:576,3277932
DA:579,1176102
LF:253
LH:245
end_of_record
